# JRE version: OpenJDK Runtime Environment Temurin-21.0.10+7 (21.0.10+7) (build 21.0.10+7-LTS)
# Java VM: OpenJDK 64-Bit Server VM Temurin-21.0.10+7 (21.0.10+7-LTS, mixed mode, sharing, tiered, compressed oops, compressed class ptrs, parallel gc, windows-amd64)
GC Precious Log:
 CardTable entry size: 512
 CPUs: 8 total, 8 available
 Memory: 7976M
 Large Page Support: Disabled
 NUMA Support: Disabled
 Compressed Oops: Enabled (32-bit)
 Alignments: Space 512K, Generation 512K, Heap 2M
 Heap Min Capacity: 100M
 Heap Initial Capacity: 100M
 Heap Max Capacity: 2G
 Pre-touch: Disabled
 Parallel Workers: 8
Heap:
 PSYoungGen      total 6656K, used 6164K [0x00000000d5580000, 0x00000000d5f80000, 0x0000000100000000)
  eden space 5120K, 90% used [0x00000000d5580000,0x00000000d5a09098,0x00000000d5a80000)
  from space 1536K, 98% used [0x00000000d5a80000,0x00000000d5bfc250,0x00000000d5c00000)
  to   space 2560K, 0% used [0x00000000d5d00000,0x00000000d5d00000,0x00000000d5f80000)
 ParOldGen       total 179200K, used 178693K [0x0000000080000000, 0x000000008af00000, 0x00000000d5580000)
  object space 179200K, 99% used [0x0000000080000000,0x000000008ae815c8,0x000000008af00000)
 Metaspace       used 79099K, committed 80768K, reserved 1179648K
  class space    used 9018K, committed 9728K, reserved 1048576K
GC Heap History (20 events):
Event: 54.703 GC heap before
{Heap before GC invocations=205 (full 3):
 PSYoungGen      total 6144K, used 5594K [0x00000000d5580000, 0x00000000d5c80000, 0x0000000100000000)
  eden space 5120K, 99% used [0x00000000d5580000,0x00000000d5a7ffd0,0x00000000d5a80000)
  from space 1024K, 46% used [0x00000000d5a80000,0x00000000d5af6a70,0x00000000d5b80000)
  to   space 512K, 0% used [0x00000000d5c00000,0x00000000d5c00000,0x00000000d5c80000)
 ParOldGen       total 174592K, used 174516K [0x0000000080000000, 0x000000008aa80000, 0x00000000d5580000)
  object space 174592K, 99% used [0x0000000080000000,0x000000008aa6d1e8,0x000000008aa80000)
 Metaspace       used 75928K, committed 77440K, reserved 1179648K
  class space    used 8721K, committed 9344K, reserved 1048576K
}
Event: 54.705 GC heap after
{Heap after GC invocations=205 (full 3):
 PSYoungGen      total 5632K, used 502K [0x00000000d5580000, 0x00000000d5d80000, 0x0000000100000000)
  eden space 5120K, 0% used [0x00000000d5580000,0x00000000d5580000,0x00000000d5a80000)
  from space 512K, 98% used [0x00000000d5c00000,0x00000000d5c7dbc8,0x00000000d5c80000)
  to   space 1536K, 0% used [0x00000000d5a80000,0x00000000d5a80000,0x00000000d5c00000)
 ParOldGen       total 175616K, used 175216K [0x0000000080000000, 0x000000008ab80000, 0x00000000d5580000)
  object space 175616K, 99% used [0x0000000080000000,0x000000008ab1c228,0x000000008ab80000)
 Metaspace       used 75928K, committed 77440K, reserved 1179648K
  class space    used 8721K, committed 9344K, reserved 1048576K
}
Event: 55.036 GC heap before
{Heap before GC invocations=206 (full 3):
 PSYoungGen      total 5632K, used 5622K [0x00000000d5580000, 0x00000000d5d80000, 0x0000000100000000)
  eden space 5120K, 100% used [0x00000000d5580000,0x00000000d5a80000,0x00000000d5a80000)
  from space 512K, 98% used [0x00000000d5c00000,0x00000000d5c7dbc8,0x00000000d5c80000)
  to   space 1536K, 0% used [0x00000000d5a80000,0x00000000d5a80000,0x00000000d5c00000)
 ParOldGen       total 175616K, used 175216K [0x0000000080000000, 0x000000008ab80000, 0x00000000d5580000)
  object space 175616K, 99% used [0x0000000080000000,0x000000008ab1c228,0x000000008ab80000)
 Metaspace       used 76286K, committed 77824K, reserved 1179648K
  class space    used 8749K, committed 9408K, reserved 1048576K
}
Event: 55.038 GC heap after
{Heap after GC invocations=206 (full 3):
 PSYoungGen      total 6656K, used 1408K [0x00000000d5580000, 0x00000000d5d80000, 0x0000000100000000)
  eden space 5120K, 0% used [0x00000000d5580000,0x00000000d5580000,0x00000000d5a80000)
  from space 1536K, 91% used [0x00000000d5a80000,0x00000000d5be0000,0x00000000d5c00000)
  to   space 1536K, 0% used [0x00000000d5c00000,0x00000000d5c00000,0x00000000d5d80000)
 ParOldGen       total 176128K, used 175665K [0x0000000080000000, 0x000000008ac00000, 0x00000000d5580000)
  object space 176128K, 99% used [0x0000000080000000,0x000000008ab8c730,0x000000008ac00000)
 Metaspace       used 76286K, committed 77824K, reserved 1179648K
  class space    used 8749K, committed 9408K, reserved 1048576K
}
Event: 55.568 GC heap before
{Heap before GC invocations=207 (full 3):
 PSYoungGen      total 6656K, used 6528K [0x00000000d5580000, 0x00000000d5d80000, 0x0000000100000000)
  eden space 5120K, 100% used [0x00000000d5580000,0x00000000d5a80000,0x00000000d5a80000)
  from space 1536K, 91% used [0x00000000d5a80000,0x00000000d5be0000,0x00000000d5c00000)
  to   space 1536K, 0% used [0x00000000d5c00000,0x00000000d5c00000,0x00000000d5d80000)
 ParOldGen       total 176128K, used 175665K [0x0000000080000000, 0x000000008ac00000, 0x00000000d5580000)
  object space 176128K, 99% used [0x0000000080000000,0x000000008ab8c730,0x000000008ac00000)
 Metaspace       used 76972K, committed 78528K, reserved 1179648K
  class space    used 8801K, committed 9472K, reserved 1048576K
}
Event: 55.570 GC heap after
{Heap after GC invocations=207 (full 3):
 PSYoungGen      total 6144K, used 512K [0x00000000d5580000, 0x00000000d5d00000, 0x0000000100000000)
  eden space 5120K, 0% used [0x00000000d5580000,0x00000000d5580000,0x00000000d5a80000)
  from space 1024K, 50% used [0x00000000d5c00000,0x00000000d5c80020,0x00000000d5d00000)
  to   space 1024K, 0% used [0x00000000d5b00000,0x00000000d5b00000,0x00000000d5c00000)
 ParOldGen       total 176640K, used 176425K [0x0000000080000000, 0x000000008ac80000, 0x00000000d5580000)
  object space 176640K, 99% used [0x0000000080000000,0x000000008ac4a730,0x000000008ac80000)
 Metaspace       used 76972K, committed 78528K, reserved 1179648K
  class space    used 8801K, committed 9472K, reserved 1048576K
}
Event: 55.888 GC heap before
{Heap before GC invocations=208 (full 3):
 PSYoungGen      total 6144K, used 5632K [0x00000000d5580000, 0x00000000d5d00000, 0x0000000100000000)
  eden space 5120K, 100% used [0x00000000d5580000,0x00000000d5a80000,0x00000000d5a80000)
  from space 1024K, 50% used [0x00000000d5c00000,0x00000000d5c80020,0x00000000d5d00000)
  to   space 1024K, 0% used [0x00000000d5b00000,0x00000000d5b00000,0x00000000d5c00000)
 ParOldGen       total 176640K, used 176425K [0x0000000080000000, 0x000000008ac80000, 0x00000000d5580000)
  object space 176640K, 99% used [0x0000000080000000,0x000000008ac4a730,0x000000008ac80000)
 Metaspace       used 77156K, committed 78656K, reserved 1179648K
  class space    used 8840K, committed 9472K, reserved 1048576K
}
Event: 55.890 GC heap after
{Heap after GC invocations=208 (full 3):
 PSYoungGen      total 6144K, used 1003K [0x00000000d5580000, 0x00000000d5e80000, 0x0000000100000000)
  eden space 5120K, 0% used [0x00000000d5580000,0x00000000d5580000,0x00000000d5a80000)
  from space 1024K, 97% used [0x00000000d5b00000,0x00000000d5bfac20,0x00000000d5c00000)
  to   space 2048K, 0% used [0x00000000d5c80000,0x00000000d5c80000,0x00000000d5e80000)
 ParOldGen       total 177152K, used 176939K [0x0000000080000000, 0x000000008ad00000, 0x00000000d5580000)
  object space 177152K, 99% used [0x0000000080000000,0x000000008accafd0,0x000000008ad00000)
 Metaspace       used 77156K, committed 78656K, reserved 1179648K
  class space    used 8840K, committed 9472K, reserved 1048576K
}
Event: 57.936 GC heap before
{Heap before GC invocations=209 (full 3):
 PSYoungGen      total 6144K, used 6123K [0x00000000d5580000, 0x00000000d5e80000, 0x0000000100000000)
  eden space 5120K, 100% used [0x00000000d5580000,0x00000000d5a80000,0x00000000d5a80000)
  from space 1024K, 97% used [0x00000000d5b00000,0x00000000d5bfac20,0x00000000d5c00000)
  to   space 2048K, 0% used [0x00000000d5c80000,0x00000000d5c80000,0x00000000d5e80000)
 ParOldGen       total 177152K, used 176939K [0x0000000080000000, 0x000000008ad00000, 0x00000000d5580000)
  object space 177152K, 99% used [0x0000000080000000,0x000000008accafd0,0x000000008ad00000)
 Metaspace       used 77506K, committed 79040K, reserved 1179648K
  class space    used 8871K, committed 9536K, reserved 1048576K
}
Event: 57.938 GC heap after
{Heap after GC invocations=209 (full 3):
 PSYoungGen      total 5632K, used 288K [0x00000000d5580000, 0x00000000d5d00000, 0x0000000100000000)
  eden space 5120K, 0% used [0x00000000d5580000,0x00000000d5580000,0x00000000d5a80000)
  from space 512K, 56% used [0x00000000d5c80000,0x00000000d5cc8000,0x00000000d5d00000)
  to   space 1024K, 0% used [0x00000000d5b00000,0x00000000d5b00000,0x00000000d5c00000)
 ParOldGen       total 177152K, used 177083K [0x0000000080000000, 0x000000008ad00000, 0x00000000d5580000)
  object space 177152K, 99% used [0x0000000080000000,0x000000008aceefd0,0x000000008ad00000)
 Metaspace       used 77506K, committed 79040K, reserved 1179648K
  class space    used 8871K, committed 9536K, reserved 1048576K
}
Event: 71.179 GC heap before
{Heap before GC invocations=210 (full 3):
 PSYoungGen      total 5632K, used 5408K [0x00000000d5580000, 0x00000000d5d00000, 0x0000000100000000)
  eden space 5120K, 100% used [0x00000000d5580000,0x00000000d5a80000,0x00000000d5a80000)
  from space 512K, 56% used [0x00000000d5c80000,0x00000000d5cc8000,0x00000000d5d00000)
  to   space 1024K, 0% used [0x00000000d5b00000,0x00000000d5b00000,0x00000000d5c00000)
 ParOldGen       total 177152K, used 177083K [0x0000000080000000, 0x000000008ad00000, 0x00000000d5580000)
  object space 177152K, 99% used [0x0000000080000000,0x000000008aceefd0,0x000000008ad00000)
 Metaspace       used 77861K, committed 79360K, reserved 1179648K
  class space    used 8911K, committed 9536K, reserved 1048576K
}
Event: 71.180 GC heap after
{Heap after GC invocations=210 (full 3):
 PSYoungGen      total 6144K, used 224K [0x00000000d5580000, 0x00000000d5d00000, 0x0000000100000000)
  eden space 5120K, 0% used [0x00000000d5580000,0x00000000d5580000,0x00000000d5a80000)
  from space 1024K, 21% used [0x00000000d5b00000,0x00000000d5b38000,0x00000000d5c00000)
  to   space 512K, 0% used [0x00000000d5c80000,0x00000000d5c80000,0x00000000d5d00000)
 ParOldGen       total 177664K, used 177203K [0x0000000080000000, 0x000000008ad80000, 0x00000000d5580000)
  object space 177664K, 99% used [0x0000000080000000,0x000000008ad0cfd0,0x000000008ad80000)
 Metaspace       used 77861K, committed 79360K, reserved 1179648K
  class space    used 8911K, committed 9536K, reserved 1048576K
}
Event: 105.885 GC heap before
{Heap before GC invocations=211 (full 3):
 PSYoungGen      total 6144K, used 5344K [0x00000000d5580000, 0x00000000d5d00000, 0x0000000100000000)
  eden space 5120K, 100% used [0x00000000d5580000,0x00000000d5a80000,0x00000000d5a80000)
  from space 1024K, 21% used [0x00000000d5b00000,0x00000000d5b38000,0x00000000d5c00000)
  to   space 512K, 0% used [0x00000000d5c80000,0x00000000d5c80000,0x00000000d5d00000)
 ParOldGen       total 177664K, used 177203K [0x0000000080000000, 0x000000008ad80000, 0x00000000d5580000)
  object space 177664K, 99% used [0x0000000080000000,0x000000008ad0cfd0,0x000000008ad80000)
 Metaspace       used 78232K, committed 79744K, reserved 1179648K
  class space    used 8934K, committed 9600K, reserved 1048576K
}
Event: 105.886 GC heap after
{Heap after GC invocations=211 (full 3):
 PSYoungGen      total 5632K, used 273K [0x00000000d5580000, 0x00000000d5d00000, 0x0000000100000000)
  eden space 5120K, 0% used [0x00000000d5580000,0x00000000d5580000,0x00000000d5a80000)
  from space 512K, 53% used [0x00000000d5c80000,0x00000000d5cc4610,0x00000000d5d00000)
  to   space 512K, 0% used [0x00000000d5c00000,0x00000000d5c00000,0x00000000d5c80000)
 ParOldGen       total 177664K, used 177291K [0x0000000080000000, 0x000000008ad80000, 0x00000000d5580000)
  object space 177664K, 99% used [0x0000000080000000,0x000000008ad22fd0,0x000000008ad80000)
 Metaspace       used 78232K, committed 79744K, reserved 1179648K
  class space    used 8934K, committed 9600K, reserved 1048576K
}
Event: 107.801 GC heap before
{Heap before GC invocations=212 (full 3):
 PSYoungGen      total 5632K, used 5393K [0x00000000d5580000, 0x00000000d5d00000, 0x0000000100000000)
  eden space 5120K, 100% used [0x00000000d5580000,0x00000000d5a80000,0x00000000d5a80000)
  from space 512K, 53% used [0x00000000d5c80000,0x00000000d5cc4610,0x00000000d5d00000)
  to   space 512K, 0% used [0x00000000d5c00000,0x00000000d5c00000,0x00000000d5c80000)
 ParOldGen       total 177664K, used 177291K [0x0000000080000000, 0x000000008ad80000, 0x00000000d5580000)
  object space 177664K, 99% used [0x0000000080000000,0x000000008ad22fd0,0x000000008ad80000)
 Metaspace       used 78366K, committed 79936K, reserved 1179648K
  class space    used 8947K, committed 9664K, reserved 1048576K
}
Event: 107.803 GC heap after
{Heap after GC invocations=212 (full 3):
 PSYoungGen      total 5632K, used 512K [0x00000000d5580000, 0x00000000d5d00000, 0x0000000100000000)
  eden space 5120K, 0% used [0x00000000d5580000,0x00000000d5580000,0x00000000d5a80000)
  from space 512K, 100% used [0x00000000d5c00000,0x00000000d5c80000,0x00000000d5c80000)
  to   space 512K, 0% used [0x00000000d5c80000,0x00000000d5c80000,0x00000000d5d00000)
 ParOldGen       total 177664K, used 177404K [0x0000000080000000, 0x000000008ad80000, 0x00000000d5580000)
  object space 177664K, 99% used [0x0000000080000000,0x000000008ad3f3e0,0x000000008ad80000)
 Metaspace       used 78366K, committed 79936K, reserved 1179648K
  class space    used 8947K, committed 9664K, reserved 1048576K
}
Event: 107.908 GC heap before
{Heap before GC invocations=213 (full 3):
 PSYoungGen      total 5632K, used 4938K [0x00000000d5580000, 0x00000000d5d00000, 0x0000000100000000)
  eden space 5120K, 86% used [0x00000000d5580000,0x00000000d59d2b30,0x00000000d5a80000)
  from space 512K, 100% used [0x00000000d5c00000,0x00000000d5c80000,0x00000000d5c80000)
  to   space 512K, 0% used [0x00000000d5c80000,0x00000000d5c80000,0x00000000d5d00000)
 ParOldGen       total 177664K, used 177404K [0x0000000080000000, 0x000000008ad80000, 0x00000000d5580000)
  object space 177664K, 99% used [0x0000000080000000,0x000000008ad3f3e0,0x000000008ad80000)
 Metaspace       used 78439K, committed 80064K, reserved 1179648K
  class space    used 8953K, committed 9664K, reserved 1048576K
}
Event: 107.910 GC heap after
{Heap after GC invocations=213 (full 3):
 PSYoungGen      total 5632K, used 509K [0x00000000d5580000, 0x00000000d5d80000, 0x0000000100000000)
  eden space 5120K, 0% used [0x00000000d5580000,0x00000000d5580000,0x00000000d5a80000)
  from space 512K, 99% used [0x00000000d5c80000,0x00000000d5cff5c0,0x00000000d5d00000)
  to   space 1536K, 0% used [0x00000000d5a80000,0x00000000d5a80000,0x00000000d5c00000)
 ParOldGen       total 178176K, used 178174K [0x0000000080000000, 0x000000008ae00000, 0x00000000d5580000)
  object space 178176K, 99% used [0x0000000080000000,0x000000008adffbb8,0x000000008ae00000)
 Metaspace       used 78439K, committed 80064K, reserved 1179648K
  class space    used 8953K, committed 9664K, reserved 1048576K
}
Event: 107.992 GC heap before
{Heap before GC invocations=214 (full 3):
 PSYoungGen      total 5632K, used 5629K [0x00000000d5580000, 0x00000000d5d80000, 0x0000000100000000)
  eden space 5120K, 100% used [0x00000000d5580000,0x00000000d5a80000,0x00000000d5a80000)
  from space 512K, 99% used [0x00000000d5c80000,0x00000000d5cff5c0,0x00000000d5d00000)
  to   space 1536K, 0% used [0x00000000d5a80000,0x00000000d5a80000,0x00000000d5c00000)
 ParOldGen       total 178176K, used 178174K [0x0000000080000000, 0x000000008ae00000, 0x00000000d5580000)
  object space 178176K, 99% used [0x0000000080000000,0x000000008adffbb8,0x000000008ae00000)
 Metaspace       used 78660K, committed 80256K, reserved 1179648K
  class space    used 8965K, committed 9664K, reserved 1048576K
}
Event: 107.994 GC heap after
{Heap after GC invocations=214 (full 3):
 PSYoungGen      total 6656K, used 1520K [0x00000000d5580000, 0x00000000d5f80000, 0x0000000100000000)
  eden space 5120K, 0% used [0x00000000d5580000,0x00000000d5580000,0x00000000d5a80000)
  from space 1536K, 98% used [0x00000000d5a80000,0x00000000d5bfc250,0x00000000d5c00000)
  to   space 2560K, 0% used [0x00000000d5d00000,0x00000000d5d00000,0x00000000d5f80000)
 ParOldGen       total 179200K, used 178693K [0x0000000080000000, 0x000000008af00000, 0x00000000d5580000)
  object space 179200K, 99% used [0x0000000080000000,0x000000008ae815c8,0x000000008af00000)
 Metaspace       used 78660K, committed 80256K, reserved 1179648K
  class space    used 8965K, committed 9664K, reserved 1048576K
}

