# JRE version: OpenJDK Runtime Environment Temurin-21.0.10+7 (21.0.10+7) (build 21.0.10+7-LTS)
# Java VM: OpenJDK 64-Bit Server VM Temurin-21.0.10+7 (21.0.10+7-LTS, mixed mode, sharing, tiered, compressed oops, compressed class ptrs, parallel gc, windows-amd64)
GC Precious Log:
 CardTable entry size: 512
 CPUs: 8 total, 8 available
 Memory: 7976M
 Large Page Support: Disabled
 NUMA Support: Disabled
 Compressed Oops: Enabled (32-bit)
 Alignments: Space 512K, Generation 512K, Heap 2M
 Heap Min Capacity: 100M
 Heap Initial Capacity: 100M
 Heap Max Capacity: 2G
 Pre-touch: Disabled
 Parallel Workers: 8
Heap:
 PSYoungGen      total 8704K, used 8640K [0x00000000d5580000, 0x00000000d6280000, 0x0000000100000000)
  eden space 7168K, 99% used [0x00000000d5580000,0x00000000d5c77078,0x00000000d5c80000)
  from space 1536K, 98% used [0x00000000d6100000,0x00000000d6279200,0x00000000d6280000)
  to   space 3072K, 99% used [0x00000000d5e00000,0x00000000d60fdfa0,0x00000000d6100000)
 ParOldGen       total 372736K, used 372732K [0x0000000080000000, 0x0000000096c00000, 0x00000000d5580000)
  object space 372736K, 99% used [0x0000000080000000,0x0000000096bff118,0x0000000096c00000)
 Metaspace       used 79980K, committed 81600K, reserved 1179648K
  class space    used 9620K, committed 10304K, reserved 1048576K
GC Heap History (20 events):
Event: 117.227 GC heap after
{Heap after GC invocations=530 (full 3):
 PSYoungGen      total 7168K, used 1774K [0x00000000d5580000, 0x00000000d5f80000, 0x0000000100000000)
  eden space 5120K, 0% used [0x00000000d5580000,0x00000000d5580000,0x00000000d5a80000)
  from space 2048K, 86% used [0x00000000d5a80000,0x00000000d5c3b880,0x00000000d5c80000)
  to   space 2048K, 0% used [0x00000000d5d80000,0x00000000d5d80000,0x00000000d5f80000)
 ParOldGen       total 349696K, used 349469K [0x0000000080000000, 0x0000000095580000, 0x00000000d5580000)
  object space 349696K, 99% used [0x0000000080000000,0x00000000955477e0,0x0000000095580000)
 Metaspace       used 79966K, committed 81536K, reserved 1179648K
  class space    used 9619K, committed 10304K, reserved 1048576K
}
Event: 117.236 GC heap before
{Heap before GC invocations=531 (full 3):
 PSYoungGen      total 7168K, used 6894K [0x00000000d5580000, 0x00000000d5f80000, 0x0000000100000000)
  eden space 5120K, 100% used [0x00000000d5580000,0x00000000d5a80000,0x00000000d5a80000)
  from space 2048K, 86% used [0x00000000d5a80000,0x00000000d5c3b880,0x00000000d5c80000)
  to   space 2048K, 0% used [0x00000000d5d80000,0x00000000d5d80000,0x00000000d5f80000)
 ParOldGen       total 349696K, used 349469K [0x0000000080000000, 0x0000000095580000, 0x00000000d5580000)
  object space 349696K, 99% used [0x0000000080000000,0x00000000955477e0,0x0000000095580000)
 Metaspace       used 79966K, committed 81536K, reserved 1179648K
  class space    used 9619K, committed 10304K, reserved 1048576K
}
Event: 117.238 GC heap after
{Heap after GC invocations=531 (full 3):
 PSYoungGen      total 7680K, used 2001K [0x00000000d5580000, 0x00000000d6080000, 0x0000000100000000)
  eden space 5632K, 0% used [0x00000000d5580000,0x00000000d5580000,0x00000000d5b00000)
  from space 2048K, 97% used [0x00000000d5d80000,0x00000000d5f74518,0x00000000d5f80000)
  to   space 2560K, 0% used [0x00000000d5b00000,0x00000000d5b00000,0x00000000d5d80000)
 ParOldGen       total 351232K, used 351077K [0x0000000080000000, 0x0000000095700000, 0x00000000d5580000)
  object space 351232K, 99% used [0x0000000080000000,0x00000000956d9510,0x0000000095700000)
 Metaspace       used 79966K, committed 81536K, reserved 1179648K
  class space    used 9619K, committed 10304K, reserved 1048576K
}
Event: 117.247 GC heap before
{Heap before GC invocations=532 (full 3):
 PSYoungGen      total 7680K, used 7625K [0x00000000d5580000, 0x00000000d6080000, 0x0000000100000000)
  eden space 5632K, 99% used [0x00000000d5580000,0x00000000d5afe278,0x00000000d5b00000)
  from space 2048K, 97% used [0x00000000d5d80000,0x00000000d5f74518,0x00000000d5f80000)
  to   space 2560K, 0% used [0x00000000d5b00000,0x00000000d5b00000,0x00000000d5d80000)
 ParOldGen       total 351232K, used 351077K [0x0000000080000000, 0x0000000095700000, 0x00000000d5580000)
  object space 351232K, 99% used [0x0000000080000000,0x00000000956d9510,0x0000000095700000)
 Metaspace       used 79966K, committed 81536K, reserved 1179648K
  class space    used 9619K, committed 10304K, reserved 1048576K
}
Event: 117.250 GC heap after
{Heap after GC invocations=532 (full 3):
 PSYoungGen      total 8192K, used 2235K [0x00000000d5580000, 0x00000000d6180000, 0x0000000100000000)
  eden space 5632K, 0% used [0x00000000d5580000,0x00000000d5580000,0x00000000d5b00000)
  from space 2560K, 87% used [0x00000000d5b00000,0x00000000d5d2ed78,0x00000000d5d80000)
  to   space 2560K, 0% used [0x00000000d5f00000,0x00000000d5f00000,0x00000000d6180000)
 ParOldGen       total 353280K, used 352982K [0x0000000080000000, 0x0000000095900000, 0x00000000d5580000)
  object space 353280K, 99% used [0x0000000080000000,0x00000000958b59c0,0x0000000095900000)
 Metaspace       used 79966K, committed 81536K, reserved 1179648K
  class space    used 9619K, committed 10304K, reserved 1048576K
}
Event: 117.260 GC heap before
{Heap before GC invocations=533 (full 3):
 PSYoungGen      total 8192K, used 7851K [0x00000000d5580000, 0x00000000d6180000, 0x0000000100000000)
  eden space 5632K, 99% used [0x00000000d5580000,0x00000000d5afc138,0x00000000d5b00000)
  from space 2560K, 87% used [0x00000000d5b00000,0x00000000d5d2ed78,0x00000000d5d80000)
  to   space 2560K, 0% used [0x00000000d5f00000,0x00000000d5f00000,0x00000000d6180000)
 ParOldGen       total 353280K, used 352982K [0x0000000080000000, 0x0000000095900000, 0x00000000d5580000)
  object space 353280K, 99% used [0x0000000080000000,0x00000000958b59c0,0x0000000095900000)
 Metaspace       used 79966K, committed 81536K, reserved 1179648K
  class space    used 9619K, committed 10304K, reserved 1048576K
}
Event: 117.263 GC heap after
{Heap after GC invocations=533 (full 3):
 PSYoungGen      total 9728K, used 2194K [0x00000000d5580000, 0x00000000d6180000, 0x0000000100000000)
  eden space 7168K, 0% used [0x00000000d5580000,0x00000000d5580000,0x00000000d5c80000)
  from space 2560K, 85% used [0x00000000d5f00000,0x00000000d6124a58,0x00000000d6180000)
  to   space 2560K, 0% used [0x00000000d5c80000,0x00000000d5c80000,0x00000000d5f00000)
 ParOldGen       total 355328K, used 355063K [0x0000000080000000, 0x0000000095b00000, 0x00000000d5580000)
  object space 355328K, 99% used [0x0000000080000000,0x0000000095abdf70,0x0000000095b00000)
 Metaspace       used 79966K, committed 81536K, reserved 1179648K
  class space    used 9619K, committed 10304K, reserved 1048576K
}
Event: 117.277 GC heap before
{Heap before GC invocations=534 (full 3):
 PSYoungGen      total 9728K, used 9316K [0x00000000d5580000, 0x00000000d6180000, 0x0000000100000000)
  eden space 7168K, 99% used [0x00000000d5580000,0x00000000d5c747d0,0x00000000d5c80000)
  from space 2560K, 85% used [0x00000000d5f00000,0x00000000d6124a58,0x00000000d6180000)
  to   space 2560K, 0% used [0x00000000d5c80000,0x00000000d5c80000,0x00000000d5f00000)
 ParOldGen       total 355328K, used 355063K [0x0000000080000000, 0x0000000095b00000, 0x00000000d5580000)
  object space 355328K, 99% used [0x0000000080000000,0x0000000095abdf70,0x0000000095b00000)
 Metaspace       used 79966K, committed 81536K, reserved 1179648K
  class space    used 9619K, committed 10304K, reserved 1048576K
}
Event: 118.439 GC heap after
{Heap after GC invocations=534 (full 3):
 PSYoungGen      total 9728K, used 2559K [0x00000000d5580000, 0x00000000d6900000, 0x0000000100000000)
  eden space 7168K, 0% used [0x00000000d5580000,0x00000000d5580000,0x00000000d5c80000)
  from space 2560K, 99% used [0x00000000d5c80000,0x00000000d5effc70,0x00000000d5f00000)
  to   space 5632K, 0% used [0x00000000d6380000,0x00000000d6380000,0x00000000d6900000)
 ParOldGen       total 357888K, used 357460K [0x0000000080000000, 0x0000000095d80000, 0x00000000d5580000)
  object space 357888K, 99% used [0x0000000080000000,0x0000000095d15170,0x0000000095d80000)
 Metaspace       used 79966K, committed 81536K, reserved 1179648K
  class space    used 9619K, committed 10304K, reserved 1048576K
}
Event: 118.447 GC heap before
{Heap before GC invocations=535 (full 3):
 PSYoungGen      total 9728K, used 9674K [0x00000000d5580000, 0x00000000d6900000, 0x0000000100000000)
  eden space 7168K, 99% used [0x00000000d5580000,0x00000000d5c72e28,0x00000000d5c80000)
  from space 2560K, 99% used [0x00000000d5c80000,0x00000000d5effc70,0x00000000d5f00000)
  to   space 5632K, 0% used [0x00000000d6380000,0x00000000d6380000,0x00000000d6900000)
 ParOldGen       total 357888K, used 357460K [0x0000000080000000, 0x0000000095d80000, 0x00000000d5580000)
  object space 357888K, 99% used [0x0000000080000000,0x0000000095d15170,0x0000000095d80000)
 Metaspace       used 79966K, committed 81536K, reserved 1179648K
  class space    used 9619K, committed 10304K, reserved 1048576K
}
Event: 118.450 GC heap after
{Heap after GC invocations=535 (full 3):
 PSYoungGen      total 10240K, used 2886K [0x00000000d5580000, 0x00000000d6680000, 0x0000000100000000)
  eden space 7168K, 0% used [0x00000000d5580000,0x00000000d5580000,0x00000000d5c80000)
  from space 3072K, 93% used [0x00000000d6380000,0x00000000d6651928,0x00000000d6680000)
  to   space 4096K, 0% used [0x00000000d5e80000,0x00000000d5e80000,0x00000000d6280000)
 ParOldGen       total 359936K, used 359927K [0x0000000080000000, 0x0000000095f80000, 0x00000000d5580000)
  object space 359936K, 99% used [0x0000000080000000,0x0000000095f7df90,0x0000000095f80000)
 Metaspace       used 79966K, committed 81536K, reserved 1179648K
  class space    used 9619K, committed 10304K, reserved 1048576K
}
Event: 118.456 GC heap before
{Heap before GC invocations=536 (full 3):
 PSYoungGen      total 10240K, used 10054K [0x00000000d5580000, 0x00000000d6680000, 0x0000000100000000)
  eden space 7168K, 100% used [0x00000000d5580000,0x00000000d5c80000,0x00000000d5c80000)
  from space 3072K, 93% used [0x00000000d6380000,0x00000000d6651928,0x00000000d6680000)
  to   space 4096K, 0% used [0x00000000d5e80000,0x00000000d5e80000,0x00000000d6280000)
 ParOldGen       total 359936K, used 359927K [0x0000000080000000, 0x0000000095f80000, 0x00000000d5580000)
  object space 359936K, 99% used [0x0000000080000000,0x0000000095f7df90,0x0000000095f80000)
 Metaspace       used 79966K, committed 81536K, reserved 1179648K
  class space    used 9619K, committed 10304K, reserved 1048576K
}
Event: 118.458 GC heap after
{Heap after GC invocations=536 (full 3):
 PSYoungGen      total 10240K, used 3046K [0x00000000d5580000, 0x00000000d6400000, 0x0000000100000000)
  eden space 7168K, 0% used [0x00000000d5580000,0x00000000d5580000,0x00000000d5c80000)
  from space 3072K, 99% used [0x00000000d5e80000,0x00000000d6179868,0x00000000d6180000)
  to   space 2560K, 0% used [0x00000000d6180000,0x00000000d6180000,0x00000000d6400000)
 ParOldGen       total 363008K, used 362629K [0x0000000080000000, 0x0000000096280000, 0x00000000d5580000)
  object space 363008K, 99% used [0x0000000080000000,0x0000000096221420,0x0000000096280000)
 Metaspace       used 79966K, committed 81536K, reserved 1179648K
  class space    used 9619K, committed 10304K, reserved 1048576K
}
Event: 118.467 GC heap before
{Heap before GC invocations=537 (full 3):
 PSYoungGen      total 10240K, used 10214K [0x00000000d5580000, 0x00000000d6400000, 0x0000000100000000)
  eden space 7168K, 100% used [0x00000000d5580000,0x00000000d5c80000,0x00000000d5c80000)
  from space 3072K, 99% used [0x00000000d5e80000,0x00000000d6179868,0x00000000d6180000)
  to   space 2560K, 0% used [0x00000000d6180000,0x00000000d6180000,0x00000000d6400000)
 ParOldGen       total 363008K, used 362629K [0x0000000080000000, 0x0000000096280000, 0x00000000d5580000)
  object space 363008K, 99% used [0x0000000080000000,0x0000000096221420,0x0000000096280000)
 Metaspace       used 79966K, committed 81536K, reserved 1179648K
  class space    used 9619K, committed 10304K, reserved 1048576K
}
Event: 118.469 GC heap after
{Heap after GC invocations=537 (full 3):
 PSYoungGen      total 9728K, used 2542K [0x00000000d5580000, 0x00000000d6400000, 0x0000000100000000)
  eden space 7168K, 0% used [0x00000000d5580000,0x00000000d5580000,0x00000000d5c80000)
  from space 2560K, 99% used [0x00000000d6180000,0x00000000d63fb838,0x00000000d6400000)
  to   space 3072K, 0% used [0x00000000d5e00000,0x00000000d5e00000,0x00000000d6100000)
 ParOldGen       total 366080K, used 365644K [0x0000000080000000, 0x0000000096580000, 0x00000000d5580000)
  object space 366080K, 99% used [0x0000000080000000,0x0000000096513280,0x0000000096580000)
 Metaspace       used 79966K, committed 81536K, reserved 1179648K
  class space    used 9619K, committed 10304K, reserved 1048576K
}
Event: 118.609 GC heap before
{Heap before GC invocations=538 (full 3):
 PSYoungGen      total 9728K, used 9710K [0x00000000d5580000, 0x00000000d6400000, 0x0000000100000000)
  eden space 7168K, 100% used [0x00000000d5580000,0x00000000d5c80000,0x00000000d5c80000)
  from space 2560K, 99% used [0x00000000d6180000,0x00000000d63fb838,0x00000000d6400000)
  to   space 3072K, 0% used [0x00000000d5e00000,0x00000000d5e00000,0x00000000d6100000)
 ParOldGen       total 366080K, used 365644K [0x0000000080000000, 0x0000000096580000, 0x00000000d5580000)
  object space 366080K, 99% used [0x0000000080000000,0x0000000096513280,0x0000000096580000)
 Metaspace       used 79976K, committed 81536K, reserved 1179648K
  class space    used 9619K, committed 10304K, reserved 1048576K
}
Event: 118.613 GC heap after
{Heap after GC invocations=538 (full 3):
 PSYoungGen      total 10240K, used 2664K [0x00000000d5580000, 0x00000000d6280000, 0x0000000100000000)
  eden space 7168K, 0% used [0x00000000d5580000,0x00000000d5580000,0x00000000d5c80000)
  from space 3072K, 86% used [0x00000000d5e00000,0x00000000d609a1f0,0x00000000d6100000)
  to   space 1536K, 0% used [0x00000000d6100000,0x00000000d6100000,0x00000000d6280000)
 ParOldGen       total 368128K, used 368097K [0x0000000080000000, 0x0000000096780000, 0x00000000d5580000)
  object space 368128K, 99% used [0x0000000080000000,0x0000000096778600,0x0000000096780000)
 Metaspace       used 79976K, committed 81536K, reserved 1179648K
  class space    used 9619K, committed 10304K, reserved 1048576K
}
Event: 118.807 GC heap before
{Heap before GC invocations=539 (full 3):
 PSYoungGen      total 10240K, used 9832K [0x00000000d5580000, 0x00000000d6280000, 0x0000000100000000)
  eden space 7168K, 100% used [0x00000000d5580000,0x00000000d5c80000,0x00000000d5c80000)
  from space 3072K, 86% used [0x00000000d5e00000,0x00000000d609a1f0,0x00000000d6100000)
  to   space 1536K, 0% used [0x00000000d6100000,0x00000000d6100000,0x00000000d6280000)
 ParOldGen       total 368128K, used 368097K [0x0000000080000000, 0x0000000096780000, 0x00000000d5580000)
  object space 368128K, 99% used [0x0000000080000000,0x0000000096778600,0x0000000096780000)
 Metaspace       used 79979K, committed 81536K, reserved 1179648K
  class space    used 9620K, committed 10304K, reserved 1048576K
}
Event: 120.250 GC heap after
{Heap after GC invocations=539 (full 3):
 PSYoungGen      total 8704K, used 1508K [0x00000000d5580000, 0x00000000d6280000, 0x0000000100000000)
  eden space 7168K, 0% used [0x00000000d5580000,0x00000000d5580000,0x00000000d5c80000)
  from space 1536K, 98% used [0x00000000d6100000,0x00000000d6279200,0x00000000d6280000)
  to   space 3072K, 0% used [0x00000000d5e00000,0x00000000d5e00000,0x00000000d6100000)
 ParOldGen       total 372224K, used 371844K [0x0000000080000000, 0x0000000096b80000, 0x00000000d5580000)
  object space 372224K, 99% used [0x0000000080000000,0x0000000096b213c8,0x0000000096b80000)
 Metaspace       used 79979K, committed 81536K, reserved 1179648K
  class space    used 9620K, committed 10304K, reserved 1048576K
}
Event: 120.315 GC heap before
{Heap before GC invocations=540 (full 3):
 PSYoungGen      total 8704K, used 8640K [0x00000000d5580000, 0x00000000d6280000, 0x0000000100000000)
  eden space 7168K, 99% used [0x00000000d5580000,0x00000000d5c77078,0x00000000d5c80000)
  from space 1536K, 98% used [0x00000000d6100000,0x00000000d6279200,0x00000000d6280000)
  to   space 3072K, 0% used [0x00000000d5e00000,0x00000000d5e00000,0x00000000d6100000)
 ParOldGen       total 372224K, used 371844K [0x0000000080000000, 0x0000000096b80000, 0x00000000d5580000)
  object space 372224K, 99% used [0x0000000080000000,0x0000000096b213c8,0x0000000096b80000)
 Metaspace       used 79980K, committed 81600K, reserved 1179648K
  class space    used 9620K, committed 10304K, reserved 1048576K
}

