# JRE version: OpenJDK Runtime Environment Temurin-21.0.10+7 (21.0.10+7) (build 21.0.10+7-LTS)
# Java VM: OpenJDK 64-Bit Server VM Temurin-21.0.10+7 (21.0.10+7-LTS, mixed mode, sharing, tiered, compressed oops, compressed class ptrs, parallel gc, windows-amd64)
GC Precious Log:
 CardTable entry size: 512
 CPUs: 8 total, 8 available
 Memory: 7976M
 Large Page Support: Disabled
 NUMA Support: Disabled
 Compressed Oops: Enabled (32-bit)
 Alignments: Space 512K, Generation 512K, Heap 2M
 Heap Min Capacity: 100M
 Heap Initial Capacity: 100M
 Heap Max Capacity: 2G
 Pre-touch: Disabled
 Parallel Workers: 8
Heap:
 PSYoungGen      total 18944K, used 18177K [0x00000000d5580000, 0x00000000d6a00000, 0x0000000100000000)
  eden space 17920K, 95% used [0x00000000d5580000,0x00000000d66482c0,0x00000000d6700000)
  from space 1024K, 96% used [0x00000000d6900000,0x00000000d69f84e8,0x00000000d6a00000)
  to   space 1536K, 0% used [0x00000000d6700000,0x00000000d6700000,0x00000000d6880000)
 ParOldGen       total 68608K, used 61985K [0x0000000080000000, 0x0000000084300000, 0x00000000d5580000)
  object space 68608K, 90% used [0x0000000080000000,0x0000000083c88730,0x0000000084300000)
 Metaspace       used 76269K, committed 77824K, reserved 1179648K
  class space    used 9253K, committed 9920K, reserved 1048576K
GC Heap History (20 events):
Event: 17.151 GC heap before
{Heap before GC invocations=46 (full 3):
 PSYoungGen      total 20992K, used 20736K [0x00000000d5580000, 0x00000000d6d80000, 0x0000000100000000)
  eden space 20480K, 100% used [0x00000000d5580000,0x00000000d6980000,0x00000000d6980000)
  from space 512K, 50% used [0x00000000d6d00000,0x00000000d6d40000,0x00000000d6d80000)
  to   space 512K, 0% used [0x00000000d6c80000,0x00000000d6c80000,0x00000000d6d00000)
 ParOldGen       total 68608K, used 54815K [0x0000000080000000, 0x0000000084300000, 0x00000000d5580000)
  object space 68608K, 79% used [0x0000000080000000,0x0000000083587df0,0x0000000084300000)
 Metaspace       used 64470K, committed 65856K, reserved 1114112K
  class space    used 8028K, committed 8704K, reserved 1048576K
}
Event: 17.152 GC heap after
{Heap after GC invocations=46 (full 3):
 PSYoungGen      total 20992K, used 512K [0x00000000d5580000, 0x00000000d6d80000, 0x0000000100000000)
  eden space 20480K, 0% used [0x00000000d5580000,0x00000000d5580000,0x00000000d6980000)
  from space 512K, 100% used [0x00000000d6c80000,0x00000000d6d00000,0x00000000d6d00000)
  to   space 512K, 0% used [0x00000000d6d00000,0x00000000d6d00000,0x00000000d6d80000)
 ParOldGen       total 68608K, used 55083K [0x0000000080000000, 0x0000000084300000, 0x00000000d5580000)
  object space 68608K, 80% used [0x0000000080000000,0x00000000835cacc0,0x0000000084300000)
 Metaspace       used 64470K, committed 65856K, reserved 1114112K
  class space    used 8028K, committed 8704K, reserved 1048576K
}
Event: 22.127 GC heap before
{Heap before GC invocations=47 (full 3):
 PSYoungGen      total 20992K, used 20944K [0x00000000d5580000, 0x00000000d6d80000, 0x0000000100000000)
  eden space 20480K, 99% used [0x00000000d5580000,0x00000000d6974088,0x00000000d6980000)
  from space 512K, 100% used [0x00000000d6c80000,0x00000000d6d00000,0x00000000d6d00000)
  to   space 512K, 0% used [0x00000000d6d00000,0x00000000d6d00000,0x00000000d6d80000)
 ParOldGen       total 68608K, used 55083K [0x0000000080000000, 0x0000000084300000, 0x00000000d5580000)
  object space 68608K, 80% used [0x0000000080000000,0x00000000835cacc0,0x0000000084300000)
 Metaspace       used 65866K, committed 67200K, reserved 1114112K
  class space    used 8199K, committed 8832K, reserved 1048576K
}
Event: 22.129 GC heap after
{Heap after GC invocations=47 (full 3):
 PSYoungGen      total 20992K, used 508K [0x00000000d5580000, 0x00000000d6d80000, 0x0000000100000000)
  eden space 20480K, 0% used [0x00000000d5580000,0x00000000d5580000,0x00000000d6980000)
  from space 512K, 99% used [0x00000000d6d00000,0x00000000d6d7f300,0x00000000d6d80000)
  to   space 1536K, 0% used [0x00000000d6a80000,0x00000000d6a80000,0x00000000d6c00000)
 ParOldGen       total 68608K, used 55848K [0x0000000080000000, 0x0000000084300000, 0x00000000d5580000)
  object space 68608K, 81% used [0x0000000080000000,0x000000008368a1e0,0x0000000084300000)
 Metaspace       used 65866K, committed 67200K, reserved 1114112K
  class space    used 8199K, committed 8832K, reserved 1048576K
}
Event: 22.384 GC heap before
{Heap before GC invocations=48 (full 3):
 PSYoungGen      total 20992K, used 20988K [0x00000000d5580000, 0x00000000d6d80000, 0x0000000100000000)
  eden space 20480K, 100% used [0x00000000d5580000,0x00000000d6980000,0x00000000d6980000)
  from space 512K, 99% used [0x00000000d6d00000,0x00000000d6d7f300,0x00000000d6d80000)
  to   space 1536K, 0% used [0x00000000d6a80000,0x00000000d6a80000,0x00000000d6c00000)
 ParOldGen       total 68608K, used 55848K [0x0000000080000000, 0x0000000084300000, 0x00000000d5580000)
  object space 68608K, 81% used [0x0000000080000000,0x000000008368a1e0,0x0000000084300000)
 Metaspace       used 68623K, committed 70080K, reserved 1114112K
  class space    used 8504K, committed 9152K, reserved 1048576K
}
Event: 22.386 GC heap after
{Heap after GC invocations=48 (full 3):
 PSYoungGen      total 22016K, used 1249K [0x00000000d5580000, 0x00000000d6d80000, 0x0000000100000000)
  eden space 20480K, 0% used [0x00000000d5580000,0x00000000d5580000,0x00000000d6980000)
  from space 1536K, 81% used [0x00000000d6a80000,0x00000000d6bb87a8,0x00000000d6c00000)
  to   space 1536K, 0% used [0x00000000d6c00000,0x00000000d6c00000,0x00000000d6d80000)
 ParOldGen       total 68608K, used 56220K [0x0000000080000000, 0x0000000084300000, 0x00000000d5580000)
  object space 68608K, 81% used [0x0000000080000000,0x00000000836e71f8,0x0000000084300000)
 Metaspace       used 68623K, committed 70080K, reserved 1114112K
  class space    used 8504K, committed 9152K, reserved 1048576K
}
Event: 22.526 GC heap before
{Heap before GC invocations=49 (full 3):
 PSYoungGen      total 22016K, used 21729K [0x00000000d5580000, 0x00000000d6d80000, 0x0000000100000000)
  eden space 20480K, 100% used [0x00000000d5580000,0x00000000d6980000,0x00000000d6980000)
  from space 1536K, 81% used [0x00000000d6a80000,0x00000000d6bb87a8,0x00000000d6c00000)
  to   space 1536K, 0% used [0x00000000d6c00000,0x00000000d6c00000,0x00000000d6d80000)
 ParOldGen       total 68608K, used 56220K [0x0000000080000000, 0x0000000084300000, 0x00000000d5580000)
  object space 68608K, 81% used [0x0000000080000000,0x00000000836e71f8,0x0000000084300000)
 Metaspace       used 69104K, committed 70592K, reserved 1114112K
  class space    used 8541K, committed 9216K, reserved 1048576K
}
Event: 22.528 GC heap after
{Heap after GC invocations=49 (full 3):
 PSYoungGen      total 20992K, used 1535K [0x00000000d5580000, 0x00000000d7080000, 0x0000000100000000)
  eden space 19456K, 0% used [0x00000000d5580000,0x00000000d5580000,0x00000000d6880000)
  from space 1536K, 99% used [0x00000000d6c00000,0x00000000d6d7feb8,0x00000000d6d80000)
  to   space 3584K, 0% used [0x00000000d6880000,0x00000000d6880000,0x00000000d6c00000)
 ParOldGen       total 68608K, used 57871K [0x0000000080000000, 0x0000000084300000, 0x00000000d5580000)
  object space 68608K, 84% used [0x0000000080000000,0x0000000083883c60,0x0000000084300000)
 Metaspace       used 69104K, committed 70592K, reserved 1114112K
  class space    used 8541K, committed 9216K, reserved 1048576K
}
Event: 22.589 GC heap before
{Heap before GC invocations=50 (full 3):
 PSYoungGen      total 20992K, used 20991K [0x00000000d5580000, 0x00000000d7080000, 0x0000000100000000)
  eden space 19456K, 100% used [0x00000000d5580000,0x00000000d6880000,0x00000000d6880000)
  from space 1536K, 99% used [0x00000000d6c00000,0x00000000d6d7feb8,0x00000000d6d80000)
  to   space 3584K, 0% used [0x00000000d6880000,0x00000000d6880000,0x00000000d6c00000)
 ParOldGen       total 68608K, used 57871K [0x0000000080000000, 0x0000000084300000, 0x00000000d5580000)
  object space 68608K, 84% used [0x0000000080000000,0x0000000083883c60,0x0000000084300000)
 Metaspace       used 69476K, committed 70912K, reserved 1114112K
  class space    used 8568K, committed 9216K, reserved 1048576K
}
Event: 22.590 GC heap after
{Heap after GC invocations=50 (full 3):
 PSYoungGen      total 19968K, used 224K [0x00000000d5580000, 0x00000000d6c80000, 0x0000000100000000)
  eden space 19456K, 0% used [0x00000000d5580000,0x00000000d5580000,0x00000000d6880000)
  from space 512K, 43% used [0x00000000d6880000,0x00000000d68b8000,0x00000000d6900000)
  to   space 1536K, 0% used [0x00000000d6b00000,0x00000000d6b00000,0x00000000d6c80000)
 ParOldGen       total 68608K, used 58055K [0x0000000080000000, 0x0000000084300000, 0x00000000d5580000)
  object space 68608K, 84% used [0x0000000080000000,0x00000000838b1c60,0x0000000084300000)
 Metaspace       used 69476K, committed 70912K, reserved 1114112K
  class space    used 8568K, committed 9216K, reserved 1048576K
}
Event: 22.949 GC heap before
{Heap before GC invocations=51 (full 3):
 PSYoungGen      total 19968K, used 19680K [0x00000000d5580000, 0x00000000d6c80000, 0x0000000100000000)
  eden space 19456K, 100% used [0x00000000d5580000,0x00000000d6880000,0x00000000d6880000)
  from space 512K, 43% used [0x00000000d6880000,0x00000000d68b8000,0x00000000d6900000)
  to   space 1536K, 0% used [0x00000000d6b00000,0x00000000d6b00000,0x00000000d6c80000)
 ParOldGen       total 68608K, used 58055K [0x0000000080000000, 0x0000000084300000, 0x00000000d5580000)
  object space 68608K, 84% used [0x0000000080000000,0x00000000838b1c60,0x0000000084300000)
 Metaspace       used 71053K, committed 72448K, reserved 1114112K
  class space    used 8728K, committed 9408K, reserved 1048576K
}
Event: 22.949 GC heap after
{Heap after GC invocations=51 (full 3):
 PSYoungGen      total 19968K, used 416K [0x00000000d5580000, 0x00000000d6b80000, 0x0000000100000000)
  eden space 19456K, 0% used [0x00000000d5580000,0x00000000d5580000,0x00000000d6880000)
  from space 512K, 81% used [0x00000000d6b00000,0x00000000d6b68000,0x00000000d6b80000)
  to   space 1024K, 0% used [0x00000000d6980000,0x00000000d6980000,0x00000000d6a80000)
 ParOldGen       total 68608K, used 58103K [0x0000000080000000, 0x0000000084300000, 0x00000000d5580000)
  object space 68608K, 84% used [0x0000000080000000,0x00000000838bdc60,0x0000000084300000)
 Metaspace       used 71053K, committed 72448K, reserved 1114112K
  class space    used 8728K, committed 9408K, reserved 1048576K
}
Event: 23.259 GC heap before
{Heap before GC invocations=52 (full 3):
 PSYoungGen      total 19968K, used 19836K [0x00000000d5580000, 0x00000000d6b80000, 0x0000000100000000)
  eden space 19456K, 99% used [0x00000000d5580000,0x00000000d68770b8,0x00000000d6880000)
  from space 512K, 81% used [0x00000000d6b00000,0x00000000d6b68000,0x00000000d6b80000)
  to   space 1024K, 0% used [0x00000000d6980000,0x00000000d6980000,0x00000000d6a80000)
 ParOldGen       total 68608K, used 58103K [0x0000000080000000, 0x0000000084300000, 0x00000000d5580000)
  object space 68608K, 84% used [0x0000000080000000,0x00000000838bdc60,0x0000000084300000)
 Metaspace       used 72332K, committed 73792K, reserved 1114112K
  class space    used 8867K, committed 9536K, reserved 1048576K
}
Event: 23.260 GC heap after
{Heap after GC invocations=52 (full 3):
 PSYoungGen      total 20480K, used 1002K [0x00000000d5580000, 0x00000000d6c80000, 0x0000000100000000)
  eden space 19456K, 0% used [0x00000000d5580000,0x00000000d5580000,0x00000000d6880000)
  from space 1024K, 97% used [0x00000000d6980000,0x00000000d6a7aa98,0x00000000d6a80000)
  to   space 2048K, 0% used [0x00000000d6a80000,0x00000000d6a80000,0x00000000d6c80000)
 ParOldGen       total 68608K, used 58503K [0x0000000080000000, 0x0000000084300000, 0x00000000d5580000)
  object space 68608K, 85% used [0x0000000080000000,0x0000000083921c60,0x0000000084300000)
 Metaspace       used 72332K, committed 73792K, reserved 1114112K
  class space    used 8867K, committed 9536K, reserved 1048576K
}
Event: 23.525 GC heap before
{Heap before GC invocations=53 (full 3):
 PSYoungGen      total 20480K, used 20458K [0x00000000d5580000, 0x00000000d6c80000, 0x0000000100000000)
  eden space 19456K, 100% used [0x00000000d5580000,0x00000000d6880000,0x00000000d6880000)
  from space 1024K, 97% used [0x00000000d6980000,0x00000000d6a7aa98,0x00000000d6a80000)
  to   space 2048K, 0% used [0x00000000d6a80000,0x00000000d6a80000,0x00000000d6c80000)
 ParOldGen       total 68608K, used 58503K [0x0000000080000000, 0x0000000084300000, 0x00000000d5580000)
  object space 68608K, 85% used [0x0000000080000000,0x0000000083921c60,0x0000000084300000)
 Metaspace       used 74195K, committed 75712K, reserved 1179648K
  class space    used 9055K, committed 9728K, reserved 1048576K
}
Event: 23.528 GC heap after
{Heap after GC invocations=53 (full 3):
 PSYoungGen      total 19968K, used 2047K [0x00000000d5580000, 0x00000000d6f80000, 0x0000000100000000)
  eden space 17920K, 0% used [0x00000000d5580000,0x00000000d5580000,0x00000000d6700000)
  from space 2048K, 99% used [0x00000000d6a80000,0x00000000d6c7fe90,0x00000000d6c80000)
  to   space 3584K, 0% used [0x00000000d6700000,0x00000000d6700000,0x00000000d6a80000)
 ParOldGen       total 68608K, used 59523K [0x0000000080000000, 0x0000000084300000, 0x00000000d5580000)
  object space 68608K, 86% used [0x0000000080000000,0x0000000083a20f80,0x0000000084300000)
 Metaspace       used 74195K, committed 75712K, reserved 1179648K
  class space    used 9055K, committed 9728K, reserved 1048576K
}
Event: 23.725 GC heap before
{Heap before GC invocations=54 (full 3):
 PSYoungGen      total 19968K, used 19967K [0x00000000d5580000, 0x00000000d6f80000, 0x0000000100000000)
  eden space 17920K, 100% used [0x00000000d5580000,0x00000000d6700000,0x00000000d6700000)
  from space 2048K, 99% used [0x00000000d6a80000,0x00000000d6c7fe90,0x00000000d6c80000)
  to   space 3584K, 0% used [0x00000000d6700000,0x00000000d6700000,0x00000000d6a80000)
 ParOldGen       total 68608K, used 59523K [0x0000000080000000, 0x0000000084300000, 0x00000000d5580000)
  object space 68608K, 86% used [0x0000000080000000,0x0000000083a20f80,0x0000000084300000)
 Metaspace       used 75424K, committed 76928K, reserved 1179648K
  class space    used 9192K, committed 9856K, reserved 1048576K
}
Event: 23.728 GC heap after
{Heap after GC invocations=54 (full 3):
 PSYoungGen      total 18944K, used 865K [0x00000000d5580000, 0x00000000d6b00000, 0x0000000100000000)
  eden space 17920K, 0% used [0x00000000d5580000,0x00000000d5580000,0x00000000d6700000)
  from space 1024K, 84% used [0x00000000d6700000,0x00000000d67d8730,0x00000000d6800000)
  to   space 2048K, 0% used [0x00000000d6900000,0x00000000d6900000,0x00000000d6b00000)
 ParOldGen       total 68608K, used 61448K [0x0000000080000000, 0x0000000084300000, 0x00000000d5580000)
  object space 68608K, 89% used [0x0000000080000000,0x0000000083c02340,0x0000000084300000)
 Metaspace       used 75424K, committed 76928K, reserved 1179648K
  class space    used 9192K, committed 9856K, reserved 1048576K
}
Event: 23.873 GC heap before
{Heap before GC invocations=55 (full 3):
 PSYoungGen      total 18944K, used 18785K [0x00000000d5580000, 0x00000000d6b00000, 0x0000000100000000)
  eden space 17920K, 100% used [0x00000000d5580000,0x00000000d6700000,0x00000000d6700000)
  from space 1024K, 84% used [0x00000000d6700000,0x00000000d67d8730,0x00000000d6800000)
  to   space 2048K, 0% used [0x00000000d6900000,0x00000000d6900000,0x00000000d6b00000)
 ParOldGen       total 68608K, used 61448K [0x0000000080000000, 0x0000000084300000, 0x00000000d5580000)
  object space 68608K, 89% used [0x0000000080000000,0x0000000083c02340,0x0000000084300000)
 Metaspace       used 75649K, committed 77248K, reserved 1179648K
  class space    used 9213K, committed 9920K, reserved 1048576K
}
Event: 23.874 GC heap after
{Heap after GC invocations=55 (full 3):
 PSYoungGen      total 18944K, used 993K [0x00000000d5580000, 0x00000000d6a00000, 0x0000000100000000)
  eden space 17920K, 0% used [0x00000000d5580000,0x00000000d5580000,0x00000000d6700000)
  from space 1024K, 96% used [0x00000000d6900000,0x00000000d69f84e8,0x00000000d6a00000)
  to   space 1536K, 0% used [0x00000000d6700000,0x00000000d6700000,0x00000000d6880000)
 ParOldGen       total 68608K, used 61985K [0x0000000080000000, 0x0000000084300000, 0x00000000d5580000)
  object space 68608K, 90% used [0x0000000080000000,0x0000000083c88730,0x0000000084300000)
 Metaspace       used 75649K, committed 77248K, reserved 1179648K
  class space    used 9213K, committed 9920K, reserved 1048576K
}

