# JRE version: OpenJDK Runtime Environment Temurin-21.0.10+7 (21.0.10+7) (build 21.0.10+7-LTS)
# Java VM: OpenJDK 64-Bit Server VM Temurin-21.0.10+7 (21.0.10+7-LTS, mixed mode, sharing, tiered, compressed oops, compressed class ptrs, parallel gc, windows-amd64)
GC Precious Log:
 CardTable entry size: 512
 CPUs: 8 total, 8 available
 Memory: 7976M
 Large Page Support: Disabled
 NUMA Support: Disabled
 Compressed Oops: Enabled (32-bit)
 Alignments: Space 512K, Generation 512K, Heap 2M
 Heap Min Capacity: 100M
 Heap Initial Capacity: 100M
 Heap Max Capacity: 2G
 Pre-touch: Disabled
 Parallel Workers: 8
Heap:
 PSYoungGen      total 18944K, used 16330K [0x00000000d5580000, 0x00000000d6e80000, 0x0000000100000000)
  eden space 18432K, 85% used [0x00000000d5580000,0x00000000d64f50e8,0x00000000d6780000)
  from space 512K, 98% used [0x00000000d6d80000,0x00000000d6dfd750,0x00000000d6e00000)
  to   space 512K, 0% used [0x00000000d6e00000,0x00000000d6e00000,0x00000000d6e80000)
 ParOldGen       total 175616K, used 175185K [0x0000000080000000, 0x000000008ab80000, 0x00000000d5580000)
  object space 175616K, 99% used [0x0000000080000000,0x000000008ab14720,0x000000008ab80000)
 Metaspace       used 83479K, committed 85120K, reserved 1179648K
  class space    used 9964K, committed 10688K, reserved 1048576K
GC Heap History (20 events):
Event: 154.091 GC heap before
{Heap before GC invocations=83 (full 3):
 PSYoungGen      total 19456K, used 18626K [0x00000000d5580000, 0x00000000d7400000, 0x0000000100000000)
  eden space 15360K, 99% used [0x00000000d5580000,0x00000000d647ffd0,0x00000000d6480000)
  from space 4096K, 79% used [0x00000000d6c00000,0x00000000d6f308f0,0x00000000d7000000)
  to   space 3584K, 0% used [0x00000000d7080000,0x00000000d7080000,0x00000000d7400000)
 ParOldGen       total 169984K, used 169982K [0x0000000080000000, 0x000000008a600000, 0x00000000d5580000)
  object space 169984K, 99% used [0x0000000080000000,0x000000008a5ffa68,0x000000008a600000)
 Metaspace       used 76822K, committed 78400K, reserved 1179648K
  class space    used 8747K, committed 9408K, reserved 1048576K
}
Event: 154.093 GC heap after
{Heap after GC invocations=83 (full 3):
 PSYoungGen      total 15872K, used 256K [0x00000000d5580000, 0x00000000d7100000, 0x0000000100000000)
  eden space 15360K, 0% used [0x00000000d5580000,0x00000000d5580000,0x00000000d6480000)
  from space 512K, 50% used [0x00000000d7080000,0x00000000d70c0000,0x00000000d7100000)
  to   space 1536K, 0% used [0x00000000d6e00000,0x00000000d6e00000,0x00000000d6f80000)
 ParOldGen       total 171008K, used 170516K [0x0000000080000000, 0x000000008a700000, 0x00000000d5580000)
  object space 171008K, 99% used [0x0000000080000000,0x000000008a685390,0x000000008a700000)
 Metaspace       used 76822K, committed 78400K, reserved 1179648K
  class space    used 8747K, committed 9408K, reserved 1048576K
}
Event: 328.435 GC heap before
{Heap before GC invocations=84 (full 3):
 PSYoungGen      total 15872K, used 15616K [0x00000000d5580000, 0x00000000d7100000, 0x0000000100000000)
  eden space 15360K, 100% used [0x00000000d5580000,0x00000000d6480000,0x00000000d6480000)
  from space 512K, 50% used [0x00000000d7080000,0x00000000d70c0000,0x00000000d7100000)
  to   space 1536K, 0% used [0x00000000d6e00000,0x00000000d6e00000,0x00000000d6f80000)
 ParOldGen       total 171008K, used 170516K [0x0000000080000000, 0x000000008a700000, 0x00000000d5580000)
  object space 171008K, 99% used [0x0000000080000000,0x000000008a685390,0x000000008a700000)
 Metaspace       used 77567K, committed 79168K, reserved 1179648K
  class space    used 8823K, committed 9536K, reserved 1048576K
}
Event: 328.437 GC heap after
{Heap after GC invocations=84 (full 3):
 PSYoungGen      total 16896K, used 1511K [0x00000000d5580000, 0x00000000d7100000, 0x0000000100000000)
  eden space 15360K, 0% used [0x00000000d5580000,0x00000000d5580000,0x00000000d6480000)
  from space 1536K, 98% used [0x00000000d6e00000,0x00000000d6f79f20,0x00000000d6f80000)
  to   space 1536K, 0% used [0x00000000d6f80000,0x00000000d6f80000,0x00000000d7100000)
 ParOldGen       total 171520K, used 171289K [0x0000000080000000, 0x000000008a780000, 0x00000000d5580000)
  object space 171520K, 99% used [0x0000000080000000,0x000000008a746448,0x000000008a780000)
 Metaspace       used 77567K, committed 79168K, reserved 1179648K
  class space    used 8823K, committed 9536K, reserved 1048576K
}
Event: 334.978 GC heap before
{Heap before GC invocations=85 (full 3):
 PSYoungGen      total 16896K, used 16871K [0x00000000d5580000, 0x00000000d7100000, 0x0000000100000000)
  eden space 15360K, 100% used [0x00000000d5580000,0x00000000d6480000,0x00000000d6480000)
  from space 1536K, 98% used [0x00000000d6e00000,0x00000000d6f79f20,0x00000000d6f80000)
  to   space 1536K, 0% used [0x00000000d6f80000,0x00000000d6f80000,0x00000000d7100000)
 ParOldGen       total 171520K, used 171289K [0x0000000080000000, 0x000000008a780000, 0x00000000d5580000)
  object space 171520K, 99% used [0x0000000080000000,0x000000008a746448,0x000000008a780000)
 Metaspace       used 77913K, committed 79552K, reserved 1179648K
  class space    used 8859K, committed 9536K, reserved 1048576K
}
Event: 334.980 GC heap after
{Heap after GC invocations=85 (full 3):
 PSYoungGen      total 16896K, used 1511K [0x00000000d5580000, 0x00000000d7100000, 0x0000000100000000)
  eden space 15360K, 0% used [0x00000000d5580000,0x00000000d5580000,0x00000000d6480000)
  from space 1536K, 98% used [0x00000000d6f80000,0x00000000d70f9f08,0x00000000d7100000)
  to   space 2048K, 0% used [0x00000000d6d00000,0x00000000d6d00000,0x00000000d6f00000)
 ParOldGen       total 172032K, used 171557K [0x0000000080000000, 0x000000008a800000, 0x00000000d5580000)
  object space 172032K, 99% used [0x0000000080000000,0x000000008a789770,0x000000008a800000)
 Metaspace       used 77913K, committed 79552K, reserved 1179648K
  class space    used 8859K, committed 9536K, reserved 1048576K
}
Event: 335.188 GC heap before
{Heap before GC invocations=86 (full 3):
 PSYoungGen      total 16896K, used 16871K [0x00000000d5580000, 0x00000000d7100000, 0x0000000100000000)
  eden space 15360K, 100% used [0x00000000d5580000,0x00000000d6480000,0x00000000d6480000)
  from space 1536K, 98% used [0x00000000d6f80000,0x00000000d70f9f08,0x00000000d7100000)
  to   space 2048K, 0% used [0x00000000d6d00000,0x00000000d6d00000,0x00000000d6f00000)
 ParOldGen       total 172032K, used 171557K [0x0000000080000000, 0x000000008a800000, 0x00000000d5580000)
  object space 172032K, 99% used [0x0000000080000000,0x000000008a789770,0x000000008a800000)
 Metaspace       used 78931K, committed 80512K, reserved 1179648K
  class space    used 9034K, committed 9728K, reserved 1048576K
}
Event: 335.191 GC heap after
{Heap after GC invocations=86 (full 3):
 PSYoungGen      total 16384K, used 754K [0x00000000d5580000, 0x00000000d7000000, 0x0000000100000000)
  eden space 15360K, 0% used [0x00000000d5580000,0x00000000d5580000,0x00000000d6480000)
  from space 1024K, 73% used [0x00000000d6d00000,0x00000000d6dbc8f8,0x00000000d6e00000)
  to   space 1536K, 0% used [0x00000000d6e80000,0x00000000d6e80000,0x00000000d7000000)
 ParOldGen       total 173056K, used 172949K [0x0000000080000000, 0x000000008a900000, 0x00000000d5580000)
  object space 173056K, 99% used [0x0000000080000000,0x000000008a8e57f8,0x000000008a900000)
 Metaspace       used 78931K, committed 80512K, reserved 1179648K
  class space    used 9034K, committed 9728K, reserved 1048576K
}
Event: 335.724 GC heap before
{Heap before GC invocations=87 (full 3):
 PSYoungGen      total 16384K, used 16114K [0x00000000d5580000, 0x00000000d7000000, 0x0000000100000000)
  eden space 15360K, 100% used [0x00000000d5580000,0x00000000d6480000,0x00000000d6480000)
  from space 1024K, 73% used [0x00000000d6d00000,0x00000000d6dbc8f8,0x00000000d6e00000)
  to   space 1536K, 0% used [0x00000000d6e80000,0x00000000d6e80000,0x00000000d7000000)
 ParOldGen       total 173056K, used 172949K [0x0000000080000000, 0x000000008a900000, 0x00000000d5580000)
  object space 173056K, 99% used [0x0000000080000000,0x000000008a8e57f8,0x000000008a900000)
 Metaspace       used 80014K, committed 81600K, reserved 1179648K
  class space    used 9236K, committed 9920K, reserved 1048576K
}
Event: 335.730 GC heap after
{Heap after GC invocations=87 (full 3):
 PSYoungGen      total 16384K, used 771K [0x00000000d5580000, 0x00000000d6f80000, 0x0000000100000000)
  eden space 15360K, 0% used [0x00000000d5580000,0x00000000d5580000,0x00000000d6480000)
  from space 1024K, 75% used [0x00000000d6e80000,0x00000000d6f40f20,0x00000000d6f80000)
  to   space 1024K, 0% used [0x00000000d6d00000,0x00000000d6d00000,0x00000000d6e00000)
 ParOldGen       total 174080K, used 173608K [0x0000000080000000, 0x000000008aa00000, 0x00000000d5580000)
  object space 174080K, 99% used [0x0000000080000000,0x000000008a98a3b8,0x000000008aa00000)
 Metaspace       used 80014K, committed 81600K, reserved 1179648K
  class space    used 9236K, committed 9920K, reserved 1048576K
}
Event: 336.016 GC heap before
{Heap before GC invocations=88 (full 3):
 PSYoungGen      total 16384K, used 16131K [0x00000000d5580000, 0x00000000d6f80000, 0x0000000100000000)
  eden space 15360K, 100% used [0x00000000d5580000,0x00000000d6480000,0x00000000d6480000)
  from space 1024K, 75% used [0x00000000d6e80000,0x00000000d6f40f20,0x00000000d6f80000)
  to   space 1024K, 0% used [0x00000000d6d00000,0x00000000d6d00000,0x00000000d6e00000)
 ParOldGen       total 174080K, used 173608K [0x0000000080000000, 0x000000008aa00000, 0x00000000d5580000)
  object space 174080K, 99% used [0x0000000080000000,0x000000008a98a3b8,0x000000008aa00000)
 Metaspace       used 81017K, committed 82624K, reserved 1179648K
  class space    used 9461K, committed 10176K, reserved 1048576K
}
Event: 336.017 GC heap after
{Heap after GC invocations=88 (full 3):
 PSYoungGen      total 16384K, used 352K [0x00000000d5580000, 0x00000000d6f00000, 0x0000000100000000)
  eden space 15360K, 0% used [0x00000000d5580000,0x00000000d5580000,0x00000000d6480000)
  from space 1024K, 34% used [0x00000000d6d00000,0x00000000d6d58000,0x00000000d6e00000)
  to   space 1024K, 0% used [0x00000000d6e00000,0x00000000d6e00000,0x00000000d6f00000)
 ParOldGen       total 174080K, used 173720K [0x0000000080000000, 0x000000008aa00000, 0x00000000d5580000)
  object space 174080K, 99% used [0x0000000080000000,0x000000008a9a63b8,0x000000008aa00000)
 Metaspace       used 81017K, committed 82624K, reserved 1179648K
  class space    used 9461K, committed 10176K, reserved 1048576K
}
Event: 337.140 GC heap before
{Heap before GC invocations=89 (full 3):
 PSYoungGen      total 16384K, used 15712K [0x00000000d5580000, 0x00000000d6f00000, 0x0000000100000000)
  eden space 15360K, 100% used [0x00000000d5580000,0x00000000d6480000,0x00000000d6480000)
  from space 1024K, 34% used [0x00000000d6d00000,0x00000000d6d58000,0x00000000d6e00000)
  to   space 1024K, 0% used [0x00000000d6e00000,0x00000000d6e00000,0x00000000d6f00000)
 ParOldGen       total 174080K, used 173720K [0x0000000080000000, 0x000000008aa00000, 0x00000000d5580000)
  object space 174080K, 99% used [0x0000000080000000,0x000000008a9a63b8,0x000000008aa00000)
 Metaspace       used 81705K, committed 83392K, reserved 1179648K
  class space    used 9639K, committed 10368K, reserved 1048576K
}
Event: 337.142 GC heap after
{Heap after GC invocations=89 (full 3):
 PSYoungGen      total 16384K, used 615K [0x00000000d5580000, 0x00000000d6f00000, 0x0000000100000000)
  eden space 15360K, 0% used [0x00000000d5580000,0x00000000d5580000,0x00000000d6480000)
  from space 1024K, 60% used [0x00000000d6e00000,0x00000000d6e99e58,0x00000000d6f00000)
  to   space 1024K, 0% used [0x00000000d6d00000,0x00000000d6d00000,0x00000000d6e00000)
 ParOldGen       total 174080K, used 173888K [0x0000000080000000, 0x000000008aa00000, 0x00000000d5580000)
  object space 174080K, 99% used [0x0000000080000000,0x000000008a9d00b8,0x000000008aa00000)
 Metaspace       used 81705K, committed 83392K, reserved 1179648K
  class space    used 9639K, committed 10368K, reserved 1048576K
}
Event: 338.239 GC heap before
{Heap before GC invocations=90 (full 3):
 PSYoungGen      total 16384K, used 15975K [0x00000000d5580000, 0x00000000d6f00000, 0x0000000100000000)
  eden space 15360K, 100% used [0x00000000d5580000,0x00000000d6480000,0x00000000d6480000)
  from space 1024K, 60% used [0x00000000d6e00000,0x00000000d6e99e58,0x00000000d6f00000)
  to   space 1024K, 0% used [0x00000000d6d00000,0x00000000d6d00000,0x00000000d6e00000)
 ParOldGen       total 174080K, used 173888K [0x0000000080000000, 0x000000008aa00000, 0x00000000d5580000)
  object space 174080K, 99% used [0x0000000080000000,0x000000008a9d00b8,0x000000008aa00000)
 Metaspace       used 82439K, committed 84032K, reserved 1179648K
  class space    used 9814K, committed 10496K, reserved 1048576K
}
Event: 338.240 GC heap after
{Heap after GC invocations=90 (full 3):
 PSYoungGen      total 16384K, used 288K [0x00000000d5580000, 0x00000000d6e80000, 0x0000000100000000)
  eden space 15360K, 0% used [0x00000000d5580000,0x00000000d5580000,0x00000000d6480000)
  from space 1024K, 28% used [0x00000000d6d00000,0x00000000d6d48000,0x00000000d6e00000)
  to   space 512K, 0% used [0x00000000d6e00000,0x00000000d6e00000,0x00000000d6e80000)
 ParOldGen       total 174080K, used 174058K [0x0000000080000000, 0x000000008aa00000, 0x00000000d5580000)
  object space 174080K, 99% used [0x0000000080000000,0x000000008a9fa878,0x000000008aa00000)
 Metaspace       used 82439K, committed 84032K, reserved 1179648K
  class space    used 9814K, committed 10496K, reserved 1048576K
}
Event: 339.344 GC heap before
{Heap before GC invocations=91 (full 3):
 PSYoungGen      total 16384K, used 15645K [0x00000000d5580000, 0x00000000d6e80000, 0x0000000100000000)
  eden space 15360K, 99% used [0x00000000d5580000,0x00000000d647f708,0x00000000d6480000)
  from space 1024K, 28% used [0x00000000d6d00000,0x00000000d6d48000,0x00000000d6e00000)
  to   space 512K, 0% used [0x00000000d6e00000,0x00000000d6e00000,0x00000000d6e80000)
 ParOldGen       total 174080K, used 174058K [0x0000000080000000, 0x000000008aa00000, 0x00000000d5580000)
  object space 174080K, 99% used [0x0000000080000000,0x000000008a9fa878,0x000000008aa00000)
 Metaspace       used 83475K, committed 85120K, reserved 1179648K
  class space    used 9963K, committed 10688K, reserved 1048576K
}
Event: 339.345 GC heap after
{Heap after GC invocations=91 (full 3):
 PSYoungGen      total 15872K, used 405K [0x00000000d5580000, 0x00000000d6e80000, 0x0000000100000000)
  eden space 15360K, 0% used [0x00000000d5580000,0x00000000d5580000,0x00000000d6480000)
  from space 512K, 79% used [0x00000000d6e00000,0x00000000d6e654b8,0x00000000d6e80000)
  to   space 512K, 0% used [0x00000000d6d80000,0x00000000d6d80000,0x00000000d6e00000)
 ParOldGen       total 174592K, used 174196K [0x0000000080000000, 0x000000008aa80000, 0x00000000d5580000)
  object space 174592K, 99% used [0x0000000080000000,0x000000008aa1d3f8,0x000000008aa80000)
 Metaspace       used 83475K, committed 85120K, reserved 1179648K
  class space    used 9963K, committed 10688K, reserved 1048576K
}
Event: 339.449 GC heap before
{Heap before GC invocations=92 (full 3):
 PSYoungGen      total 15872K, used 15765K [0x00000000d5580000, 0x00000000d6e80000, 0x0000000100000000)
  eden space 15360K, 100% used [0x00000000d5580000,0x00000000d6480000,0x00000000d6480000)
  from space 512K, 79% used [0x00000000d6e00000,0x00000000d6e654b8,0x00000000d6e80000)
  to   space 512K, 0% used [0x00000000d6d80000,0x00000000d6d80000,0x00000000d6e00000)
 ParOldGen       total 174592K, used 174196K [0x0000000080000000, 0x000000008aa80000, 0x00000000d5580000)
  object space 174592K, 99% used [0x0000000080000000,0x000000008aa1d3f8,0x000000008aa80000)
 Metaspace       used 83475K, committed 85120K, reserved 1179648K
  class space    used 9963K, committed 10688K, reserved 1048576K
}
Event: 340.161 GC heap after
{Heap after GC invocations=92 (full 3):
 PSYoungGen      total 18944K, used 501K [0x00000000d5580000, 0x00000000d6e80000, 0x0000000100000000)
  eden space 18432K, 0% used [0x00000000d5580000,0x00000000d5580000,0x00000000d6780000)
  from space 512K, 98% used [0x00000000d6d80000,0x00000000d6dfd750,0x00000000d6e00000)
  to   space 512K, 0% used [0x00000000d6e00000,0x00000000d6e00000,0x00000000d6e80000)
 ParOldGen       total 175616K, used 175185K [0x0000000080000000, 0x000000008ab80000, 0x00000000d5580000)
  object space 175616K, 99% used [0x0000000080000000,0x000000008ab14720,0x000000008ab80000)
 Metaspace       used 83475K, committed 85120K, reserved 1179648K
  class space    used 9963K, committed 10688K, reserved 1048576K
}

