# JRE version: OpenJDK Runtime Environment Temurin-21.0.10+7 (21.0.10+7) (build 21.0.10+7-LTS)
# Java VM: OpenJDK 64-Bit Server VM Temurin-21.0.10+7 (21.0.10+7-LTS, mixed mode, sharing, tiered, compressed oops, compressed class ptrs, parallel gc, windows-amd64)
GC Precious Log:
 CardTable entry size: 512
 CPUs: 8 total, 8 available
 Memory: 7976M
 Large Page Support: Disabled
 NUMA Support: Disabled
 Compressed Oops: Enabled (32-bit)
 Alignments: Space 512K, Generation 512K, Heap 2M
 Heap Min Capacity: 100M
 Heap Initial Capacity: 100M
 Heap Max Capacity: 2G
 Pre-touch: Disabled
 Parallel Workers: 8
Heap:
 PSYoungGen      total 8192K, used 504K [0x00000000d5580000, 0x00000000d6300000, 0x0000000100000000)
  eden space 7680K, 3% used [0x00000000d5580000,0x00000000d55be2e0,0x00000000d5d00000)
  from space 512K, 50% used [0x00000000d6280000,0x00000000d62c0000,0x00000000d6300000)
  to   space 1024K, 0% used [0x00000000d6100000,0x00000000d6100000,0x00000000d6200000)
 ParOldGen       total 664576K, used 664555K [0x0000000080000000, 0x00000000a8900000, 0x00000000d5580000)
  object space 664576K, 99% used [0x0000000080000000,0x00000000a88fae80,0x00000000a8900000)
 Metaspace       used 68479K, committed 70016K, reserved 1114112K
  class space    used 7348K, committed 8000K, reserved 1048576K
GC Heap History (20 events):
Event: 97.503 GC heap before
{Heap before GC invocations=826 (full 3):
 PSYoungGen      total 7168K, used 6624K [0x00000000d5580000, 0x00000000d5f80000, 0x0000000100000000)
  eden space 4096K, 100% used [0x00000000d5580000,0x00000000d5980000,0x00000000d5980000)
  from space 3072K, 82% used [0x00000000d5c80000,0x00000000d5ef8000,0x00000000d5f80000)
  to   space 3072K, 0% used [0x00000000d5980000,0x00000000d5980000,0x00000000d5c80000)
 ParOldGen       total 636416K, used 636063K [0x0000000080000000, 0x00000000a6d80000, 0x00000000d5580000)
  object space 636416K, 99% used [0x0000000080000000,0x00000000a6d27dc8,0x00000000a6d80000)
 Metaspace       used 67617K, committed 69184K, reserved 1114112K
  class space    used 7248K, committed 7936K, reserved 1048576K
}
Event: 97.510 GC heap after
{Heap after GC invocations=826 (full 3):
 PSYoungGen      total 7168K, used 3072K [0x00000000d5580000, 0x00000000d6680000, 0x0000000100000000)
  eden space 4096K, 0% used [0x00000000d5580000,0x00000000d5580000,0x00000000d5980000)
  from space 3072K, 100% used [0x00000000d5980000,0x00000000d5c80000,0x00000000d5c80000)
  to   space 6144K, 0% used [0x00000000d6080000,0x00000000d6080000,0x00000000d6680000)
 ParOldGen       total 638976K, used 638583K [0x0000000080000000, 0x00000000a7000000, 0x00000000d5580000)
  object space 638976K, 99% used [0x0000000080000000,0x00000000a6f9ddc8,0x00000000a7000000)
 Metaspace       used 67617K, committed 69184K, reserved 1114112K
  class space    used 7248K, committed 7936K, reserved 1048576K
}
Event: 97.544 GC heap before
{Heap before GC invocations=827 (full 3):
 PSYoungGen      total 7168K, used 7168K [0x00000000d5580000, 0x00000000d6680000, 0x0000000100000000)
  eden space 4096K, 100% used [0x00000000d5580000,0x00000000d5980000,0x00000000d5980000)
  from space 3072K, 100% used [0x00000000d5980000,0x00000000d5c80000,0x00000000d5c80000)
  to   space 6144K, 0% used [0x00000000d6080000,0x00000000d6080000,0x00000000d6680000)
 ParOldGen       total 638976K, used 638583K [0x0000000080000000, 0x00000000a7000000, 0x00000000d5580000)
  object space 638976K, 99% used [0x0000000080000000,0x00000000a6f9ddc8,0x00000000a7000000)
 Metaspace       used 67617K, committed 69184K, reserved 1114112K
  class space    used 7248K, committed 7936K, reserved 1048576K
}
Event: 97.554 GC heap after
{Heap after GC invocations=827 (full 3):
 PSYoungGen      total 8704K, used 3296K [0x00000000d5580000, 0x00000000d6400000, 0x0000000100000000)
  eden space 5120K, 0% used [0x00000000d5580000,0x00000000d5580000,0x00000000d5a80000)
  from space 3584K, 91% used [0x00000000d6080000,0x00000000d63b8000,0x00000000d6400000)
  to   space 4608K, 0% used [0x00000000d5b00000,0x00000000d5b00000,0x00000000d5f80000)
 ParOldGen       total 642048K, used 641647K [0x0000000080000000, 0x00000000a7300000, 0x00000000d5580000)
  object space 642048K, 99% used [0x0000000080000000,0x00000000a729bdc8,0x00000000a7300000)
 Metaspace       used 67617K, committed 69184K, reserved 1114112K
  class space    used 7248K, committed 7936K, reserved 1048576K
}
Event: 97.589 GC heap before
{Heap before GC invocations=828 (full 3):
 PSYoungGen      total 8704K, used 8416K [0x00000000d5580000, 0x00000000d6400000, 0x0000000100000000)
  eden space 5120K, 100% used [0x00000000d5580000,0x00000000d5a80000,0x00000000d5a80000)
  from space 3584K, 91% used [0x00000000d6080000,0x00000000d63b8000,0x00000000d6400000)
  to   space 4608K, 0% used [0x00000000d5b00000,0x00000000d5b00000,0x00000000d5f80000)
 ParOldGen       total 642048K, used 641647K [0x0000000080000000, 0x00000000a7300000, 0x00000000d5580000)
  object space 642048K, 99% used [0x0000000080000000,0x00000000a729bdc8,0x00000000a7300000)
 Metaspace       used 67617K, committed 69184K, reserved 1114112K
  class space    used 7248K, committed 7936K, reserved 1048576K
}
Event: 97.597 GC heap after
{Heap after GC invocations=828 (full 3):
 PSYoungGen      total 10240K, used 4000K [0x00000000d5580000, 0x00000000d6480000, 0x0000000100000000)
  eden space 5632K, 0% used [0x00000000d5580000,0x00000000d5580000,0x00000000d5b00000)
  from space 4608K, 86% used [0x00000000d5b00000,0x00000000d5ee8000,0x00000000d5f80000)
  to   space 4608K, 0% used [0x00000000d6000000,0x00000000d6000000,0x00000000d6480000)
 ParOldGen       total 645120K, used 644847K [0x0000000080000000, 0x00000000a7600000, 0x00000000d5580000)
  object space 645120K, 99% used [0x0000000080000000,0x00000000a75bbdc8,0x00000000a7600000)
 Metaspace       used 67617K, committed 69184K, reserved 1114112K
  class space    used 7248K, committed 7936K, reserved 1048576K
}
Event: 97.631 GC heap before
{Heap before GC invocations=829 (full 3):
 PSYoungGen      total 10240K, used 9632K [0x00000000d5580000, 0x00000000d6480000, 0x0000000100000000)
  eden space 5632K, 100% used [0x00000000d5580000,0x00000000d5b00000,0x00000000d5b00000)
  from space 4608K, 86% used [0x00000000d5b00000,0x00000000d5ee8000,0x00000000d5f80000)
  to   space 4608K, 0% used [0x00000000d6000000,0x00000000d6000000,0x00000000d6480000)
 ParOldGen       total 645120K, used 644847K [0x0000000080000000, 0x00000000a7600000, 0x00000000d5580000)
  object space 645120K, 99% used [0x0000000080000000,0x00000000a75bbdc8,0x00000000a7600000)
 Metaspace       used 67617K, committed 69184K, reserved 1114112K
  class space    used 7248K, committed 7936K, reserved 1048576K
}
Event: 97.640 GC heap after
{Heap after GC invocations=829 (full 3):
 PSYoungGen      total 10752K, used 4384K [0x00000000d5580000, 0x00000000d6580000, 0x0000000100000000)
  eden space 6144K, 0% used [0x00000000d5580000,0x00000000d5580000,0x00000000d5b80000)
  from space 4608K, 95% used [0x00000000d6000000,0x00000000d6448000,0x00000000d6480000)
  to   space 4608K, 0% used [0x00000000d5b80000,0x00000000d5b80000,0x00000000d6000000)
 ParOldGen       total 649216K, used 648767K [0x0000000080000000, 0x00000000a7a00000, 0x00000000d5580000)
  object space 649216K, 99% used [0x0000000080000000,0x00000000a798fdc8,0x00000000a7a00000)
 Metaspace       used 67617K, committed 69184K, reserved 1114112K
  class space    used 7248K, committed 7936K, reserved 1048576K
}
Event: 97.679 GC heap before
{Heap before GC invocations=830 (full 3):
 PSYoungGen      total 10752K, used 10528K [0x00000000d5580000, 0x00000000d6580000, 0x0000000100000000)
  eden space 6144K, 100% used [0x00000000d5580000,0x00000000d5b80000,0x00000000d5b80000)
  from space 4608K, 95% used [0x00000000d6000000,0x00000000d6448000,0x00000000d6480000)
  to   space 4608K, 0% used [0x00000000d5b80000,0x00000000d5b80000,0x00000000d6000000)
 ParOldGen       total 649216K, used 648767K [0x0000000080000000, 0x00000000a7a00000, 0x00000000d5580000)
  object space 649216K, 99% used [0x0000000080000000,0x00000000a798fdc8,0x00000000a7a00000)
 Metaspace       used 67617K, committed 69184K, reserved 1114112K
  class space    used 7248K, committed 7936K, reserved 1048576K
}
Event: 97.692 GC heap after
{Heap after GC invocations=830 (full 3):
 PSYoungGen      total 10752K, used 4608K [0x00000000d5580000, 0x00000000d7100000, 0x0000000100000000)
  eden space 6144K, 0% used [0x00000000d5580000,0x00000000d5580000,0x00000000d5b80000)
  from space 4608K, 100% used [0x00000000d5b80000,0x00000000d6000000,0x00000000d6000000)
  to   space 10240K, 0% used [0x00000000d6700000,0x00000000d6700000,0x00000000d7100000)
 ParOldGen       total 653312K, used 653191K [0x0000000080000000, 0x00000000a7e00000, 0x00000000d5580000)
  object space 653312K, 99% used [0x0000000080000000,0x00000000a7de1dc8,0x00000000a7e00000)
 Metaspace       used 67617K, committed 69184K, reserved 1114112K
  class space    used 7248K, committed 7936K, reserved 1048576K
}
Event: 97.726 GC heap before
{Heap before GC invocations=831 (full 3):
 PSYoungGen      total 10752K, used 10752K [0x00000000d5580000, 0x00000000d7100000, 0x0000000100000000)
  eden space 6144K, 100% used [0x00000000d5580000,0x00000000d5b80000,0x00000000d5b80000)
  from space 4608K, 100% used [0x00000000d5b80000,0x00000000d6000000,0x00000000d6000000)
  to   space 10240K, 0% used [0x00000000d6700000,0x00000000d6700000,0x00000000d7100000)
 ParOldGen       total 653312K, used 653191K [0x0000000080000000, 0x00000000a7e00000, 0x00000000d5580000)
  object space 653312K, 99% used [0x0000000080000000,0x00000000a7de1dc8,0x00000000a7e00000)
 Metaspace       used 67645K, committed 69248K, reserved 1114112K
  class space    used 7252K, committed 7936K, reserved 1048576K
}
Event: 97.739 GC heap after
{Heap after GC invocations=831 (full 3):
 PSYoungGen      total 12288K, used 4382K [0x00000000d5580000, 0x00000000d6b80000, 0x0000000100000000)
  eden space 7680K, 0% used [0x00000000d5580000,0x00000000d5580000,0x00000000d5d00000)
  from space 4608K, 95% used [0x00000000d6700000,0x00000000d6b47b18,0x00000000d6b80000)
  to   space 6144K, 0% used [0x00000000d5f80000,0x00000000d5f80000,0x00000000d6580000)
 ParOldGen       total 657920K, used 657775K [0x0000000080000000, 0x00000000a8280000, 0x00000000d5580000)
  object space 657920K, 99% used [0x0000000080000000,0x00000000a825bdc8,0x00000000a8280000)
 Metaspace       used 67645K, committed 69248K, reserved 1114112K
  class space    used 7252K, committed 7936K, reserved 1048576K
}
Event: 97.865 GC heap before
{Heap before GC invocations=832 (full 3):
 PSYoungGen      total 12288K, used 12062K [0x00000000d5580000, 0x00000000d6b80000, 0x0000000100000000)
  eden space 7680K, 100% used [0x00000000d5580000,0x00000000d5d00000,0x00000000d5d00000)
  from space 4608K, 95% used [0x00000000d6700000,0x00000000d6b47b18,0x00000000d6b80000)
  to   space 6144K, 0% used [0x00000000d5f80000,0x00000000d5f80000,0x00000000d6580000)
 ParOldGen       total 657920K, used 657775K [0x0000000080000000, 0x00000000a8280000, 0x00000000d5580000)
  object space 657920K, 99% used [0x0000000080000000,0x00000000a825bdc8,0x00000000a8280000)
 Metaspace       used 68107K, committed 69696K, reserved 1114112K
  class space    used 7299K, committed 8000K, reserved 1048576K
}
Event: 97.874 GC heap after
{Heap after GC invocations=832 (full 3):
 PSYoungGen      total 9728K, used 1714K [0x00000000d5580000, 0x00000000d6780000, 0x0000000100000000)
  eden space 7680K, 0% used [0x00000000d5580000,0x00000000d5580000,0x00000000d5d00000)
  from space 2048K, 83% used [0x00000000d5f80000,0x00000000d612c8e8,0x00000000d6180000)
  to   space 3072K, 0% used [0x00000000d6480000,0x00000000d6480000,0x00000000d6780000)
 ParOldGen       total 662528K, used 662078K [0x0000000080000000, 0x00000000a8700000, 0x00000000d5580000)
  object space 662528K, 99% used [0x0000000080000000,0x00000000a868f8e0,0x00000000a8700000)
 Metaspace       used 68107K, committed 69696K, reserved 1114112K
  class space    used 7299K, committed 8000K, reserved 1048576K
}
Event: 97.943 GC heap before
{Heap before GC invocations=833 (full 3):
 PSYoungGen      total 9728K, used 9394K [0x00000000d5580000, 0x00000000d6780000, 0x0000000100000000)
  eden space 7680K, 100% used [0x00000000d5580000,0x00000000d5d00000,0x00000000d5d00000)
  from space 2048K, 83% used [0x00000000d5f80000,0x00000000d612c8e8,0x00000000d6180000)
  to   space 3072K, 0% used [0x00000000d6480000,0x00000000d6480000,0x00000000d6780000)
 ParOldGen       total 662528K, used 662078K [0x0000000080000000, 0x00000000a8700000, 0x00000000d5580000)
  object space 662528K, 99% used [0x0000000080000000,0x00000000a868f8e0,0x00000000a8700000)
 Metaspace       used 68108K, committed 69696K, reserved 1114112K
  class space    used 7299K, committed 8000K, reserved 1048576K
}
Event: 97.947 GC heap after
{Heap after GC invocations=833 (full 3):
 PSYoungGen      total 10752K, used 3053K [0x00000000d5580000, 0x00000000d6800000, 0x0000000100000000)
  eden space 7680K, 0% used [0x00000000d5580000,0x00000000d5580000,0x00000000d5d00000)
  from space 3072K, 99% used [0x00000000d6480000,0x00000000d677b4a8,0x00000000d6780000)
  to   space 5632K, 0% used [0x00000000d5d00000,0x00000000d5d00000,0x00000000d6280000)
 ParOldGen       total 664064K, used 663795K [0x0000000080000000, 0x00000000a8880000, 0x00000000d5580000)
  object space 664064K, 99% used [0x0000000080000000,0x00000000a883ce70,0x00000000a8880000)
 Metaspace       used 68108K, committed 69696K, reserved 1114112K
  class space    used 7299K, committed 8000K, reserved 1048576K
}
Event: 191.179 GC heap before
{Heap before GC invocations=834 (full 3):
 PSYoungGen      total 10752K, used 10733K [0x00000000d5580000, 0x00000000d6800000, 0x0000000100000000)
  eden space 7680K, 100% used [0x00000000d5580000,0x00000000d5d00000,0x00000000d5d00000)
  from space 3072K, 99% used [0x00000000d6480000,0x00000000d677b4a8,0x00000000d6780000)
  to   space 5632K, 0% used [0x00000000d5d00000,0x00000000d5d00000,0x00000000d6280000)
 ParOldGen       total 664064K, used 663795K [0x0000000080000000, 0x00000000a8880000, 0x00000000d5580000)
  object space 664064K, 99% used [0x0000000080000000,0x00000000a883ce70,0x00000000a8880000)
 Metaspace       used 68460K, committed 70016K, reserved 1114112K
  class space    used 7347K, committed 8000K, reserved 1048576K
}
Event: 191.184 GC heap after
{Heap after GC invocations=834 (full 3):
 PSYoungGen      total 13312K, used 832K [0x00000000d5580000, 0x00000000d6500000, 0x0000000100000000)
  eden space 7680K, 0% used [0x00000000d5580000,0x00000000d5580000,0x00000000d5d00000)
  from space 5632K, 14% used [0x00000000d5d00000,0x00000000d5dd0000,0x00000000d6280000)
  to   space 2560K, 0% used [0x00000000d6280000,0x00000000d6280000,0x00000000d6500000)
 ParOldGen       total 664064K, used 663963K [0x0000000080000000, 0x00000000a8880000, 0x00000000d5580000)
  object space 664064K, 99% used [0x0000000080000000,0x00000000a8866e80,0x00000000a8880000)
 Metaspace       used 68460K, committed 70016K, reserved 1114112K
  class space    used 7347K, committed 8000K, reserved 1048576K
}
Event: 231.630 GC heap before
{Heap before GC invocations=835 (full 3):
 PSYoungGen      total 13312K, used 8511K [0x00000000d5580000, 0x00000000d6500000, 0x0000000100000000)
  eden space 7680K, 99% used [0x00000000d5580000,0x00000000d5cffff8,0x00000000d5d00000)
  from space 5632K, 14% used [0x00000000d5d00000,0x00000000d5dd0000,0x00000000d6280000)
  to   space 2560K, 0% used [0x00000000d6280000,0x00000000d6280000,0x00000000d6500000)
 ParOldGen       total 664064K, used 663963K [0x0000000080000000, 0x00000000a8880000, 0x00000000d5580000)
  object space 664064K, 99% used [0x0000000080000000,0x00000000a8866e80,0x00000000a8880000)
 Metaspace       used 68475K, committed 70016K, reserved 1114112K
  class space    used 7348K, committed 8000K, reserved 1048576K
}
Event: 231.632 GC heap after
{Heap after GC invocations=835 (full 3):
 PSYoungGen      total 8192K, used 256K [0x00000000d5580000, 0x00000000d6300000, 0x0000000100000000)
  eden space 7680K, 0% used [0x00000000d5580000,0x00000000d5580000,0x00000000d5d00000)
  from space 512K, 50% used [0x00000000d6280000,0x00000000d62c0000,0x00000000d6300000)
  to   space 1024K, 0% used [0x00000000d6100000,0x00000000d6100000,0x00000000d6200000)
 ParOldGen       total 664576K, used 664555K [0x0000000080000000, 0x00000000a8900000, 0x00000000d5580000)
  object space 664576K, 99% used [0x0000000080000000,0x00000000a88fae80,0x00000000a8900000)
 Metaspace       used 68475K, committed 70016K, reserved 1114112K
  class space    used 7348K, committed 8000K, reserved 1048576K
}

