# JRE version: OpenJDK Runtime Environment Temurin-21.0.10+7 (21.0.10+7) (build 21.0.10+7-LTS)
# Java VM: OpenJDK 64-Bit Server VM Temurin-21.0.10+7 (21.0.10+7-LTS, mixed mode, sharing, tiered, compressed oops, compressed class ptrs, parallel gc, windows-amd64)
GC Precious Log:
 CardTable entry size: 512
 CPUs: 8 total, 8 available
 Memory: 7976M
 Large Page Support: Disabled
 NUMA Support: Disabled
 Compressed Oops: Enabled (32-bit)
 Alignments: Space 512K, Generation 512K, Heap 2M
 Heap Min Capacity: 100M
 Heap Initial Capacity: 100M
 Heap Max Capacity: 2G
 Pre-touch: Disabled
 Parallel Workers: 8
Heap:
 PSYoungGen      total 22016K, used 12893K [0x00000000d5580000, 0x00000000d6d80000, 0x0000000100000000)
  eden space 19456K, 53% used [0x00000000d5580000,0x00000000d5fc2560,0x00000000d6880000)
  from space 2560K, 93% used [0x00000000d6880000,0x00000000d6ad5240,0x00000000d6b00000)
  to   space 2560K, 0% used [0x00000000d6b00000,0x00000000d6b00000,0x00000000d6d80000)
 ParOldGen       total 75776K, used 75454K [0x0000000080000000, 0x0000000084a00000, 0x00000000d5580000)
  object space 75776K, 99% used [0x0000000080000000,0x00000000849af918,0x0000000084a00000)
 Metaspace       used 73374K, committed 74880K, reserved 1179648K
  class space    used 8384K, committed 9024K, reserved 1048576K
GC Heap History (20 events):
Event: 10.997 GC heap before
{Heap before GC invocations=71 (full 3):
 PSYoungGen      total 22528K, used 22449K [0x00000000d5580000, 0x00000000d6c80000, 0x0000000100000000)
  eden space 22016K, 100% used [0x00000000d5580000,0x00000000d6b00000,0x00000000d6b00000)
  from space 512K, 84% used [0x00000000d6b80000,0x00000000d6bec400,0x00000000d6c00000)
  to   space 512K, 0% used [0x00000000d6c00000,0x00000000d6c00000,0x00000000d6c80000)
 ParOldGen       total 69120K, used 68670K [0x0000000080000000, 0x0000000084380000, 0x00000000d5580000)
  object space 69120K, 99% used [0x0000000080000000,0x000000008430fa18,0x0000000084380000)
 Metaspace       used 64775K, committed 66176K, reserved 1114112K
  class space    used 7454K, committed 8064K, reserved 1048576K
}
Event: 10.998 GC heap after
{Heap after GC invocations=71 (full 3):
 PSYoungGen      total 22528K, used 384K [0x00000000d5580000, 0x00000000d6c80000, 0x0000000100000000)
  eden space 22016K, 0% used [0x00000000d5580000,0x00000000d5580000,0x00000000d6b00000)
  from space 512K, 75% used [0x00000000d6c00000,0x00000000d6c60000,0x00000000d6c80000)
  to   space 512K, 0% used [0x00000000d6b80000,0x00000000d6b80000,0x00000000d6c00000)
 ParOldGen       total 69120K, used 68999K [0x0000000080000000, 0x0000000084380000, 0x00000000d5580000)
  object space 69120K, 99% used [0x0000000080000000,0x0000000084361e28,0x0000000084380000)
 Metaspace       used 64775K, committed 66176K, reserved 1114112K
  class space    used 7454K, committed 8064K, reserved 1048576K
}
Event: 11.017 GC heap before
{Heap before GC invocations=72 (full 3):
 PSYoungGen      total 22528K, used 22400K [0x00000000d5580000, 0x00000000d6c80000, 0x0000000100000000)
  eden space 22016K, 100% used [0x00000000d5580000,0x00000000d6b00000,0x00000000d6b00000)
  from space 512K, 75% used [0x00000000d6c00000,0x00000000d6c60000,0x00000000d6c80000)
  to   space 512K, 0% used [0x00000000d6b80000,0x00000000d6b80000,0x00000000d6c00000)
 ParOldGen       total 69120K, used 68999K [0x0000000080000000, 0x0000000084380000, 0x00000000d5580000)
  object space 69120K, 99% used [0x0000000080000000,0x0000000084361e28,0x0000000084380000)
 Metaspace       used 64921K, committed 66304K, reserved 1114112K
  class space    used 7479K, committed 8064K, reserved 1048576K
}
Event: 11.017 GC heap after
{Heap after GC invocations=72 (full 3):
 PSYoungGen      total 22528K, used 320K [0x00000000d5580000, 0x00000000d6c80000, 0x0000000100000000)
  eden space 22016K, 0% used [0x00000000d5580000,0x00000000d5580000,0x00000000d6b00000)
  from space 512K, 62% used [0x00000000d6b80000,0x00000000d6bd0000,0x00000000d6c00000)
  to   space 512K, 0% used [0x00000000d6c00000,0x00000000d6c00000,0x00000000d6c80000)
 ParOldGen       total 69632K, used 69260K [0x0000000080000000, 0x0000000084400000, 0x00000000d5580000)
  object space 69632K, 99% used [0x0000000080000000,0x00000000843a3028,0x0000000084400000)
 Metaspace       used 64921K, committed 66304K, reserved 1114112K
  class space    used 7479K, committed 8064K, reserved 1048576K
}
Event: 11.032 GC heap before
{Heap before GC invocations=73 (full 3):
 PSYoungGen      total 22528K, used 22336K [0x00000000d5580000, 0x00000000d6c80000, 0x0000000100000000)
  eden space 22016K, 100% used [0x00000000d5580000,0x00000000d6b00000,0x00000000d6b00000)
  from space 512K, 62% used [0x00000000d6b80000,0x00000000d6bd0000,0x00000000d6c00000)
  to   space 512K, 0% used [0x00000000d6c00000,0x00000000d6c00000,0x00000000d6c80000)
 ParOldGen       total 69632K, used 69260K [0x0000000080000000, 0x0000000084400000, 0x00000000d5580000)
  object space 69632K, 99% used [0x0000000080000000,0x00000000843a3028,0x0000000084400000)
 Metaspace       used 65021K, committed 66496K, reserved 1114112K
  class space    used 7494K, committed 8128K, reserved 1048576K
}
Event: 11.033 GC heap after
{Heap after GC invocations=73 (full 3):
 PSYoungGen      total 22528K, used 448K [0x00000000d5580000, 0x00000000d6c80000, 0x0000000100000000)
  eden space 22016K, 0% used [0x00000000d5580000,0x00000000d5580000,0x00000000d6b00000)
  from space 512K, 87% used [0x00000000d6c00000,0x00000000d6c70000,0x00000000d6c80000)
  to   space 512K, 0% used [0x00000000d6b80000,0x00000000d6b80000,0x00000000d6c00000)
 ParOldGen       total 69632K, used 69476K [0x0000000080000000, 0x0000000084400000, 0x00000000d5580000)
  object space 69632K, 99% used [0x0000000080000000,0x00000000843d9028,0x0000000084400000)
 Metaspace       used 65021K, committed 66496K, reserved 1114112K
  class space    used 7494K, committed 8128K, reserved 1048576K
}
Event: 11.054 GC heap before
{Heap before GC invocations=74 (full 3):
 PSYoungGen      total 22528K, used 22464K [0x00000000d5580000, 0x00000000d6c80000, 0x0000000100000000)
  eden space 22016K, 100% used [0x00000000d5580000,0x00000000d6b00000,0x00000000d6b00000)
  from space 512K, 87% used [0x00000000d6c00000,0x00000000d6c70000,0x00000000d6c80000)
  to   space 512K, 0% used [0x00000000d6b80000,0x00000000d6b80000,0x00000000d6c00000)
 ParOldGen       total 69632K, used 69476K [0x0000000080000000, 0x0000000084400000, 0x00000000d5580000)
  object space 69632K, 99% used [0x0000000080000000,0x00000000843d9028,0x0000000084400000)
 Metaspace       used 65170K, committed 66560K, reserved 1114112K
  class space    used 7518K, committed 8128K, reserved 1048576K
}
Event: 11.055 GC heap after
{Heap after GC invocations=74 (full 3):
 PSYoungGen      total 22528K, used 352K [0x00000000d5580000, 0x00000000d6c80000, 0x0000000100000000)
  eden space 22016K, 0% used [0x00000000d5580000,0x00000000d5580000,0x00000000d6b00000)
  from space 512K, 68% used [0x00000000d6b80000,0x00000000d6bd8000,0x00000000d6c00000)
  to   space 512K, 0% used [0x00000000d6c00000,0x00000000d6c00000,0x00000000d6c80000)
 ParOldGen       total 69632K, used 69556K [0x0000000080000000, 0x0000000084400000, 0x00000000d5580000)
  object space 69632K, 99% used [0x0000000080000000,0x00000000843ed028,0x0000000084400000)
 Metaspace       used 65170K, committed 66560K, reserved 1114112K
  class space    used 7518K, committed 8128K, reserved 1048576K
}
Event: 11.197 GC heap before
{Heap before GC invocations=75 (full 3):
 PSYoungGen      total 22528K, used 22368K [0x00000000d5580000, 0x00000000d6c80000, 0x0000000100000000)
  eden space 22016K, 100% used [0x00000000d5580000,0x00000000d6b00000,0x00000000d6b00000)
  from space 512K, 68% used [0x00000000d6b80000,0x00000000d6bd8000,0x00000000d6c00000)
  to   space 512K, 0% used [0x00000000d6c00000,0x00000000d6c00000,0x00000000d6c80000)
 ParOldGen       total 69632K, used 69556K [0x0000000080000000, 0x0000000084400000, 0x00000000d5580000)
  object space 69632K, 99% used [0x0000000080000000,0x00000000843ed028,0x0000000084400000)
 Metaspace       used 67372K, committed 68800K, reserved 1114112K
  class space    used 7787K, committed 8384K, reserved 1048576K
}
Event: 11.200 GC heap after
{Heap after GC invocations=75 (full 3):
 PSYoungGen      total 20480K, used 483K [0x00000000d5580000, 0x00000000d7100000, 0x0000000100000000)
  eden space 19968K, 0% used [0x00000000d5580000,0x00000000d5580000,0x00000000d6900000)
  from space 512K, 94% used [0x00000000d6c00000,0x00000000d6c78d80,0x00000000d6c80000)
  to   space 3072K, 0% used [0x00000000d6900000,0x00000000d6900000,0x00000000d6c00000)
 ParOldGen       total 71680K, used 71516K [0x0000000080000000, 0x0000000084600000, 0x00000000d5580000)
  object space 71680K, 99% used [0x0000000080000000,0x00000000845d7388,0x0000000084600000)
 Metaspace       used 67372K, committed 68800K, reserved 1114112K
  class space    used 7787K, committed 8384K, reserved 1048576K
}
Event: 11.320 GC heap before
{Heap before GC invocations=76 (full 3):
 PSYoungGen      total 20480K, used 20451K [0x00000000d5580000, 0x00000000d7100000, 0x0000000100000000)
  eden space 19968K, 100% used [0x00000000d5580000,0x00000000d6900000,0x00000000d6900000)
  from space 512K, 94% used [0x00000000d6c00000,0x00000000d6c78d80,0x00000000d6c80000)
  to   space 3072K, 0% used [0x00000000d6900000,0x00000000d6900000,0x00000000d6c00000)
 ParOldGen       total 71680K, used 71516K [0x0000000080000000, 0x0000000084600000, 0x00000000d5580000)
  object space 71680K, 99% used [0x0000000080000000,0x00000000845d7388,0x0000000084600000)
 Metaspace       used 68397K, committed 69888K, reserved 1114112K
  class space    used 7917K, committed 8576K, reserved 1048576K
}
Event: 11.322 GC heap after
{Heap after GC invocations=76 (full 3):
 PSYoungGen      total 23040K, used 2653K [0x00000000d5580000, 0x00000000d6f00000, 0x0000000100000000)
  eden space 19968K, 0% used [0x00000000d5580000,0x00000000d5580000,0x00000000d6900000)
  from space 3072K, 86% used [0x00000000d6900000,0x00000000d6b97648,0x00000000d6c00000)
  to   space 3072K, 0% used [0x00000000d6c00000,0x00000000d6c00000,0x00000000d6f00000)
 ParOldGen       total 72192K, used 72007K [0x0000000080000000, 0x0000000084680000, 0x00000000d5580000)
  object space 72192K, 99% used [0x0000000080000000,0x0000000084651df8,0x0000000084680000)
 Metaspace       used 68397K, committed 69888K, reserved 1114112K
  class space    used 7917K, committed 8576K, reserved 1048576K
}
Event: 11.399 GC heap before
{Heap before GC invocations=77 (full 3):
 PSYoungGen      total 23040K, used 22621K [0x00000000d5580000, 0x00000000d6f00000, 0x0000000100000000)
  eden space 19968K, 100% used [0x00000000d5580000,0x00000000d6900000,0x00000000d6900000)
  from space 3072K, 86% used [0x00000000d6900000,0x00000000d6b97648,0x00000000d6c00000)
  to   space 3072K, 0% used [0x00000000d6c00000,0x00000000d6c00000,0x00000000d6f00000)
 ParOldGen       total 72192K, used 72007K [0x0000000080000000, 0x0000000084680000, 0x00000000d5580000)
  object space 72192K, 99% used [0x0000000080000000,0x0000000084651df8,0x0000000084680000)
 Metaspace       used 68441K, committed 69952K, reserved 1114112K
  class space    used 7917K, committed 8576K, reserved 1048576K
}
Event: 11.401 GC heap after
{Heap after GC invocations=77 (full 3):
 PSYoungGen      total 20992K, used 982K [0x00000000d5580000, 0x00000000d6d00000, 0x0000000100000000)
  eden space 19968K, 0% used [0x00000000d5580000,0x00000000d5580000,0x00000000d6900000)
  from space 1024K, 95% used [0x00000000d6c00000,0x00000000d6cf5a18,0x00000000d6d00000)
  to   space 2048K, 0% used [0x00000000d6900000,0x00000000d6900000,0x00000000d6b00000)
 ParOldGen       total 73728K, used 73467K [0x0000000080000000, 0x0000000084800000, 0x00000000d5580000)
  object space 73728K, 99% used [0x0000000080000000,0x00000000847bef68,0x0000000084800000)
 Metaspace       used 68441K, committed 69952K, reserved 1114112K
  class space    used 7917K, committed 8576K, reserved 1048576K
}
Event: 11.547 GC heap before
{Heap before GC invocations=78 (full 3):
 PSYoungGen      total 20992K, used 20912K [0x00000000d5580000, 0x00000000d6d00000, 0x0000000100000000)
  eden space 19968K, 99% used [0x00000000d5580000,0x00000000d68f6668,0x00000000d6900000)
  from space 1024K, 95% used [0x00000000d6c00000,0x00000000d6cf5a18,0x00000000d6d00000)
  to   space 2048K, 0% used [0x00000000d6900000,0x00000000d6900000,0x00000000d6b00000)
 ParOldGen       total 73728K, used 73467K [0x0000000080000000, 0x0000000084800000, 0x00000000d5580000)
  object space 73728K, 99% used [0x0000000080000000,0x00000000847bef68,0x0000000084800000)
 Metaspace       used 70406K, committed 71936K, reserved 1114112K
  class space    used 8101K, committed 8768K, reserved 1048576K
}
Event: 11.548 GC heap after
{Heap after GC invocations=78 (full 3):
 PSYoungGen      total 22016K, used 2025K [0x00000000d5580000, 0x00000000d6e00000, 0x0000000100000000)
  eden space 19968K, 0% used [0x00000000d5580000,0x00000000d5580000,0x00000000d6900000)
  from space 2048K, 98% used [0x00000000d6900000,0x00000000d6afa7b0,0x00000000d6b00000)
  to   space 2560K, 0% used [0x00000000d6b80000,0x00000000d6b80000,0x00000000d6e00000)
 ParOldGen       total 73728K, used 73552K [0x0000000080000000, 0x0000000084800000, 0x00000000d5580000)
  object space 73728K, 99% used [0x0000000080000000,0x00000000847d41f8,0x0000000084800000)
 Metaspace       used 70406K, committed 71936K, reserved 1114112K
  class space    used 8101K, committed 8768K, reserved 1048576K
}
Event: 12.021 GC heap before
{Heap before GC invocations=79 (full 3):
 PSYoungGen      total 22016K, used 21993K [0x00000000d5580000, 0x00000000d6e00000, 0x0000000100000000)
  eden space 19968K, 100% used [0x00000000d5580000,0x00000000d6900000,0x00000000d6900000)
  from space 2048K, 98% used [0x00000000d6900000,0x00000000d6afa7b0,0x00000000d6b00000)
  to   space 2560K, 0% used [0x00000000d6b80000,0x00000000d6b80000,0x00000000d6e00000)
 ParOldGen       total 73728K, used 73552K [0x0000000080000000, 0x0000000084800000, 0x00000000d5580000)
  object space 73728K, 99% used [0x0000000080000000,0x00000000847d41f8,0x0000000084800000)
 Metaspace       used 71991K, committed 73472K, reserved 1114112K
  class space    used 8250K, committed 8896K, reserved 1048576K
}
Event: 12.023 GC heap after
{Heap after GC invocations=79 (full 3):
 PSYoungGen      total 22016K, used 2527K [0x00000000d5580000, 0x00000000d6f00000, 0x0000000100000000)
  eden space 19456K, 0% used [0x00000000d5580000,0x00000000d5580000,0x00000000d6880000)
  from space 2560K, 98% used [0x00000000d6b80000,0x00000000d6df7c20,0x00000000d6e00000)
  to   space 3072K, 0% used [0x00000000d6880000,0x00000000d6880000,0x00000000d6b80000)
 ParOldGen       total 74240K, used 73913K [0x0000000080000000, 0x0000000084880000, 0x00000000d5580000)
  object space 74240K, 99% used [0x0000000080000000,0x000000008482e738,0x0000000084880000)
 Metaspace       used 71991K, committed 73472K, reserved 1114112K
  class space    used 8250K, committed 8896K, reserved 1048576K
}
Event: 14.265 GC heap before
{Heap before GC invocations=80 (full 3):
 PSYoungGen      total 22016K, used 21983K [0x00000000d5580000, 0x00000000d6f00000, 0x0000000100000000)
  eden space 19456K, 100% used [0x00000000d5580000,0x00000000d6880000,0x00000000d6880000)
  from space 2560K, 98% used [0x00000000d6b80000,0x00000000d6df7c20,0x00000000d6e00000)
  to   space 3072K, 0% used [0x00000000d6880000,0x00000000d6880000,0x00000000d6b80000)
 ParOldGen       total 74240K, used 73913K [0x0000000080000000, 0x0000000084880000, 0x00000000d5580000)
  object space 74240K, 99% used [0x0000000080000000,0x000000008482e738,0x0000000084880000)
 Metaspace       used 72633K, committed 74176K, reserved 1114112K
  class space    used 8300K, committed 8960K, reserved 1048576K
}
Event: 14.267 GC heap after
{Heap after GC invocations=80 (full 3):
 PSYoungGen      total 22016K, used 2388K [0x00000000d5580000, 0x00000000d6d80000, 0x0000000100000000)
  eden space 19456K, 0% used [0x00000000d5580000,0x00000000d5580000,0x00000000d6880000)
  from space 2560K, 93% used [0x00000000d6880000,0x00000000d6ad5240,0x00000000d6b00000)
  to   space 2560K, 0% used [0x00000000d6b00000,0x00000000d6b00000,0x00000000d6d80000)
 ParOldGen       total 75776K, used 75454K [0x0000000080000000, 0x0000000084a00000, 0x00000000d5580000)
  object space 75776K, 99% used [0x0000000080000000,0x00000000849af918,0x0000000084a00000)
 Metaspace       used 72633K, committed 74176K, reserved 1114112K
  class space    used 8300K, committed 8960K, reserved 1048576K
}

