# JRE version: OpenJDK Runtime Environment Temurin-21.0.10+7 (21.0.10+7) (build 21.0.10+7-LTS)
# Java VM: OpenJDK 64-Bit Server VM Temurin-21.0.10+7 (21.0.10+7-LTS, mixed mode, sharing, tiered, compressed oops, compressed class ptrs, parallel gc, windows-amd64)
GC Precious Log:
 CardTable entry size: 512
 CPUs: 8 total, 8 available
 Memory: 7976M
 Large Page Support: Disabled
 NUMA Support: Disabled
 Compressed Oops: Enabled (32-bit)
 Alignments: Space 512K, Generation 512K, Heap 2M
 Heap Min Capacity: 100M
 Heap Initial Capacity: 100M
 Heap Max Capacity: 2G
 Pre-touch: Disabled
 Parallel Workers: 8
Heap:
 PSYoungGen      total 8704K, used 5124K [0x00000000d5580000, 0x00000000d6080000, 0x0000000100000000)
  eden space 8192K, 56% used [0x00000000d5580000,0x00000000d5a06348,0x00000000d5d80000)
  from space 512K, 96% used [0x00000000d6000000,0x00000000d607b008,0x00000000d6080000)
  to   space 1536K, 0% used [0x00000000d5d80000,0x00000000d5d80000,0x00000000d5f00000)
 ParOldGen       total 70144K, used 70083K [0x0000000080000000, 0x0000000084480000, 0x00000000d5580000)
  object space 70144K, 99% used [0x0000000080000000,0x0000000084470ff8,0x0000000084480000)
 Metaspace       used 73776K, committed 75200K, reserved 1179648K
  class space    used 8997K, committed 9664K, reserved 1048576K
GC Heap History (20 events):
Event: 15.702 GC heap before
{Heap before GC invocations=61 (full 3):
 PSYoungGen      total 13824K, used 13474K [0x00000000d5580000, 0x00000000d6600000, 0x0000000100000000)
  eden space 11776K, 100% used [0x00000000d5580000,0x00000000d6100000,0x00000000d6100000)
  from space 2048K, 82% used [0x00000000d6100000,0x00000000d62a8a90,0x00000000d6300000)
  to   space 2560K, 0% used [0x00000000d6380000,0x00000000d6380000,0x00000000d6600000)
 ParOldGen       total 68608K, used 61459K [0x0000000080000000, 0x0000000084300000, 0x00000000d5580000)
  object space 68608K, 89% used [0x0000000080000000,0x0000000083c04d88,0x0000000084300000)
 Metaspace       used 72964K, committed 74368K, reserved 1179648K
  class space    used 8933K, committed 9600K, reserved 1048576K
}
Event: 15.705 GC heap after
{Heap after GC invocations=61 (full 3):
 PSYoungGen      total 10752K, used 2550K [0x00000000d5580000, 0x00000000d6d00000, 0x0000000100000000)
  eden space 8192K, 0% used [0x00000000d5580000,0x00000000d5580000,0x00000000d5d80000)
  from space 2560K, 99% used [0x00000000d6380000,0x00000000d65fd820,0x00000000d6600000)
  to   space 6144K, 0% used [0x00000000d5d80000,0x00000000d5d80000,0x00000000d6380000)
 ParOldGen       total 68608K, used 64041K [0x0000000080000000, 0x0000000084300000, 0x00000000d5580000)
  object space 68608K, 93% used [0x0000000080000000,0x0000000083e8a738,0x0000000084300000)
 Metaspace       used 72964K, committed 74368K, reserved 1179648K
  class space    used 8933K, committed 9600K, reserved 1048576K
}
Event: 15.850 GC heap before
{Heap before GC invocations=62 (full 3):
 PSYoungGen      total 10752K, used 10742K [0x00000000d5580000, 0x00000000d6d00000, 0x0000000100000000)
  eden space 8192K, 100% used [0x00000000d5580000,0x00000000d5d80000,0x00000000d5d80000)
  from space 2560K, 99% used [0x00000000d6380000,0x00000000d65fd820,0x00000000d6600000)
  to   space 6144K, 0% used [0x00000000d5d80000,0x00000000d5d80000,0x00000000d6380000)
 ParOldGen       total 68608K, used 64041K [0x0000000080000000, 0x0000000084300000, 0x00000000d5580000)
  object space 68608K, 93% used [0x0000000080000000,0x0000000083e8a738,0x0000000084300000)
 Metaspace       used 73514K, committed 75008K, reserved 1179648K
  class space    used 8981K, committed 9664K, reserved 1048576K
}
Event: 15.852 GC heap after
{Heap after GC invocations=62 (full 3):
 PSYoungGen      total 9728K, used 1050K [0x00000000d5580000, 0x00000000d6400000, 0x0000000100000000)
  eden space 8192K, 0% used [0x00000000d5580000,0x00000000d5580000,0x00000000d5d80000)
  from space 1536K, 68% used [0x00000000d5d80000,0x00000000d5e86a58,0x00000000d5f00000)
  to   space 2560K, 0% used [0x00000000d6180000,0x00000000d6180000,0x00000000d6400000)
 ParOldGen       total 68608K, used 64257K [0x0000000080000000, 0x0000000084300000, 0x00000000d5580000)
  object space 68608K, 93% used [0x0000000080000000,0x0000000083ec0738,0x0000000084300000)
 Metaspace       used 73514K, committed 75008K, reserved 1179648K
  class space    used 8981K, committed 9664K, reserved 1048576K
}
Event: 15.900 GC heap before
{Heap before GC invocations=63 (full 3):
 PSYoungGen      total 9728K, used 9242K [0x00000000d5580000, 0x00000000d6400000, 0x0000000100000000)
  eden space 8192K, 100% used [0x00000000d5580000,0x00000000d5d80000,0x00000000d5d80000)
  from space 1536K, 68% used [0x00000000d5d80000,0x00000000d5e86a58,0x00000000d5f00000)
  to   space 2560K, 0% used [0x00000000d6180000,0x00000000d6180000,0x00000000d6400000)
 ParOldGen       total 68608K, used 64257K [0x0000000080000000, 0x0000000084300000, 0x00000000d5580000)
  object space 68608K, 93% used [0x0000000080000000,0x0000000083ec0738,0x0000000084300000)
 Metaspace       used 73668K, committed 75136K, reserved 1179648K
  class space    used 8994K, committed 9664K, reserved 1048576K
}
Event: 15.903 GC heap after
{Heap after GC invocations=63 (full 3):
 PSYoungGen      total 9216K, used 800K [0x00000000d5580000, 0x00000000d6280000, 0x0000000100000000)
  eden space 8192K, 0% used [0x00000000d5580000,0x00000000d5580000,0x00000000d5d80000)
  from space 1024K, 78% used [0x00000000d6180000,0x00000000d6248000,0x00000000d6280000)
  to   space 1536K, 0% used [0x00000000d5f80000,0x00000000d5f80000,0x00000000d6100000)
 ParOldGen       total 68608K, used 65172K [0x0000000080000000, 0x0000000084300000, 0x00000000d5580000)
  object space 68608K, 94% used [0x0000000080000000,0x0000000083fa50d8,0x0000000084300000)
 Metaspace       used 73668K, committed 75136K, reserved 1179648K
  class space    used 8994K, committed 9664K, reserved 1048576K
}
Event: 15.991 GC heap before
{Heap before GC invocations=64 (full 3):
 PSYoungGen      total 9216K, used 8984K [0x00000000d5580000, 0x00000000d6280000, 0x0000000100000000)
  eden space 8192K, 99% used [0x00000000d5580000,0x00000000d5d7e340,0x00000000d5d80000)
  from space 1024K, 78% used [0x00000000d6180000,0x00000000d6248000,0x00000000d6280000)
  to   space 1536K, 0% used [0x00000000d5f80000,0x00000000d5f80000,0x00000000d6100000)
 ParOldGen       total 68608K, used 65172K [0x0000000080000000, 0x0000000084300000, 0x00000000d5580000)
  object space 68608K, 94% used [0x0000000080000000,0x0000000083fa50d8,0x0000000084300000)
 Metaspace       used 73698K, committed 75136K, reserved 1179648K
  class space    used 8994K, committed 9664K, reserved 1048576K
}
Event: 15.994 GC heap after
{Heap after GC invocations=64 (full 3):
 PSYoungGen      total 9728K, used 608K [0x00000000d5580000, 0x00000000d6200000, 0x0000000100000000)
  eden space 8192K, 0% used [0x00000000d5580000,0x00000000d5580000,0x00000000d5d80000)
  from space 1536K, 39% used [0x00000000d5f80000,0x00000000d6018000,0x00000000d6100000)
  to   space 1024K, 0% used [0x00000000d6100000,0x00000000d6100000,0x00000000d6200000)
 ParOldGen       total 68608K, used 65863K [0x0000000080000000, 0x0000000084300000, 0x00000000d5580000)
  object space 68608K, 95% used [0x0000000080000000,0x0000000084051ce0,0x0000000084300000)
 Metaspace       used 73698K, committed 75136K, reserved 1179648K
  class space    used 8994K, committed 9664K, reserved 1048576K
}
Event: 16.117 GC heap before
{Heap before GC invocations=65 (full 3):
 PSYoungGen      total 9728K, used 8800K [0x00000000d5580000, 0x00000000d6200000, 0x0000000100000000)
  eden space 8192K, 100% used [0x00000000d5580000,0x00000000d5d80000,0x00000000d5d80000)
  from space 1536K, 39% used [0x00000000d5f80000,0x00000000d6018000,0x00000000d6100000)
  to   space 1024K, 0% used [0x00000000d6100000,0x00000000d6100000,0x00000000d6200000)
 ParOldGen       total 68608K, used 65863K [0x0000000080000000, 0x0000000084300000, 0x00000000d5580000)
  object space 68608K, 95% used [0x0000000080000000,0x0000000084051ce0,0x0000000084300000)
 Metaspace       used 73718K, committed 75136K, reserved 1179648K
  class space    used 8994K, committed 9664K, reserved 1048576K
}
Event: 16.119 GC heap after
{Heap after GC invocations=65 (full 3):
 PSYoungGen      total 8704K, used 384K [0x00000000d5580000, 0x00000000d6180000, 0x0000000100000000)
  eden space 8192K, 0% used [0x00000000d5580000,0x00000000d5580000,0x00000000d5d80000)
  from space 512K, 75% used [0x00000000d6100000,0x00000000d6160000,0x00000000d6180000)
  to   space 512K, 0% used [0x00000000d6080000,0x00000000d6080000,0x00000000d6100000)
 ParOldGen       total 68608K, used 66119K [0x0000000080000000, 0x0000000084300000, 0x00000000d5580000)
  object space 68608K, 96% used [0x0000000080000000,0x0000000084091ce0,0x0000000084300000)
 Metaspace       used 73718K, committed 75136K, reserved 1179648K
  class space    used 8994K, committed 9664K, reserved 1048576K
}
Event: 16.224 GC heap before
{Heap before GC invocations=66 (full 3):
 PSYoungGen      total 8704K, used 8576K [0x00000000d5580000, 0x00000000d6180000, 0x0000000100000000)
  eden space 8192K, 100% used [0x00000000d5580000,0x00000000d5d80000,0x00000000d5d80000)
  from space 512K, 75% used [0x00000000d6100000,0x00000000d6160000,0x00000000d6180000)
  to   space 512K, 0% used [0x00000000d6080000,0x00000000d6080000,0x00000000d6100000)
 ParOldGen       total 68608K, used 66119K [0x0000000080000000, 0x0000000084300000, 0x00000000d5580000)
  object space 68608K, 96% used [0x0000000080000000,0x0000000084091ce0,0x0000000084300000)
 Metaspace       used 73747K, committed 75200K, reserved 1179648K
  class space    used 8994K, committed 9664K, reserved 1048576K
}
Event: 16.226 GC heap after
{Heap after GC invocations=66 (full 3):
 PSYoungGen      total 8704K, used 512K [0x00000000d5580000, 0x00000000d6180000, 0x0000000100000000)
  eden space 8192K, 0% used [0x00000000d5580000,0x00000000d5580000,0x00000000d5d80000)
  from space 512K, 100% used [0x00000000d6080000,0x00000000d6100000,0x00000000d6100000)
  to   space 512K, 0% used [0x00000000d6100000,0x00000000d6100000,0x00000000d6180000)
 ParOldGen       total 68608K, used 66439K [0x0000000080000000, 0x0000000084300000, 0x00000000d5580000)
  object space 68608K, 96% used [0x0000000080000000,0x00000000840e1ce0,0x0000000084300000)
 Metaspace       used 73747K, committed 75200K, reserved 1179648K
  class space    used 8994K, committed 9664K, reserved 1048576K
}
Event: 16.370 GC heap before
{Heap before GC invocations=67 (full 3):
 PSYoungGen      total 8704K, used 8704K [0x00000000d5580000, 0x00000000d6180000, 0x0000000100000000)
  eden space 8192K, 100% used [0x00000000d5580000,0x00000000d5d80000,0x00000000d5d80000)
  from space 512K, 100% used [0x00000000d6080000,0x00000000d6100000,0x00000000d6100000)
  to   space 512K, 0% used [0x00000000d6100000,0x00000000d6100000,0x00000000d6180000)
 ParOldGen       total 68608K, used 66439K [0x0000000080000000, 0x0000000084300000, 0x00000000d5580000)
  object space 68608K, 96% used [0x0000000080000000,0x00000000840e1ce0,0x0000000084300000)
 Metaspace       used 73748K, committed 75200K, reserved 1179648K
  class space    used 8994K, committed 9664K, reserved 1048576K
}
Event: 16.372 GC heap after
{Heap after GC invocations=67 (full 3):
 PSYoungGen      total 8704K, used 482K [0x00000000d5580000, 0x00000000d6180000, 0x0000000100000000)
  eden space 8192K, 0% used [0x00000000d5580000,0x00000000d5580000,0x00000000d5d80000)
  from space 512K, 94% used [0x00000000d6100000,0x00000000d6178ba0,0x00000000d6180000)
  to   space 1536K, 0% used [0x00000000d5e80000,0x00000000d5e80000,0x00000000d6000000)
 ParOldGen       total 68608K, used 67159K [0x0000000080000000, 0x0000000084300000, 0x00000000d5580000)
  object space 68608K, 97% used [0x0000000080000000,0x0000000084195ce0,0x0000000084300000)
 Metaspace       used 73748K, committed 75200K, reserved 1179648K
  class space    used 8994K, committed 9664K, reserved 1048576K
}
Event: 16.584 GC heap before
{Heap before GC invocations=68 (full 3):
 PSYoungGen      total 8704K, used 8674K [0x00000000d5580000, 0x00000000d6180000, 0x0000000100000000)
  eden space 8192K, 100% used [0x00000000d5580000,0x00000000d5d80000,0x00000000d5d80000)
  from space 512K, 94% used [0x00000000d6100000,0x00000000d6178ba0,0x00000000d6180000)
  to   space 1536K, 0% used [0x00000000d5e80000,0x00000000d5e80000,0x00000000d6000000)
 ParOldGen       total 68608K, used 67159K [0x0000000080000000, 0x0000000084300000, 0x00000000d5580000)
  object space 68608K, 97% used [0x0000000080000000,0x0000000084195ce0,0x0000000084300000)
 Metaspace       used 73750K, committed 75200K, reserved 1179648K
  class space    used 8994K, committed 9664K, reserved 1048576K
}
Event: 16.586 GC heap after
{Heap after GC invocations=68 (full 3):
 PSYoungGen      total 9728K, used 950K [0x00000000d5580000, 0x00000000d6180000, 0x0000000100000000)
  eden space 8192K, 0% used [0x00000000d5580000,0x00000000d5580000,0x00000000d5d80000)
  from space 1536K, 61% used [0x00000000d5e80000,0x00000000d5f6d808,0x00000000d6000000)
  to   space 1536K, 0% used [0x00000000d6000000,0x00000000d6000000,0x00000000d6180000)
 ParOldGen       total 68608K, used 67613K [0x0000000080000000, 0x0000000084300000, 0x00000000d5580000)
  object space 68608K, 98% used [0x0000000080000000,0x00000000842077f0,0x0000000084300000)
 Metaspace       used 73750K, committed 75200K, reserved 1179648K
  class space    used 8994K, committed 9664K, reserved 1048576K
}
Event: 16.669 GC heap before
{Heap before GC invocations=69 (full 3):
 PSYoungGen      total 9728K, used 9141K [0x00000000d5580000, 0x00000000d6180000, 0x0000000100000000)
  eden space 8192K, 99% used [0x00000000d5580000,0x00000000d5d7ffe0,0x00000000d5d80000)
  from space 1536K, 61% used [0x00000000d5e80000,0x00000000d5f6d808,0x00000000d6000000)
  to   space 1536K, 0% used [0x00000000d6000000,0x00000000d6000000,0x00000000d6180000)
 ParOldGen       total 68608K, used 67613K [0x0000000080000000, 0x0000000084300000, 0x00000000d5580000)
  object space 68608K, 98% used [0x0000000080000000,0x00000000842077f0,0x0000000084300000)
 Metaspace       used 73750K, committed 75200K, reserved 1179648K
  class space    used 8994K, committed 9664K, reserved 1048576K
}
Event: 16.674 GC heap after
{Heap after GC invocations=69 (full 3):
 PSYoungGen      total 9216K, used 992K [0x00000000d5580000, 0x00000000d6100000, 0x0000000100000000)
  eden space 8192K, 0% used [0x00000000d5580000,0x00000000d5580000,0x00000000d5d80000)
  from space 1024K, 96% used [0x00000000d6000000,0x00000000d60f8000,0x00000000d6100000)
  to   space 1024K, 0% used [0x00000000d5f00000,0x00000000d5f00000,0x00000000d6000000)
 ParOldGen       total 68608K, used 68507K [0x0000000080000000, 0x0000000084300000, 0x00000000d5580000)
  object space 68608K, 99% used [0x0000000080000000,0x00000000842e6ff8,0x0000000084300000)
 Metaspace       used 73750K, committed 75200K, reserved 1179648K
  class space    used 8994K, committed 9664K, reserved 1048576K
}
Event: 16.971 GC heap before
{Heap before GC invocations=70 (full 3):
 PSYoungGen      total 9216K, used 9184K [0x00000000d5580000, 0x00000000d6100000, 0x0000000100000000)
  eden space 8192K, 100% used [0x00000000d5580000,0x00000000d5d80000,0x00000000d5d80000)
  from space 1024K, 96% used [0x00000000d6000000,0x00000000d60f8000,0x00000000d6100000)
  to   space 1024K, 0% used [0x00000000d5f00000,0x00000000d5f00000,0x00000000d6000000)
 ParOldGen       total 68608K, used 68507K [0x0000000080000000, 0x0000000084300000, 0x00000000d5580000)
  object space 68608K, 99% used [0x0000000080000000,0x00000000842e6ff8,0x0000000084300000)
 Metaspace       used 73750K, committed 75200K, reserved 1179648K
  class space    used 8994K, committed 9664K, reserved 1048576K
}
Event: 16.977 GC heap after
{Heap after GC invocations=70 (full 3):
 PSYoungGen      total 9216K, used 672K [0x00000000d5580000, 0x00000000d6080000, 0x0000000100000000)
  eden space 8192K, 0% used [0x00000000d5580000,0x00000000d5580000,0x00000000d5d80000)
  from space 1024K, 65% used [0x00000000d5f00000,0x00000000d5fa8000,0x00000000d6000000)
  to   space 512K, 0% used [0x00000000d6000000,0x00000000d6000000,0x00000000d6080000)
 ParOldGen       total 69632K, used 69443K [0x0000000080000000, 0x0000000084400000, 0x00000000d5580000)
  object space 69632K, 99% used [0x0000000080000000,0x00000000843d0ff8,0x0000000084400000)
 Metaspace       used 73750K, committed 75200K, reserved 1179648K
  class space    used 8994K, committed 9664K, reserved 1048576K
}

