# JRE version: OpenJDK Runtime Environment Temurin-21.0.10+7 (21.0.10+7) (build 21.0.10+7-LTS)
# Java VM: OpenJDK 64-Bit Server VM Temurin-21.0.10+7 (21.0.10+7-LTS, mixed mode, sharing, tiered, compressed oops, compressed class ptrs, parallel gc, windows-amd64)
GC Precious Log:
 CardTable entry size: 512
 CPUs: 8 total, 8 available
 Memory: 7976M
 Large Page Support: Disabled
 NUMA Support: Disabled
 Compressed Oops: Enabled (32-bit)
 Alignments: Space 512K, Generation 512K, Heap 2M
 Heap Min Capacity: 100M
 Heap Initial Capacity: 100M
 Heap Max Capacity: 2G
 Pre-touch: Disabled
 Parallel Workers: 8
Heap:
 PSYoungGen      total 11264K, used 5619K [0x00000000d5580000, 0x00000000d6600000, 0x0000000100000000)
  eden space 5632K, 0% used [0x00000000d5580000,0x00000000d5580000,0x00000000d5b00000)
  from space 5632K, 99% used [0x00000000d5b00000,0x00000000d607cf18,0x00000000d6080000)
  to   space 5120K, 0% used [0x00000000d6100000,0x00000000d6100000,0x00000000d6600000)
 ParOldGen       total 359936K, used 359695K [0x0000000080000000, 0x0000000095f80000, 0x00000000d5580000)
  object space 359936K, 99% used [0x0000000080000000,0x0000000095f43d40,0x0000000095f80000)
 Metaspace       used 71235K, committed 72640K, reserved 1114112K
  class space    used 8748K, committed 9344K, reserved 1048576K
GC Heap History (20 events):
Event: 22.580 GC heap after
{Heap after GC invocations=492 (full 3):
 PSYoungGen      total 7168K, used 2034K [0x00000000d5580000, 0x00000000d6080000, 0x0000000100000000)
  eden space 5120K, 0% used [0x00000000d5580000,0x00000000d5580000,0x00000000d5a80000)
  from space 2048K, 99% used [0x00000000d5a80000,0x00000000d5c7cbc0,0x00000000d5c80000)
  to   space 2560K, 0% used [0x00000000d5e00000,0x00000000d5e00000,0x00000000d6080000)
 ParOldGen       total 332800K, used 332629K [0x0000000080000000, 0x0000000094500000, 0x00000000d5580000)
  object space 332800K, 99% used [0x0000000080000000,0x00000000944d5448,0x0000000094500000)
 Metaspace       used 70687K, committed 72064K, reserved 1114112K
  class space    used 8714K, committed 9344K, reserved 1048576K
}
Event: 22.584 GC heap before
{Heap before GC invocations=493 (full 3):
 PSYoungGen      total 7168K, used 7132K [0x00000000d5580000, 0x00000000d6080000, 0x0000000100000000)
  eden space 5120K, 99% used [0x00000000d5580000,0x00000000d5a7a798,0x00000000d5a80000)
  from space 2048K, 99% used [0x00000000d5a80000,0x00000000d5c7cbc0,0x00000000d5c80000)
  to   space 2560K, 0% used [0x00000000d5e00000,0x00000000d5e00000,0x00000000d6080000)
 ParOldGen       total 332800K, used 332629K [0x0000000080000000, 0x0000000094500000, 0x00000000d5580000)
  object space 332800K, 99% used [0x0000000080000000,0x00000000944d5448,0x0000000094500000)
 Metaspace       used 70708K, committed 72064K, reserved 1114112K
  class space    used 8717K, committed 9344K, reserved 1048576K
}
Event: 22.586 GC heap after
{Heap after GC invocations=493 (full 3):
 PSYoungGen      total 8704K, used 2162K [0x00000000d5580000, 0x00000000d6080000, 0x0000000100000000)
  eden space 6144K, 0% used [0x00000000d5580000,0x00000000d5580000,0x00000000d5b80000)
  from space 2560K, 84% used [0x00000000d5e00000,0x00000000d601cb50,0x00000000d6080000)
  to   space 2560K, 0% used [0x00000000d5b80000,0x00000000d5b80000,0x00000000d5e00000)
 ParOldGen       total 334848K, used 334533K [0x0000000080000000, 0x0000000094700000, 0x00000000d5580000)
  object space 334848K, 99% used [0x0000000080000000,0x00000000946b1618,0x0000000094700000)
 Metaspace       used 70708K, committed 72064K, reserved 1114112K
  class space    used 8717K, committed 9344K, reserved 1048576K
}
Event: 22.590 GC heap before
{Heap before GC invocations=494 (full 3):
 PSYoungGen      total 8704K, used 8306K [0x00000000d5580000, 0x00000000d6080000, 0x0000000100000000)
  eden space 6144K, 100% used [0x00000000d5580000,0x00000000d5b80000,0x00000000d5b80000)
  from space 2560K, 84% used [0x00000000d5e00000,0x00000000d601cb50,0x00000000d6080000)
  to   space 2560K, 0% used [0x00000000d5b80000,0x00000000d5b80000,0x00000000d5e00000)
 ParOldGen       total 334848K, used 334533K [0x0000000080000000, 0x0000000094700000, 0x00000000d5580000)
  object space 334848K, 99% used [0x0000000080000000,0x00000000946b1618,0x0000000094700000)
 Metaspace       used 70723K, committed 72128K, reserved 1114112K
  class space    used 8717K, committed 9344K, reserved 1048576K
}
Event: 22.592 GC heap after
{Heap after GC invocations=494 (full 3):
 PSYoungGen      total 8704K, used 2516K [0x00000000d5580000, 0x00000000d6300000, 0x0000000100000000)
  eden space 6144K, 0% used [0x00000000d5580000,0x00000000d5580000,0x00000000d5b80000)
  from space 2560K, 98% used [0x00000000d5b80000,0x00000000d5df5300,0x00000000d5e00000)
  to   space 3072K, 0% used [0x00000000d6000000,0x00000000d6000000,0x00000000d6300000)
 ParOldGen       total 336896K, used 336709K [0x0000000080000000, 0x0000000094900000, 0x00000000d5580000)
  object space 336896K, 99% used [0x0000000080000000,0x00000000948d1798,0x0000000094900000)
 Metaspace       used 70723K, committed 72128K, reserved 1114112K
  class space    used 8717K, committed 9344K, reserved 1048576K
}
Event: 22.597 GC heap before
{Heap before GC invocations=495 (full 3):
 PSYoungGen      total 8704K, used 8660K [0x00000000d5580000, 0x00000000d6300000, 0x0000000100000000)
  eden space 6144K, 100% used [0x00000000d5580000,0x00000000d5b80000,0x00000000d5b80000)
  from space 2560K, 98% used [0x00000000d5b80000,0x00000000d5df5300,0x00000000d5e00000)
  to   space 3072K, 0% used [0x00000000d6000000,0x00000000d6000000,0x00000000d6300000)
 ParOldGen       total 336896K, used 336709K [0x0000000080000000, 0x0000000094900000, 0x00000000d5580000)
  object space 336896K, 99% used [0x0000000080000000,0x00000000948d1798,0x0000000094900000)
 Metaspace       used 70770K, committed 72128K, reserved 1114112K
  class space    used 8720K, committed 9344K, reserved 1048576K
}
Event: 22.599 GC heap after
{Heap after GC invocations=495 (full 3):
 PSYoungGen      total 10240K, used 2376K [0x00000000d5580000, 0x00000000d6280000, 0x0000000100000000)
  eden space 7680K, 0% used [0x00000000d5580000,0x00000000d5580000,0x00000000d5d00000)
  from space 2560K, 92% used [0x00000000d6000000,0x00000000d6252098,0x00000000d6280000)
  to   space 2560K, 0% used [0x00000000d5d80000,0x00000000d5d80000,0x00000000d6000000)
 ParOldGen       total 338944K, used 338904K [0x0000000080000000, 0x0000000094b00000, 0x00000000d5580000)
  object space 338944K, 99% used [0x0000000080000000,0x0000000094af6178,0x0000000094b00000)
 Metaspace       used 70770K, committed 72128K, reserved 1114112K
  class space    used 8720K, committed 9344K, reserved 1048576K
}
Event: 22.629 GC heap before
{Heap before GC invocations=496 (full 3):
 PSYoungGen      total 10240K, used 10056K [0x00000000d5580000, 0x00000000d6280000, 0x0000000100000000)
  eden space 7680K, 100% used [0x00000000d5580000,0x00000000d5d00000,0x00000000d5d00000)
  from space 2560K, 92% used [0x00000000d6000000,0x00000000d6252098,0x00000000d6280000)
  to   space 2560K, 0% used [0x00000000d5d80000,0x00000000d5d80000,0x00000000d6000000)
 ParOldGen       total 338944K, used 338904K [0x0000000080000000, 0x0000000094b00000, 0x00000000d5580000)
  object space 338944K, 99% used [0x0000000080000000,0x0000000094af6178,0x0000000094b00000)
 Metaspace       used 70995K, committed 72384K, reserved 1114112K
  class space    used 8738K, committed 9344K, reserved 1048576K
}
Event: 22.631 GC heap after
{Heap after GC invocations=496 (full 3):
 PSYoungGen      total 10752K, used 2388K [0x00000000d5580000, 0x00000000d6380000, 0x0000000100000000)
  eden space 8192K, 0% used [0x00000000d5580000,0x00000000d5580000,0x00000000d5d80000)
  from space 2560K, 93% used [0x00000000d5d80000,0x00000000d5fd52c8,0x00000000d6000000)
  to   space 2560K, 0% used [0x00000000d6100000,0x00000000d6100000,0x00000000d6380000)
 ParOldGen       total 341504K, used 341104K [0x0000000080000000, 0x0000000094d80000, 0x00000000d5580000)
  object space 341504K, 99% used [0x0000000080000000,0x0000000094d1c398,0x0000000094d80000)
 Metaspace       used 70995K, committed 72384K, reserved 1114112K
  class space    used 8738K, committed 9344K, reserved 1048576K
}
Event: 22.773 GC heap before
{Heap before GC invocations=497 (full 3):
 PSYoungGen      total 10752K, used 10580K [0x00000000d5580000, 0x00000000d6380000, 0x0000000100000000)
  eden space 8192K, 100% used [0x00000000d5580000,0x00000000d5d80000,0x00000000d5d80000)
  from space 2560K, 93% used [0x00000000d5d80000,0x00000000d5fd52c8,0x00000000d6000000)
  to   space 2560K, 0% used [0x00000000d6100000,0x00000000d6100000,0x00000000d6380000)
 ParOldGen       total 341504K, used 341104K [0x0000000080000000, 0x0000000094d80000, 0x00000000d5580000)
  object space 341504K, 99% used [0x0000000080000000,0x0000000094d1c398,0x0000000094d80000)
 Metaspace       used 71136K, committed 72512K, reserved 1114112K
  class space    used 8748K, committed 9344K, reserved 1048576K
}
Event: 22.776 GC heap after
{Heap after GC invocations=497 (full 3):
 PSYoungGen      total 9216K, used 608K [0x00000000d5580000, 0x00000000d6200000, 0x0000000100000000)
  eden space 8192K, 0% used [0x00000000d5580000,0x00000000d5580000,0x00000000d5d80000)
  from space 1024K, 59% used [0x00000000d6100000,0x00000000d6198000,0x00000000d6200000)
  to   space 1536K, 0% used [0x00000000d5f00000,0x00000000d5f00000,0x00000000d6080000)
 ParOldGen       total 343552K, used 343388K [0x0000000080000000, 0x0000000094f80000, 0x00000000d5580000)
  object space 343552K, 99% used [0x0000000080000000,0x0000000094f57298,0x0000000094f80000)
 Metaspace       used 71136K, committed 72512K, reserved 1114112K
  class space    used 8748K, committed 9344K, reserved 1048576K
}
Event: 22.872 GC heap before
{Heap before GC invocations=498 (full 3):
 PSYoungGen      total 9216K, used 8800K [0x00000000d5580000, 0x00000000d6200000, 0x0000000100000000)
  eden space 8192K, 100% used [0x00000000d5580000,0x00000000d5d80000,0x00000000d5d80000)
  from space 1024K, 59% used [0x00000000d6100000,0x00000000d6198000,0x00000000d6200000)
  to   space 1536K, 0% used [0x00000000d5f00000,0x00000000d5f00000,0x00000000d6080000)
 ParOldGen       total 343552K, used 343388K [0x0000000080000000, 0x0000000094f80000, 0x00000000d5580000)
  object space 343552K, 99% used [0x0000000080000000,0x0000000094f57298,0x0000000094f80000)
 Metaspace       used 71182K, committed 72576K, reserved 1114112K
  class space    used 8748K, committed 9344K, reserved 1048576K
}
Event: 22.874 GC heap after
{Heap after GC invocations=498 (full 3):
 PSYoungGen      total 9728K, used 1506K [0x00000000d5580000, 0x00000000d6580000, 0x0000000100000000)
  eden space 8192K, 0% used [0x00000000d5580000,0x00000000d5580000,0x00000000d5d80000)
  from space 1536K, 98% used [0x00000000d5f00000,0x00000000d6078a00,0x00000000d6080000)
  to   space 4096K, 0% used [0x00000000d6180000,0x00000000d6180000,0x00000000d6580000)
 ParOldGen       total 345088K, used 345036K [0x0000000080000000, 0x0000000095100000, 0x00000000d5580000)
  object space 345088K, 99% used [0x0000000080000000,0x00000000950f3148,0x0000000095100000)
 Metaspace       used 71182K, committed 72576K, reserved 1114112K
  class space    used 8748K, committed 9344K, reserved 1048576K
}
Event: 22.981 GC heap before
{Heap before GC invocations=499 (full 3):
 PSYoungGen      total 9728K, used 9696K [0x00000000d5580000, 0x00000000d6580000, 0x0000000100000000)
  eden space 8192K, 99% used [0x00000000d5580000,0x00000000d5d7f990,0x00000000d5d80000)
  from space 1536K, 98% used [0x00000000d5f00000,0x00000000d6078a00,0x00000000d6080000)
  to   space 4096K, 0% used [0x00000000d6180000,0x00000000d6180000,0x00000000d6580000)
 ParOldGen       total 345088K, used 345036K [0x0000000080000000, 0x0000000095100000, 0x00000000d5580000)
  object space 345088K, 99% used [0x0000000080000000,0x00000000950f3148,0x0000000095100000)
 Metaspace       used 71232K, committed 72640K, reserved 1114112K
  class space    used 8748K, committed 9344K, reserved 1048576K
}
Event: 22.987 GC heap after
{Heap after GC invocations=499 (full 3):
 PSYoungGen      total 9728K, used 4074K [0x00000000d5580000, 0x00000000d6a80000, 0x0000000100000000)
  eden space 5632K, 0% used [0x00000000d5580000,0x00000000d5580000,0x00000000d5b00000)
  from space 4096K, 99% used [0x00000000d6180000,0x00000000d657abd0,0x00000000d6580000)
  to   space 6656K, 0% used [0x00000000d5b00000,0x00000000d5b00000,0x00000000d6180000)
 ParOldGen       total 347136K, used 346676K [0x0000000080000000, 0x0000000095300000, 0x00000000d5580000)
  object space 347136K, 99% used [0x0000000080000000,0x000000009528d0e8,0x0000000095300000)
 Metaspace       used 71232K, committed 72640K, reserved 1114112K
  class space    used 8748K, committed 9344K, reserved 1048576K
}
Event: 23.110 GC heap before
{Heap before GC invocations=500 (full 3):
 PSYoungGen      total 9728K, used 9703K [0x00000000d5580000, 0x00000000d6a80000, 0x0000000100000000)
  eden space 5632K, 99% used [0x00000000d5580000,0x00000000d5aff318,0x00000000d5b00000)
  from space 4096K, 99% used [0x00000000d6180000,0x00000000d657abd0,0x00000000d6580000)
  to   space 6656K, 0% used [0x00000000d5b00000,0x00000000d5b00000,0x00000000d6180000)
 ParOldGen       total 347136K, used 346676K [0x0000000080000000, 0x0000000095300000, 0x00000000d5580000)
  object space 347136K, 99% used [0x0000000080000000,0x000000009528d0e8,0x0000000095300000)
 Metaspace       used 71234K, committed 72640K, reserved 1114112K
  class space    used 8748K, committed 9344K, reserved 1048576K
}
Event: 23.115 GC heap after
{Heap after GC invocations=500 (full 3):
 PSYoungGen      total 11264K, used 5537K [0x00000000d5580000, 0x00000000d6700000, 0x0000000100000000)
  eden space 5632K, 0% used [0x00000000d5580000,0x00000000d5580000,0x00000000d5b00000)
  from space 5632K, 98% used [0x00000000d5b00000,0x00000000d60686b0,0x00000000d6080000)
  to   space 6144K, 0% used [0x00000000d6100000,0x00000000d6100000,0x00000000d6700000)
 ParOldGen       total 349696K, used 349477K [0x0000000080000000, 0x0000000095580000, 0x00000000d5580000)
  object space 349696K, 99% used [0x0000000080000000,0x00000000955495a0,0x0000000095580000)
 Metaspace       used 71234K, committed 72640K, reserved 1114112K
  class space    used 8748K, committed 9344K, reserved 1048576K
}
Event: 23.197 GC heap before
{Heap before GC invocations=501 (full 3):
 PSYoungGen      total 11264K, used 10751K [0x00000000d5580000, 0x00000000d6700000, 0x0000000100000000)
  eden space 5632K, 92% used [0x00000000d5580000,0x00000000d5a978c0,0x00000000d5b00000)
  from space 5632K, 98% used [0x00000000d5b00000,0x00000000d60686b0,0x00000000d6080000)
  to   space 6144K, 0% used [0x00000000d6100000,0x00000000d6100000,0x00000000d6700000)
 ParOldGen       total 349696K, used 349477K [0x0000000080000000, 0x0000000095580000, 0x00000000d5580000)
  object space 349696K, 99% used [0x0000000080000000,0x00000000955495a0,0x0000000095580000)
 Metaspace       used 71235K, committed 72640K, reserved 1114112K
  class space    used 8748K, committed 9344K, reserved 1048576K
}
Event: 23.206 GC heap after
{Heap after GC invocations=501 (full 3):
 PSYoungGen      total 10752K, used 5031K [0x00000000d5580000, 0x00000000d6600000, 0x0000000100000000)
  eden space 5632K, 0% used [0x00000000d5580000,0x00000000d5580000,0x00000000d5b00000)
  from space 5120K, 98% used [0x00000000d6100000,0x00000000d65e9cc0,0x00000000d6600000)
  to   space 5632K, 0% used [0x00000000d5b00000,0x00000000d5b00000,0x00000000d6080000)
 ParOldGen       total 354816K, used 354745K [0x0000000080000000, 0x0000000095a80000, 0x00000000d5580000)
  object space 354816K, 99% used [0x0000000080000000,0x0000000095a6e618,0x0000000095a80000)
 Metaspace       used 71235K, committed 72640K, reserved 1114112K
  class space    used 8748K, committed 9344K, reserved 1048576K
}
Event: 23.305 GC heap before
{Heap before GC invocations=502 (full 3):
 PSYoungGen      total 10752K, used 10663K [0x00000000d5580000, 0x00000000d6600000, 0x0000000100000000)
  eden space 5632K, 100% used [0x00000000d5580000,0x00000000d5b00000,0x00000000d5b00000)
  from space 5120K, 98% used [0x00000000d6100000,0x00000000d65e9cc0,0x00000000d6600000)
  to   space 5632K, 0% used [0x00000000d5b00000,0x00000000d5b00000,0x00000000d6080000)
 ParOldGen       total 354816K, used 354745K [0x0000000080000000, 0x0000000095a80000, 0x00000000d5580000)
  object space 354816K, 99% used [0x0000000080000000,0x0000000095a6e618,0x0000000095a80000)
 Metaspace       used 71235K, committed 72640K, reserved 1114112K
  class space    used 8748K, committed 9344K, reserved 1048576K
}

