# JRE version: OpenJDK Runtime Environment Temurin-21.0.10+7 (21.0.10+7) (build 21.0.10+7-LTS)
# Java VM: OpenJDK 64-Bit Server VM Temurin-21.0.10+7 (21.0.10+7-LTS, mixed mode, sharing, tiered, compressed oops, compressed class ptrs, g1 gc, windows-amd64)
GC Precious Log:
 CardTable entry size: 512
 Card Set container configuration: InlinePtr #cards 5 size 8 Array Of Cards #cards 12 size 40 Howl #buckets 4 coarsen threshold 1843 Howl Bitmap #cards 512 size 80 coarsen threshold 460 Card regions per heap region 1 cards per card region 2048
 CPUs: 8 total, 8 available
 Memory: 7976M
 Large Page Support: Disabled
 NUMA Support: Disabled
 Compressed Oops: Enabled (32-bit)
 Heap Region Size: 1M
 Heap Min Capacity: 512M
 Heap Initial Capacity: 512M
 Heap Max Capacity: 1G
 Pre-touch: Disabled
 Parallel Workers: 8
 Concurrent Workers: 2
 Concurrent Refinement Workers: 8
 Periodic GC: Disabled
Heap:
 garbage-first heap   total 524288K, used 228601K [0x00000000c0000000, 0x0000000100000000)
  region size 1024K, 177 young (181248K), 7 survivors (7168K)
 Metaspace       used 71042K, committed 73280K, reserved 1114112K
  class space    used 10348K, committed 11456K, reserved 1048576K
GC Heap History (20 events):
Event: 3.212 GC heap before
{Heap before GC invocations=0 (full 0):
 garbage-first heap   total 524288K, used 29696K [0x00000000c0000000, 0x0000000100000000)
  region size 1024K, 25 young (25600K), 0 survivors (0K)
 Metaspace       used 3339K, committed 3520K, reserved 1114112K
  class space    used 419K, committed 512K, reserved 1048576K
}
Event: 3.220 GC heap after
{Heap after GC invocations=1 (full 0):
 garbage-first heap   total 524288K, used 10898K [0x00000000c0000000, 0x0000000100000000)
  region size 1024K, 4 young (4096K), 4 survivors (4096K)
 Metaspace       used 3339K, committed 3520K, reserved 1114112K
  class space    used 419K, committed 512K, reserved 1048576K
}
Event: 3.834 GC heap before
{Heap before GC invocations=1 (full 0):
 garbage-first heap   total 524288K, used 42642K [0x00000000c0000000, 0x0000000100000000)
  region size 1024K, 33 young (33792K), 4 survivors (4096K)
 Metaspace       used 4631K, committed 4864K, reserved 1114112K
  class space    used 591K, committed 704K, reserved 1048576K
}
Event: 3.840 GC heap after
{Heap after GC invocations=2 (full 0):
 garbage-first heap   total 524288K, used 16344K [0x00000000c0000000, 0x0000000100000000)
  region size 1024K, 5 young (5120K), 5 survivors (5120K)
 Metaspace       used 4631K, committed 4864K, reserved 1114112K
  class space    used 591K, committed 704K, reserved 1048576K
}
Event: 6.270 GC heap before
{Heap before GC invocations=2 (full 0):
 garbage-first heap   total 524288K, used 123864K [0x00000000c0000000, 0x0000000100000000)
  region size 1024K, 110 young (112640K), 5 survivors (5120K)
 Metaspace       used 20799K, committed 21504K, reserved 1114112K
  class space    used 2998K, committed 3328K, reserved 1048576K
}
Event: 6.284 GC heap after
{Heap after GC invocations=3 (full 0):
 garbage-first heap   total 524288K, used 24490K [0x00000000c0000000, 0x0000000100000000)
  region size 1024K, 12 young (12288K), 12 survivors (12288K)
 Metaspace       used 20799K, committed 21504K, reserved 1114112K
  class space    used 2998K, committed 3328K, reserved 1048576K
}
Event: 6.299 GC heap before
{Heap before GC invocations=3 (full 0):
 garbage-first heap   total 524288K, used 24490K [0x00000000c0000000, 0x0000000100000000)
  region size 1024K, 13 young (13312K), 12 survivors (12288K)
 Metaspace       used 20861K, committed 21504K, reserved 1114112K
  class space    used 3004K, committed 3328K, reserved 1048576K
}
Event: 6.309 GC heap after
{Heap after GC invocations=4 (full 0):
 garbage-first heap   total 524288K, used 25263K [0x00000000c0000000, 0x0000000100000000)
  region size 1024K, 9 young (9216K), 9 survivors (9216K)
 Metaspace       used 20861K, committed 21504K, reserved 1114112K
  class space    used 3004K, committed 3328K, reserved 1048576K
}
Event: 8.161 GC heap before
{Heap before GC invocations=5 (full 0):
 garbage-first heap   total 524288K, used 143023K [0x00000000c0000000, 0x0000000100000000)
  region size 1024K, 126 young (129024K), 9 survivors (9216K)
 Metaspace       used 34787K, committed 36096K, reserved 1114112K
  class space    used 5120K, committed 5760K, reserved 1048576K
}
Event: 8.176 GC heap after
{Heap after GC invocations=6 (full 0):
 garbage-first heap   total 524288K, used 31922K [0x00000000c0000000, 0x0000000100000000)
  region size 1024K, 16 young (16384K), 16 survivors (16384K)
 Metaspace       used 34787K, committed 36096K, reserved 1114112K
  class space    used 5120K, committed 5760K, reserved 1048576K
}
Event: 8.208 GC heap before
{Heap before GC invocations=6 (full 0):
 garbage-first heap   total 524288K, used 32946K [0x00000000c0000000, 0x0000000100000000)
  region size 1024K, 18 young (18432K), 16 survivors (16384K)
 Metaspace       used 35079K, committed 36416K, reserved 1114112K
  class space    used 5219K, committed 5888K, reserved 1048576K
}
Event: 8.220 GC heap after
{Heap after GC invocations=7 (full 0):
 garbage-first heap   total 524288K, used 31146K [0x00000000c0000000, 0x0000000100000000)
  region size 1024K, 15 young (15360K), 15 survivors (15360K)
 Metaspace       used 35079K, committed 36416K, reserved 1114112K
  class space    used 5219K, committed 5888K, reserved 1048576K
}
Event: 8.250 GC heap before
{Heap before GC invocations=7 (full 0):
 garbage-first heap   total 524288K, used 33194K [0x00000000c0000000, 0x0000000100000000)
  region size 1024K, 18 young (18432K), 15 survivors (15360K)
 Metaspace       used 35376K, committed 36736K, reserved 1114112K
  class space    used 5323K, committed 5952K, reserved 1048576K
}
Event: 8.261 GC heap after
{Heap after GC invocations=8 (full 0):
 garbage-first heap   total 524288K, used 31611K [0x00000000c0000000, 0x0000000100000000)
  region size 1024K, 16 young (16384K), 16 survivors (16384K)
 Metaspace       used 35376K, committed 36736K, reserved 1114112K
  class space    used 5323K, committed 5952K, reserved 1048576K
}
Event: 15.232 GC heap before
{Heap before GC invocations=9 (full 0):
 garbage-first heap   total 524288K, used 330619K [0x00000000c0000000, 0x0000000100000000)
  region size 1024K, 307 young (314368K), 16 survivors (16384K)
 Metaspace       used 53260K, committed 55104K, reserved 1114112K
  class space    used 7817K, committed 8704K, reserved 1048576K
}
Event: 15.265 GC heap after
{Heap after GC invocations=10 (full 0):
 garbage-first heap   total 524288K, used 49196K [0x00000000c0000000, 0x0000000100000000)
  region size 1024K, 33 young (33792K), 33 survivors (33792K)
 Metaspace       used 53260K, committed 55104K, reserved 1114112K
  class space    used 7817K, committed 8704K, reserved 1048576K
}
Event: 16.785 GC heap before
{Heap before GC invocations=10 (full 0):
 garbage-first heap   total 524288K, used 124972K [0x00000000c0000000, 0x0000000100000000)
  region size 1024K, 108 young (110592K), 33 survivors (33792K)
 Metaspace       used 59519K, committed 61568K, reserved 1114112K
  class space    used 8841K, committed 9792K, reserved 1048576K
}
Event: 16.820 GC heap after
{Heap after GC invocations=11 (full 0):
 garbage-first heap   total 524288K, used 53188K [0x00000000c0000000, 0x0000000100000000)
  region size 1024K, 23 young (23552K), 23 survivors (23552K)
 Metaspace       used 59519K, committed 61568K, reserved 1114112K
  class space    used 8841K, committed 9792K, reserved 1048576K
}
Event: 16.938 GC heap before
{Heap before GC invocations=11 (full 0):
 garbage-first heap   total 524288K, used 59332K [0x00000000c0000000, 0x0000000100000000)
  region size 1024K, 30 young (30720K), 23 survivors (23552K)
 Metaspace       used 59853K, committed 61888K, reserved 1114112K
  class space    used 8893K, committed 9856K, reserved 1048576K
}
Event: 16.962 GC heap after
{Heap after GC invocations=12 (full 0):
 garbage-first heap   total 524288K, used 56569K [0x00000000c0000000, 0x0000000100000000)
  region size 1024K, 7 young (7168K), 7 survivors (7168K)
 Metaspace       used 59853K, committed 61888K, reserved 1114112K
  class space    used 8893K, committed 9856K, reserved 1048576K
}

