# JRE version: OpenJDK Runtime Environment Temurin-17.0.19+10 (17.0.19+10) (build 17.0.19+10)
# Java VM: OpenJDK 64-Bit Server VM Temurin-17.0.19+10 (17.0.19+10, mixed mode, emulated-client, sharing, tiered, compressed oops, compressed class ptrs, g1 gc, windows-amd64)
GC Precious Log:
 CPUs: 8 total, 8 available
 Memory: 7976M
 Large Page Support: Disabled
 NUMA Support: Disabled
 Compressed Oops: Enabled (32-bit)
 Heap Region Size: 1M
 Heap Min Capacity: 8M
 Heap Initial Capacity: 126M
 Heap Max Capacity: 1996M
 Pre-touch: Disabled
 Parallel Workers: 8
 Concurrent Workers: 2
 Concurrent Refinement Workers: 8
 Periodic GC: Disabled
Heap:
 garbage-first heap   total 45056K, used 25546K [0x0000000083400000, 0x0000000100000000)
  region size 1024K, 15 young (15360K), 1 survivors (1024K)
 Metaspace       used 26693K, committed 27136K, reserved 1114112K
  class space    used 3734K, committed 3968K, reserved 1048576K
GC Heap History (10 events):
Event: 1.521 GC heap before
{Heap before GC invocations=0 (full 0):
 garbage-first heap   total 129024K, used 23552K [0x0000000083400000, 0x0000000100000000)
  region size 1024K, 23 young (23552K), 0 survivors (0K)
 Metaspace       used 5221K, committed 5376K, reserved 1114112K
  class space    used 691K, committed 768K, reserved 1048576K
}
Event: 1.526 GC heap after
{Heap after GC invocations=1 (full 0):
 garbage-first heap   total 129024K, used 3935K [0x0000000083400000, 0x0000000100000000)
  region size 1024K, 3 young (3072K), 3 survivors (3072K)
 Metaspace       used 5221K, committed 5376K, reserved 1114112K
  class space    used 691K, committed 768K, reserved 1048576K
}
Event: 9.384 GC heap before
{Heap before GC invocations=1 (full 0):
 garbage-first heap   total 129024K, used 34655K [0x0000000083400000, 0x0000000100000000)
  region size 1024K, 34 young (34816K), 3 survivors (3072K)
 Metaspace       used 11704K, committed 12096K, reserved 1114112K
  class space    used 1641K, committed 1856K, reserved 1048576K
}
Event: 9.388 GC heap after
{Heap after GC invocations=2 (full 0):
 garbage-first heap   total 129024K, used 6781K [0x0000000083400000, 0x0000000100000000)
  region size 1024K, 3 young (3072K), 3 survivors (3072K)
 Metaspace       used 11704K, committed 12096K, reserved 1114112K
  class space    used 1641K, committed 1856K, reserved 1048576K
}
Event: 16.997 GC heap before
{Heap before GC invocations=2 (full 0):
 garbage-first heap   total 129024K, used 64125K [0x0000000083400000, 0x0000000100000000)
  region size 1024K, 60 young (61440K), 3 survivors (3072K)
 Metaspace       used 21084K, committed 21504K, reserved 1114112K
  class space    used 2993K, committed 3200K, reserved 1048576K
}
Event: 17.003 GC heap after
{Heap after GC invocations=3 (full 0):
 garbage-first heap   total 129024K, used 11124K [0x0000000083400000, 0x0000000100000000)
  region size 1024K, 8 young (8192K), 8 survivors (8192K)
 Metaspace       used 21084K, committed 21504K, reserved 1114112K
  class space    used 2993K, committed 3200K, reserved 1048576K
}
Event: 17.523 GC heap before
{Heap before GC invocations=4 (full 0):
 garbage-first heap   total 45056K, used 29556K [0x0000000083400000, 0x0000000100000000)
  region size 1024K, 26 young (26624K), 8 survivors (8192K)
 Metaspace       used 24063K, committed 24512K, reserved 1114112K
  class space    used 3370K, committed 3584K, reserved 1048576K
}
Event: 17.530 GC heap after
{Heap after GC invocations=5 (full 0):
 garbage-first heap   total 45056K, used 12899K [0x0000000083400000, 0x0000000100000000)
  region size 1024K, 3 young (3072K), 3 survivors (3072K)
 Metaspace       used 24063K, committed 24512K, reserved 1114112K
  class space    used 3370K, committed 3584K, reserved 1048576K
}
Event: 17.554 GC heap before
{Heap before GC invocations=5 (full 0):
 garbage-first heap   total 45056K, used 13923K [0x0000000083400000, 0x0000000100000000)
  region size 1024K, 4 young (4096K), 3 survivors (3072K)
 Metaspace       used 24183K, committed 24576K, reserved 1114112K
  class space    used 3394K, committed 3584K, reserved 1048576K
}
Event: 17.556 GC heap after
{Heap after GC invocations=6 (full 0):
 garbage-first heap   total 45056K, used 13258K [0x0000000083400000, 0x0000000100000000)
  region size 1024K, 1 young (1024K), 1 survivors (1024K)
 Metaspace       used 24183K, committed 24576K, reserved 1114112K
  class space    used 3394K, committed 3584K, reserved 1048576K
}

