# JRE version: OpenJDK Runtime Environment Temurin-17.0.19+10 (17.0.19+10) (build 17.0.19+10)
# Java VM: OpenJDK 64-Bit Server VM Temurin-17.0.19+10 (17.0.19+10, mixed mode, sharing, tiered, compressed oops, compressed class ptrs, g1 gc, windows-amd64)
GC Precious Log:
 CPUs: 8 total, 8 available
 Memory: 7976M
 Large Page Support: Disabled
 NUMA Support: Disabled
 Compressed Oops: Enabled (32-bit)
 Heap Region Size: 1M
 Heap Min Capacity: 512M
 Heap Initial Capacity: 512M
 Heap Max Capacity: 1G
 Pre-touch: Disabled
 Parallel Workers: 8
 Concurrent Workers: 2
 Concurrent Refinement Workers: 8
 Periodic GC: Disabled
Heap:
 garbage-first heap   total 524288K, used 83187K [0x00000000c0000000, 0x0000000100000000)
  region size 1024K, 55 young (56320K), 20 survivors (20480K)
 Metaspace       used 67659K, committed 68352K, reserved 1114112K
  class space    used 9465K, committed 9792K, reserved 1048576K
GC Heap History (16 events):
Event: 0.565 GC heap before
{Heap before GC invocations=0 (full 0):
 garbage-first heap   total 524288K, used 29696K [0x00000000c0000000, 0x0000000100000000)
  region size 1024K, 25 young (25600K), 0 survivors (0K)
 Metaspace       used 3285K, committed 3392K, reserved 1114112K
  class space    used 406K, committed 448K, reserved 1048576K
}
Event: 0.568 GC heap after
{Heap after GC invocations=1 (full 0):
 garbage-first heap   total 524288K, used 11053K [0x00000000c0000000, 0x0000000100000000)
  region size 1024K, 4 young (4096K), 4 survivors (4096K)
 Metaspace       used 3285K, committed 3392K, reserved 1114112K
  class space    used 406K, committed 448K, reserved 1048576K
}
Event: 0.870 GC heap before
{Heap before GC invocations=1 (full 0):
 garbage-first heap   total 524288K, used 41773K [0x00000000c0000000, 0x0000000100000000)
  region size 1024K, 32 young (32768K), 4 survivors (4096K)
 Metaspace       used 4623K, committed 4800K, reserved 1114112K
  class space    used 579K, committed 640K, reserved 1048576K
}
Event: 0.874 GC heap after
{Heap after GC invocations=2 (full 0):
 garbage-first heap   total 524288K, used 15110K [0x00000000c0000000, 0x0000000100000000)
  region size 1024K, 3 young (3072K), 3 survivors (3072K)
 Metaspace       used 4623K, committed 4800K, reserved 1114112K
  class space    used 579K, committed 640K, reserved 1048576K
}
Event: 2.800 GC heap before
{Heap before GC invocations=2 (full 0):
 garbage-first heap   total 524288K, used 131846K [0x00000000c0000000, 0x0000000100000000)
  region size 1024K, 118 young (120832K), 3 survivors (3072K)
 Metaspace       used 21219K, committed 21504K, reserved 1114112K
  class space    used 3011K, committed 3136K, reserved 1048576K
}
Event: 2.809 GC heap after
{Heap after GC invocations=3 (full 0):
 garbage-first heap   total 524288K, used 23958K [0x00000000c0000000, 0x0000000100000000)
  region size 1024K, 12 young (12288K), 12 survivors (12288K)
 Metaspace       used 21219K, committed 21504K, reserved 1114112K
  class space    used 3011K, committed 3136K, reserved 1048576K
}
Event: 4.389 GC heap before
{Heap before GC invocations=4 (full 0):
 garbage-first heap   total 524288K, used 143766K [0x00000000c0000000, 0x0000000100000000)
  region size 1024K, 129 young (132096K), 12 survivors (12288K)
 Metaspace       used 35609K, committed 36096K, reserved 1114112K
  class space    used 4976K, committed 5248K, reserved 1048576K
}
Event: 4.400 GC heap after
{Heap after GC invocations=5 (full 0):
 garbage-first heap   total 524288K, used 30500K [0x00000000c0000000, 0x0000000100000000)
  region size 1024K, 16 young (16384K), 16 survivors (16384K)
 Metaspace       used 35609K, committed 36096K, reserved 1114112K
  class space    used 4976K, committed 5248K, reserved 1048576K
}
Event: 4.469 GC heap before
{Heap before GC invocations=5 (full 0):
 garbage-first heap   total 524288K, used 33572K [0x00000000c0000000, 0x0000000100000000)
  region size 1024K, 20 young (20480K), 16 survivors (16384K)
 Metaspace       used 35917K, committed 36416K, reserved 1114112K
  class space    used 5034K, committed 5312K, reserved 1048576K
}
Event: 4.479 GC heap after
{Heap after GC invocations=6 (full 0):
 garbage-first heap   total 524288K, used 31694K [0x00000000c0000000, 0x0000000100000000)
  region size 1024K, 2 young (2048K), 2 survivors (2048K)
 Metaspace       used 35917K, committed 36416K, reserved 1114112K
  class space    used 5034K, committed 5312K, reserved 1048576K
}
Event: 4.516 GC heap before
{Heap before GC invocations=6 (full 0):
 garbage-first heap   total 524288K, used 33742K [0x00000000c0000000, 0x0000000100000000)
  region size 1024K, 5 young (5120K), 2 survivors (2048K)
 Metaspace       used 36263K, committed 36736K, reserved 1114112K
  class space    used 5080K, committed 5312K, reserved 1048576K
}
Event: 4.517 GC heap after
{Heap after GC invocations=7 (full 0):
 garbage-first heap   total 524288K, used 30281K [0x00000000c0000000, 0x0000000100000000)
  region size 1024K, 1 young (1024K), 1 survivors (1024K)
 Metaspace       used 36263K, committed 36736K, reserved 1114112K
  class space    used 5080K, committed 5312K, reserved 1048576K
}
Event: 14.380 GC heap before
{Heap before GC invocations=8 (full 0):
 garbage-first heap   total 524288K, used 343625K [0x00000000c0000000, 0x0000000100000000)
  region size 1024K, 307 young (314368K), 1 survivors (1024K)
 Metaspace       used 59501K, committed 60160K, reserved 1114112K
  class space    used 8446K, committed 8768K, reserved 1048576K
}
Event: 14.416 GC heap after
{Heap after GC invocations=9 (full 0):
 garbage-first heap   total 524288K, used 46875K [0x00000000c0000000, 0x0000000100000000)
  region size 1024K, 17 young (17408K), 17 survivors (17408K)
 Metaspace       used 59501K, committed 60160K, reserved 1114112K
  class space    used 8446K, committed 8768K, reserved 1048576K
}
Event: 15.102 GC heap before
{Heap before GC invocations=9 (full 0):
 garbage-first heap   total 524288K, used 62235K [0x00000000c0000000, 0x0000000100000000)
  region size 1024K, 33 young (33792K), 17 survivors (17408K)
 Metaspace       used 61121K, committed 61696K, reserved 1114112K
  class space    used 8669K, committed 8960K, reserved 1048576K
}
Event: 15.128 GC heap after
{Heap after GC invocations=10 (full 0):
 garbage-first heap   total 524288K, used 49395K [0x00000000c0000000, 0x0000000100000000)
  region size 1024K, 20 young (20480K), 20 survivors (20480K)
 Metaspace       used 61121K, committed 61696K, reserved 1114112K
  class space    used 8669K, committed 8960K, reserved 1048576K
}

