# JRE version: OpenJDK Runtime Environment Temurin-17.0.19+10 (17.0.19+10) (build 17.0.19+10)
# Java VM: OpenJDK 64-Bit Server VM Temurin-17.0.19+10 (17.0.19+10, mixed mode, sharing, tiered, compressed oops, compressed class ptrs, g1 gc, windows-amd64)
GC Precious Log:
 CPUs: 8 total, 8 available
 Memory: 7976M
 Large Page Support: Disabled
 NUMA Support: Disabled
 Compressed Oops: Enabled (32-bit)
 Heap Region Size: 1M
 Heap Min Capacity: 512M
 Heap Initial Capacity: 512M
 Heap Max Capacity: 1G
 Pre-touch: Disabled
 Parallel Workers: 8
 Concurrent Workers: 2
 Concurrent Refinement Workers: 8
 Periodic GC: Disabled
Heap:
 garbage-first heap   total 524288K, used 303046K [0x00000000c0000000, 0x0000000100000000)
  region size 1024K, 200 young (204800K), 30 survivors (30720K)
 Metaspace       used 140552K, committed 141888K, reserved 1179648K
  class space    used 18162K, committed 18816K, reserved 1048576K
GC Heap History (20 events):
Event: 1.006 GC heap before
{Heap before GC invocations=1 (full 0):
 garbage-first heap   total 524288K, used 41665K [0x00000000c0000000, 0x0000000100000000)
  region size 1024K, 32 young (32768K), 4 survivors (4096K)
 Metaspace       used 4625K, committed 4800K, reserved 1114112K
  class space    used 579K, committed 640K, reserved 1048576K
}
Event: 1.008 GC heap after
{Heap after GC invocations=2 (full 0):
 garbage-first heap   total 524288K, used 15240K [0x00000000c0000000, 0x0000000100000000)
  region size 1024K, 3 young (3072K), 3 survivors (3072K)
 Metaspace       used 4625K, committed 4800K, reserved 1114112K
  class space    used 579K, committed 640K, reserved 1048576K
}
Event: 3.299 GC heap before
{Heap before GC invocations=2 (full 0):
 garbage-first heap   total 524288K, used 130952K [0x00000000c0000000, 0x0000000100000000)
  region size 1024K, 117 young (119808K), 3 survivors (3072K)
 Metaspace       used 21236K, committed 21504K, reserved 1114112K
  class space    used 3046K, committed 3200K, reserved 1048576K
}
Event: 3.309 GC heap after
{Heap after GC invocations=3 (full 0):
 garbage-first heap   total 524288K, used 24214K [0x00000000c0000000, 0x0000000100000000)
  region size 1024K, 12 young (12288K), 12 survivors (12288K)
 Metaspace       used 21236K, committed 21504K, reserved 1114112K
  class space    used 3046K, committed 3200K, reserved 1048576K
}
Event: 5.603 GC heap before
{Heap before GC invocations=4 (full 0):
 garbage-first heap   total 524288K, used 131734K [0x00000000c0000000, 0x0000000100000000)
  region size 1024K, 117 young (119808K), 12 survivors (12288K)
 Metaspace       used 35498K, committed 35968K, reserved 1114112K
  class space    used 4944K, committed 5184K, reserved 1048576K
}
Event: 5.616 GC heap after
{Heap after GC invocations=5 (full 0):
 garbage-first heap   total 524288K, used 31395K [0x00000000c0000000, 0x0000000100000000)
  region size 1024K, 16 young (16384K), 16 survivors (16384K)
 Metaspace       used 35498K, committed 35968K, reserved 1114112K
  class space    used 4944K, committed 5184K, reserved 1048576K
}
Event: 5.686 GC heap before
{Heap before GC invocations=5 (full 0):
 garbage-first heap   total 524288K, used 34467K [0x00000000c0000000, 0x0000000100000000)
  region size 1024K, 20 young (20480K), 16 survivors (16384K)
 Metaspace       used 35875K, committed 36288K, reserved 1114112K
  class space    used 4994K, committed 5184K, reserved 1048576K
}
Event: 5.700 GC heap after
{Heap after GC invocations=6 (full 0):
 garbage-first heap   total 524288K, used 32531K [0x00000000c0000000, 0x0000000100000000)
  region size 1024K, 2 young (2048K), 2 survivors (2048K)
 Metaspace       used 35875K, committed 36288K, reserved 1114112K
  class space    used 4994K, committed 5184K, reserved 1048576K
}
Event: 5.742 GC heap before
{Heap before GC invocations=6 (full 0):
 garbage-first heap   total 524288K, used 35603K [0x00000000c0000000, 0x0000000100000000)
  region size 1024K, 6 young (6144K), 2 survivors (2048K)
 Metaspace       used 36134K, committed 36608K, reserved 1114112K
  class space    used 5026K, committed 5248K, reserved 1048576K
}
Event: 5.744 GC heap after
{Heap after GC invocations=7 (full 0):
 garbage-first heap   total 524288K, used 31477K [0x00000000c0000000, 0x0000000100000000)
  region size 1024K, 1 young (1024K), 1 survivors (1024K)
 Metaspace       used 36134K, committed 36608K, reserved 1114112K
  class space    used 5026K, committed 5248K, reserved 1048576K
}
Event: 11.754 GC heap before
{Heap before GC invocations=8 (full 0):
 garbage-first heap   total 524288K, used 298741K [0x00000000c0000000, 0x0000000100000000)
  region size 1024K, 263 young (269312K), 1 survivors (1024K)
 Metaspace       used 60432K, committed 61248K, reserved 1114112K
  class space    used 8552K, committed 8960K, reserved 1048576K
}
Event: 11.766 GC heap after
{Heap after GC invocations=9 (full 0):
 garbage-first heap   total 524288K, used 44626K [0x00000000c0000000, 0x0000000100000000)
  region size 1024K, 14 young (14336K), 14 survivors (14336K)
 Metaspace       used 60432K, committed 61248K, reserved 1114112K
  class space    used 8552K, committed 8960K, reserved 1048576K
}
Event: 14.968 GC heap before
{Heap before GC invocations=10 (full 0):
 garbage-first heap   total 524288K, used 343634K [0x00000000c0000000, 0x0000000100000000)
  region size 1024K, 307 young (314368K), 14 survivors (14336K)
 Metaspace       used 91203K, committed 92096K, reserved 1179648K
  class space    used 12402K, committed 12864K, reserved 1048576K
}
Event: 15.000 GC heap after
{Heap after GC invocations=11 (full 0):
 garbage-first heap   total 524288K, used 74955K [0x00000000c0000000, 0x0000000100000000)
  region size 1024K, 39 young (39936K), 39 survivors (39936K)
 Metaspace       used 91203K, committed 92096K, reserved 1179648K
  class space    used 12402K, committed 12864K, reserved 1048576K
}
Event: 17.123 GC heap before
{Heap before GC invocations=11 (full 0):
 garbage-first heap   total 524288K, used 211147K [0x00000000c0000000, 0x0000000100000000)
  region size 1024K, 172 young (176128K), 39 survivors (39936K)
 Metaspace       used 101624K, committed 102528K, reserved 1179648K
  class space    used 13550K, committed 14016K, reserved 1048576K
}
Event: 17.173 GC heap after
{Heap after GC invocations=12 (full 0):
 garbage-first heap   total 524288K, used 98407K [0x00000000c0000000, 0x0000000100000000)
  region size 1024K, 22 young (22528K), 22 survivors (22528K)
 Metaspace       used 101624K, committed 102528K, reserved 1179648K
  class space    used 13550K, committed 14016K, reserved 1048576K
}
Event: 24.641 GC heap before
{Heap before GC invocations=13 (full 0):
 garbage-first heap   total 524288K, used 389223K [0x00000000c0000000, 0x0000000100000000)
  region size 1024K, 307 young (314368K), 22 survivors (22528K)
 Metaspace       used 127132K, committed 128128K, reserved 1179648K
  class space    used 16377K, committed 16832K, reserved 1048576K
}
Event: 24.672 GC heap after
{Heap after GC invocations=14 (full 0):
 garbage-first heap   total 524288K, used 116224K [0x00000000c0000000, 0x0000000100000000)
  region size 1024K, 16 young (16384K), 16 survivors (16384K)
 Metaspace       used 127132K, committed 128128K, reserved 1179648K
  class space    used 16377K, committed 16832K, reserved 1048576K
}
Event: 99.938 GC heap before
{Heap before GC invocations=15 (full 0):
 garbage-first heap   total 524288K, used 402944K [0x00000000c0000000, 0x0000000100000000)
  region size 1024K, 297 young (304128K), 16 survivors (16384K)
 Metaspace       used 139338K, committed 140608K, reserved 1179648K
  class space    used 18100K, committed 18688K, reserved 1048576K
}
Event: 99.964 GC heap after
{Heap after GC invocations=16 (full 0):
 garbage-first heap   total 524288K, used 129990K [0x00000000c0000000, 0x0000000100000000)
  region size 1024K, 30 young (30720K), 30 survivors (30720K)
 Metaspace       used 139338K, committed 140608K, reserved 1179648K
  class space    used 18100K, committed 18688K, reserved 1048576K
}

