# JRE version: OpenJDK Runtime Environment Temurin-21.0.10+7 (21.0.10+7) (build 21.0.10+7-LTS)
# Java VM: OpenJDK 64-Bit Server VM Temurin-21.0.10+7 (21.0.10+7-LTS, mixed mode, sharing, tiered, compressed oops, compressed class ptrs, parallel gc, windows-amd64)
GC Precious Log:
 CardTable entry size: 512
 CPUs: 8 total, 8 available
 Memory: 7976M
 Large Page Support: Disabled
 NUMA Support: Disabled
 Compressed Oops: Enabled (32-bit)
 Alignments: Space 512K, Generation 512K, Heap 2M
 Heap Min Capacity: 100M
 Heap Initial Capacity: 100M
 Heap Max Capacity: 2G
 Pre-touch: Disabled
 Parallel Workers: 8
Heap:
 PSYoungGen      total 14848K, used 14831K [0x00000000d5580000, 0x00000000d6680000, 0x0000000100000000)
  eden space 12288K, 100% used [0x00000000d5580000,0x00000000d6180000,0x00000000d6180000)
  from space 2560K, 99% used [0x00000000d6400000,0x00000000d667bc08,0x00000000d6680000)
  to   space 2560K, 32% used [0x00000000d6180000,0x00000000d62505e0,0x00000000d6400000)
 ParOldGen       total 124928K, used 124926K [0x0000000080000000, 0x0000000087a00000, 0x00000000d5580000)
  object space 124928K, 99% used [0x0000000080000000,0x00000000879ff920,0x0000000087a00000)
 Metaspace       used 67116K, committed 68480K, reserved 1114112K
  class space    used 8238K, committed 8768K, reserved 1048576K
GC Heap History (20 events):
Event: 20.939 GC heap after
{Heap after GC invocations=60 (full 3):
 PSYoungGen      total 14336K, used 1983K [0x00000000d5580000, 0x00000000d6780000, 0x0000000100000000)
  eden space 12288K, 0% used [0x00000000d5580000,0x00000000d5580000,0x00000000d6180000)
  from space 2048K, 96% used [0x00000000d6180000,0x00000000d636fe58,0x00000000d6380000)
  to   space 3072K, 0% used [0x00000000d6480000,0x00000000d6480000,0x00000000d6780000)
 ParOldGen       total 107008K, used 106523K [0x0000000080000000, 0x0000000086880000, 0x00000000d5580000)
  object space 107008K, 99% used [0x0000000080000000,0x0000000086806dc0,0x0000000086880000)
 Metaspace       used 67115K, committed 68480K, reserved 1114112K
  class space    used 8238K, committed 8768K, reserved 1048576K
}
Event: 20.975 GC heap before
{Heap before GC invocations=61 (full 3):
 PSYoungGen      total 14336K, used 14271K [0x00000000d5580000, 0x00000000d6780000, 0x0000000100000000)
  eden space 12288K, 100% used [0x00000000d5580000,0x00000000d6180000,0x00000000d6180000)
  from space 2048K, 96% used [0x00000000d6180000,0x00000000d636fe58,0x00000000d6380000)
  to   space 3072K, 0% used [0x00000000d6480000,0x00000000d6480000,0x00000000d6780000)
 ParOldGen       total 107008K, used 106523K [0x0000000080000000, 0x0000000086880000, 0x00000000d5580000)
  object space 107008K, 99% used [0x0000000080000000,0x0000000086806dc0,0x0000000086880000)
 Metaspace       used 67115K, committed 68480K, reserved 1114112K
  class space    used 8238K, committed 8768K, reserved 1048576K
}
Event: 20.978 GC heap after
{Heap after GC invocations=61 (full 3):
 PSYoungGen      total 15360K, used 2711K [0x00000000d5580000, 0x00000000d6780000, 0x0000000100000000)
  eden space 12288K, 0% used [0x00000000d5580000,0x00000000d5580000,0x00000000d6180000)
  from space 3072K, 88% used [0x00000000d6480000,0x00000000d6725ed0,0x00000000d6780000)
  to   space 3072K, 0% used [0x00000000d6180000,0x00000000d6180000,0x00000000d6480000)
 ParOldGen       total 108544K, used 108301K [0x0000000080000000, 0x0000000086a00000, 0x00000000d5580000)
  object space 108544K, 99% used [0x0000000080000000,0x00000000869c35c0,0x0000000086a00000)
 Metaspace       used 67115K, committed 68480K, reserved 1114112K
  class space    used 8238K, committed 8768K, reserved 1048576K
}
Event: 21.025 GC heap before
{Heap before GC invocations=62 (full 3):
 PSYoungGen      total 15360K, used 14999K [0x00000000d5580000, 0x00000000d6780000, 0x0000000100000000)
  eden space 12288K, 100% used [0x00000000d5580000,0x00000000d6180000,0x00000000d6180000)
  from space 3072K, 88% used [0x00000000d6480000,0x00000000d6725ed0,0x00000000d6780000)
  to   space 3072K, 0% used [0x00000000d6180000,0x00000000d6180000,0x00000000d6480000)
 ParOldGen       total 108544K, used 108301K [0x0000000080000000, 0x0000000086a00000, 0x00000000d5580000)
  object space 108544K, 99% used [0x0000000080000000,0x00000000869c35c0,0x0000000086a00000)
 Metaspace       used 67115K, committed 68480K, reserved 1114112K
  class space    used 8238K, committed 8768K, reserved 1048576K
}
Event: 21.029 GC heap after
{Heap after GC invocations=62 (full 3):
 PSYoungGen      total 14848K, used 2318K [0x00000000d5580000, 0x00000000d6680000, 0x0000000100000000)
  eden space 12288K, 0% used [0x00000000d5580000,0x00000000d5580000,0x00000000d6180000)
  from space 2560K, 90% used [0x00000000d6180000,0x00000000d63c38b8,0x00000000d6400000)
  to   space 2560K, 0% used [0x00000000d6400000,0x00000000d6400000,0x00000000d6680000)
 ParOldGen       total 111104K, used 110697K [0x0000000080000000, 0x0000000086c80000, 0x00000000d5580000)
  object space 111104K, 99% used [0x0000000080000000,0x0000000086c1a578,0x0000000086c80000)
 Metaspace       used 67115K, committed 68480K, reserved 1114112K
  class space    used 8238K, committed 8768K, reserved 1048576K
}
Event: 21.073 GC heap before
{Heap before GC invocations=63 (full 3):
 PSYoungGen      total 14848K, used 14606K [0x00000000d5580000, 0x00000000d6680000, 0x0000000100000000)
  eden space 12288K, 100% used [0x00000000d5580000,0x00000000d6180000,0x00000000d6180000)
  from space 2560K, 90% used [0x00000000d6180000,0x00000000d63c38b8,0x00000000d6400000)
  to   space 2560K, 0% used [0x00000000d6400000,0x00000000d6400000,0x00000000d6680000)
 ParOldGen       total 111104K, used 110697K [0x0000000080000000, 0x0000000086c80000, 0x00000000d5580000)
  object space 111104K, 99% used [0x0000000080000000,0x0000000086c1a578,0x0000000086c80000)
 Metaspace       used 67115K, committed 68480K, reserved 1114112K
  class space    used 8238K, committed 8768K, reserved 1048576K
}
Event: 21.075 GC heap after
{Heap after GC invocations=63 (full 3):
 PSYoungGen      total 14848K, used 1968K [0x00000000d5580000, 0x00000000d6680000, 0x0000000100000000)
  eden space 12288K, 0% used [0x00000000d5580000,0x00000000d5580000,0x00000000d6180000)
  from space 2560K, 76% used [0x00000000d6400000,0x00000000d65ec0d0,0x00000000d6680000)
  to   space 2560K, 0% used [0x00000000d6180000,0x00000000d6180000,0x00000000d6400000)
 ParOldGen       total 112640K, used 112551K [0x0000000080000000, 0x0000000086e00000, 0x00000000d5580000)
  object space 112640K, 99% used [0x0000000080000000,0x0000000086de9dc8,0x0000000086e00000)
 Metaspace       used 67115K, committed 68480K, reserved 1114112K
  class space    used 8238K, committed 8768K, reserved 1048576K
}
Event: 21.117 GC heap before
{Heap before GC invocations=64 (full 3):
 PSYoungGen      total 14848K, used 14256K [0x00000000d5580000, 0x00000000d6680000, 0x0000000100000000)
  eden space 12288K, 100% used [0x00000000d5580000,0x00000000d6180000,0x00000000d6180000)
  from space 2560K, 76% used [0x00000000d6400000,0x00000000d65ec0d0,0x00000000d6680000)
  to   space 2560K, 0% used [0x00000000d6180000,0x00000000d6180000,0x00000000d6400000)
 ParOldGen       total 112640K, used 112551K [0x0000000080000000, 0x0000000086e00000, 0x00000000d5580000)
  object space 112640K, 99% used [0x0000000080000000,0x0000000086de9dc8,0x0000000086e00000)
 Metaspace       used 67116K, committed 68480K, reserved 1114112K
  class space    used 8238K, committed 8768K, reserved 1048576K
}
Event: 21.119 GC heap after
{Heap after GC invocations=64 (full 3):
 PSYoungGen      total 14848K, used 2061K [0x00000000d5580000, 0x00000000d6680000, 0x0000000100000000)
  eden space 12288K, 0% used [0x00000000d5580000,0x00000000d5580000,0x00000000d6180000)
  from space 2560K, 80% used [0x00000000d6180000,0x00000000d63834b0,0x00000000d6400000)
  to   space 2560K, 0% used [0x00000000d6400000,0x00000000d6400000,0x00000000d6680000)
 ParOldGen       total 114688K, used 114354K [0x0000000080000000, 0x0000000087000000, 0x00000000d5580000)
  object space 114688K, 99% used [0x0000000080000000,0x0000000086fac8e0,0x0000000087000000)
 Metaspace       used 67116K, committed 68480K, reserved 1114112K
  class space    used 8238K, committed 8768K, reserved 1048576K
}
Event: 21.168 GC heap before
{Heap before GC invocations=65 (full 3):
 PSYoungGen      total 14848K, used 14349K [0x00000000d5580000, 0x00000000d6680000, 0x0000000100000000)
  eden space 12288K, 100% used [0x00000000d5580000,0x00000000d6180000,0x00000000d6180000)
  from space 2560K, 80% used [0x00000000d6180000,0x00000000d63834b0,0x00000000d6400000)
  to   space 2560K, 0% used [0x00000000d6400000,0x00000000d6400000,0x00000000d6680000)
 ParOldGen       total 114688K, used 114354K [0x0000000080000000, 0x0000000087000000, 0x00000000d5580000)
  object space 114688K, 99% used [0x0000000080000000,0x0000000086fac8e0,0x0000000087000000)
 Metaspace       used 67116K, committed 68480K, reserved 1114112K
  class space    used 8238K, committed 8768K, reserved 1048576K
}
Event: 21.171 GC heap after
{Heap after GC invocations=65 (full 3):
 PSYoungGen      total 14848K, used 2276K [0x00000000d5580000, 0x00000000d6680000, 0x0000000100000000)
  eden space 12288K, 0% used [0x00000000d5580000,0x00000000d5580000,0x00000000d6180000)
  from space 2560K, 88% used [0x00000000d6400000,0x00000000d6639200,0x00000000d6680000)
  to   space 2560K, 0% used [0x00000000d6180000,0x00000000d6180000,0x00000000d6400000)
 ParOldGen       total 116736K, used 116333K [0x0000000080000000, 0x0000000087200000, 0x00000000d5580000)
  object space 116736K, 99% used [0x0000000080000000,0x000000008719b698,0x0000000087200000)
 Metaspace       used 67116K, committed 68480K, reserved 1114112K
  class space    used 8238K, committed 8768K, reserved 1048576K
}
Event: 21.226 GC heap before
{Heap before GC invocations=66 (full 3):
 PSYoungGen      total 14848K, used 14564K [0x00000000d5580000, 0x00000000d6680000, 0x0000000100000000)
  eden space 12288K, 100% used [0x00000000d5580000,0x00000000d6180000,0x00000000d6180000)
  from space 2560K, 88% used [0x00000000d6400000,0x00000000d6639200,0x00000000d6680000)
  to   space 2560K, 0% used [0x00000000d6180000,0x00000000d6180000,0x00000000d6400000)
 ParOldGen       total 116736K, used 116333K [0x0000000080000000, 0x0000000087200000, 0x00000000d5580000)
  object space 116736K, 99% used [0x0000000080000000,0x000000008719b698,0x0000000087200000)
 Metaspace       used 67116K, committed 68480K, reserved 1114112K
  class space    used 8238K, committed 8768K, reserved 1048576K
}
Event: 21.229 GC heap after
{Heap after GC invocations=66 (full 3):
 PSYoungGen      total 14848K, used 2017K [0x00000000d5580000, 0x00000000d6680000, 0x0000000100000000)
  eden space 12288K, 0% used [0x00000000d5580000,0x00000000d5580000,0x00000000d6180000)
  from space 2560K, 78% used [0x00000000d6180000,0x00000000d6378788,0x00000000d6400000)
  to   space 2560K, 0% used [0x00000000d6400000,0x00000000d6400000,0x00000000d6680000)
 ParOldGen       total 118784K, used 118510K [0x0000000080000000, 0x0000000087400000, 0x00000000d5580000)
  object space 118784K, 99% used [0x0000000080000000,0x00000000873bb850,0x0000000087400000)
 Metaspace       used 67116K, committed 68480K, reserved 1114112K
  class space    used 8238K, committed 8768K, reserved 1048576K
}
Event: 21.292 GC heap before
{Heap before GC invocations=67 (full 3):
 PSYoungGen      total 14848K, used 14305K [0x00000000d5580000, 0x00000000d6680000, 0x0000000100000000)
  eden space 12288K, 100% used [0x00000000d5580000,0x00000000d6180000,0x00000000d6180000)
  from space 2560K, 78% used [0x00000000d6180000,0x00000000d6378788,0x00000000d6400000)
  to   space 2560K, 0% used [0x00000000d6400000,0x00000000d6400000,0x00000000d6680000)
 ParOldGen       total 118784K, used 118510K [0x0000000080000000, 0x0000000087400000, 0x00000000d5580000)
  object space 118784K, 99% used [0x0000000080000000,0x00000000873bb850,0x0000000087400000)
 Metaspace       used 67116K, committed 68480K, reserved 1114112K
  class space    used 8238K, committed 8768K, reserved 1048576K
}
Event: 21.295 GC heap after
{Heap after GC invocations=67 (full 3):
 PSYoungGen      total 14848K, used 2408K [0x00000000d5580000, 0x00000000d6680000, 0x0000000100000000)
  eden space 12288K, 0% used [0x00000000d5580000,0x00000000d5580000,0x00000000d6180000)
  from space 2560K, 94% used [0x00000000d6400000,0x00000000d665a2d0,0x00000000d6680000)
  to   space 2560K, 0% used [0x00000000d6180000,0x00000000d6180000,0x00000000d6400000)
 ParOldGen       total 120832K, used 120372K [0x0000000080000000, 0x0000000087600000, 0x00000000d5580000)
  object space 120832K, 99% used [0x0000000080000000,0x000000008758d168,0x0000000087600000)
 Metaspace       used 67116K, committed 68480K, reserved 1114112K
  class space    used 8238K, committed 8768K, reserved 1048576K
}
Event: 21.342 GC heap before
{Heap before GC invocations=68 (full 3):
 PSYoungGen      total 14848K, used 14696K [0x00000000d5580000, 0x00000000d6680000, 0x0000000100000000)
  eden space 12288K, 100% used [0x00000000d5580000,0x00000000d6180000,0x00000000d6180000)
  from space 2560K, 94% used [0x00000000d6400000,0x00000000d665a2d0,0x00000000d6680000)
  to   space 2560K, 0% used [0x00000000d6180000,0x00000000d6180000,0x00000000d6400000)
 ParOldGen       total 120832K, used 120372K [0x0000000080000000, 0x0000000087600000, 0x00000000d5580000)
  object space 120832K, 99% used [0x0000000080000000,0x000000008758d168,0x0000000087600000)
 Metaspace       used 67116K, committed 68480K, reserved 1114112K
  class space    used 8238K, committed 8768K, reserved 1048576K
}
Event: 21.345 GC heap after
{Heap after GC invocations=68 (full 3):
 PSYoungGen      total 14848K, used 2284K [0x00000000d5580000, 0x00000000d6680000, 0x0000000100000000)
  eden space 12288K, 0% used [0x00000000d5580000,0x00000000d5580000,0x00000000d6180000)
  from space 2560K, 89% used [0x00000000d6180000,0x00000000d63bb398,0x00000000d6400000)
  to   space 2560K, 0% used [0x00000000d6400000,0x00000000d6400000,0x00000000d6680000)
 ParOldGen       total 122880K, used 122550K [0x0000000080000000, 0x0000000087800000, 0x00000000d5580000)
  object space 122880K, 99% used [0x0000000080000000,0x00000000877adb38,0x0000000087800000)
 Metaspace       used 67116K, committed 68480K, reserved 1114112K
  class space    used 8238K, committed 8768K, reserved 1048576K
}
Event: 21.410 GC heap before
{Heap before GC invocations=69 (full 3):
 PSYoungGen      total 14848K, used 14572K [0x00000000d5580000, 0x00000000d6680000, 0x0000000100000000)
  eden space 12288K, 100% used [0x00000000d5580000,0x00000000d6180000,0x00000000d6180000)
  from space 2560K, 89% used [0x00000000d6180000,0x00000000d63bb398,0x00000000d6400000)
  to   space 2560K, 0% used [0x00000000d6400000,0x00000000d6400000,0x00000000d6680000)
 ParOldGen       total 122880K, used 122550K [0x0000000080000000, 0x0000000087800000, 0x00000000d5580000)
  object space 122880K, 99% used [0x0000000080000000,0x00000000877adb38,0x0000000087800000)
 Metaspace       used 67116K, committed 68480K, reserved 1114112K
  class space    used 8238K, committed 8768K, reserved 1048576K
}
Event: 22.722 GC heap after
{Heap after GC invocations=69 (full 3):
 PSYoungGen      total 14848K, used 2543K [0x00000000d5580000, 0x00000000d6680000, 0x0000000100000000)
  eden space 12288K, 0% used [0x00000000d5580000,0x00000000d5580000,0x00000000d6180000)
  from space 2560K, 99% used [0x00000000d6400000,0x00000000d667bc08,0x00000000d6680000)
  to   space 2560K, 0% used [0x00000000d6180000,0x00000000d6180000,0x00000000d6400000)
 ParOldGen       total 124928K, used 124709K [0x0000000080000000, 0x0000000087a00000, 0x00000000d5580000)
  object space 124928K, 99% used [0x0000000080000000,0x00000000879c94c0,0x0000000087a00000)
 Metaspace       used 67116K, committed 68480K, reserved 1114112K
  class space    used 8238K, committed 8768K, reserved 1048576K
}
Event: 22.746 GC heap before
{Heap before GC invocations=70 (full 3):
 PSYoungGen      total 14848K, used 14831K [0x00000000d5580000, 0x00000000d6680000, 0x0000000100000000)
  eden space 12288K, 100% used [0x00000000d5580000,0x00000000d6180000,0x00000000d6180000)
  from space 2560K, 99% used [0x00000000d6400000,0x00000000d667bc08,0x00000000d6680000)
  to   space 2560K, 0% used [0x00000000d6180000,0x00000000d6180000,0x00000000d6400000)
 ParOldGen       total 124928K, used 124709K [0x0000000080000000, 0x0000000087a00000, 0x00000000d5580000)
  object space 124928K, 99% used [0x0000000080000000,0x00000000879c94c0,0x0000000087a00000)
 Metaspace       used 67116K, committed 68480K, reserved 1114112K
  class space    used 8238K, committed 8768K, reserved 1048576K
}

