# JRE version: OpenJDK Runtime Environment Temurin-17.0.19+10 (17.0.19+10) (build 17.0.19+10)
# Java VM: OpenJDK 64-Bit Server VM Temurin-17.0.19+10 (17.0.19+10, mixed mode, sharing, tiered, compressed oops, compressed class ptrs, g1 gc, windows-amd64)
GC Precious Log:
 CPUs: 8 total, 8 available
 Memory: 7976M
 Large Page Support: Disabled
 NUMA Support: Disabled
 Compressed Oops: Enabled (32-bit)
 Heap Region Size: 1M
 Heap Min Capacity: 512M
 Heap Initial Capacity: 512M
 Heap Max Capacity: 1G
 Pre-touch: Disabled
 Parallel Workers: 8
 Concurrent Workers: 2
 Concurrent Refinement Workers: 8
 Periodic GC: Disabled
Heap:
 garbage-first heap   total 524288K, used 183992K [0x00000000c0000000, 0x0000000100000000)
  region size 1024K, 159 young (162816K), 15 survivors (15360K)
 Metaspace       used 59264K, committed 59840K, reserved 1114112K
  class space    used 8428K, committed 8704K, reserved 1048576K
GC Heap History (10 events):
Event: 0.513 GC heap before
{Heap before GC invocations=0 (full 0):
 garbage-first heap   total 524288K, used 29696K [0x00000000c0000000, 0x0000000100000000)
  region size 1024K, 25 young (25600K), 0 survivors (0K)
 Metaspace       used 3293K, committed 3456K, reserved 1114112K
  class space    used 407K, committed 448K, reserved 1048576K
}
Event: 0.516 GC heap after
{Heap after GC invocations=1 (full 0):
 garbage-first heap   total 524288K, used 10998K [0x00000000c0000000, 0x0000000100000000)
  region size 1024K, 4 young (4096K), 4 survivors (4096K)
 Metaspace       used 3293K, committed 3456K, reserved 1114112K
  class space    used 407K, committed 448K, reserved 1048576K
}
Event: 0.827 GC heap before
{Heap before GC invocations=1 (full 0):
 garbage-first heap   total 524288K, used 41718K [0x00000000c0000000, 0x0000000100000000)
  region size 1024K, 32 young (32768K), 4 survivors (4096K)
 Metaspace       used 4611K, committed 4800K, reserved 1114112K
  class space    used 579K, committed 640K, reserved 1048576K
}
Event: 0.830 GC heap after
{Heap after GC invocations=2 (full 0):
 garbage-first heap   total 524288K, used 15146K [0x00000000c0000000, 0x0000000100000000)
  region size 1024K, 4 young (4096K), 4 survivors (4096K)
 Metaspace       used 4611K, committed 4800K, reserved 1114112K
  class space    used 579K, committed 640K, reserved 1048576K
}
Event: 2.518 GC heap before
{Heap before GC invocations=2 (full 0):
 garbage-first heap   total 524288K, used 132906K [0x00000000c0000000, 0x0000000100000000)
  region size 1024K, 120 young (122880K), 4 survivors (4096K)
 Metaspace       used 21201K, committed 21504K, reserved 1114112K
  class space    used 3012K, committed 3136K, reserved 1048576K
}
Event: 2.527 GC heap after
{Heap after GC invocations=3 (full 0):
 garbage-first heap   total 524288K, used 23698K [0x00000000c0000000, 0x0000000100000000)
  region size 1024K, 12 young (12288K), 12 survivors (12288K)
 Metaspace       used 21201K, committed 21504K, reserved 1114112K
  class space    used 3012K, committed 3136K, reserved 1048576K
}
Event: 4.066 GC heap before
{Heap before GC invocations=4 (full 0):
 garbage-first heap   total 524288K, used 142482K [0x00000000c0000000, 0x0000000100000000)
  region size 1024K, 128 young (131072K), 12 survivors (12288K)
 Metaspace       used 35609K, committed 36096K, reserved 1114112K
  class space    used 4978K, committed 5248K, reserved 1048576K
}
Event: 4.077 GC heap after
{Heap after GC invocations=5 (full 0):
 garbage-first heap   total 524288K, used 30290K [0x00000000c0000000, 0x0000000100000000)
  region size 1024K, 16 young (16384K), 16 survivors (16384K)
 Metaspace       used 35609K, committed 36096K, reserved 1114112K
  class space    used 4978K, committed 5248K, reserved 1048576K
}
Event: 7.349 GC heap before
{Heap before GC invocations=6 (full 0):
 garbage-first heap   total 524288K, used 190034K [0x00000000c0000000, 0x0000000100000000)
  region size 1024K, 172 young (176128K), 16 survivors (16384K)
 Metaspace       used 51173K, committed 51776K, reserved 1114112K
  class space    used 7364K, committed 7616K, reserved 1048576K
}
Event: 7.366 GC heap after
{Heap after GC invocations=7 (full 0):
 garbage-first heap   total 524288K, used 38584K [0x00000000c0000000, 0x0000000100000000)
  region size 1024K, 15 young (15360K), 15 survivors (15360K)
 Metaspace       used 51173K, committed 51776K, reserved 1114112K
  class space    used 7364K, committed 7616K, reserved 1048576K
}

