# JRE version: OpenJDK Runtime Environment Temurin-17.0.19+10 (17.0.19+10) (build 17.0.19+10)
# Java VM: OpenJDK 64-Bit Server VM Temurin-17.0.19+10 (17.0.19+10, mixed mode, sharing, tiered, compressed oops, compressed class ptrs, g1 gc, windows-amd64)
GC Precious Log:
 CPUs: 8 total, 8 available
 Memory: 7976M
 Large Page Support: Disabled
 NUMA Support: Disabled
 Compressed Oops: Enabled (32-bit)
 Heap Region Size: 1M
 Heap Min Capacity: 128M
 Heap Initial Capacity: 128M
 Heap Max Capacity: 256M
 Pre-touch: Disabled
 Parallel Workers: 8
 Concurrent Workers: 2
 Concurrent Refinement Workers: 8
 Periodic GC: Disabled
Heap:
 garbage-first heap   total 150528K, used 100996K [0x00000000f0000000, 0x0000000100000000)
  region size 1024K, 19 young (19456K), 1 survivors (1024K)
 Metaspace       used 70709K, committed 71424K, reserved 1114112K
  class space    used 9783K, committed 10112K, reserved 1048576K
GC Heap History (20 events):
Event: 16.450 GC heap before
{Heap before GC invocations=11 (full 0):
 garbage-first heap   total 131072K, used 100827K [0x00000000f0000000, 0x0000000100000000)
  region size 1024K, 70 young (71680K), 7 survivors (7168K)
 Metaspace       used 54420K, committed 55104K, reserved 1114112K
  class space    used 7822K, committed 8128K, reserved 1048576K
}
Event: 16.460 GC heap after
{Heap after GC invocations=12 (full 0):
 garbage-first heap   total 131072K, used 40708K [0x00000000f0000000, 0x0000000100000000)
  region size 1024K, 8 young (8192K), 8 survivors (8192K)
 Metaspace       used 54420K, committed 55104K, reserved 1114112K
  class space    used 7822K, committed 8128K, reserved 1048576K
}
Event: 18.332 GC heap before
{Heap before GC invocations=12 (full 0):
 garbage-first heap   total 131072K, used 103172K [0x00000000f0000000, 0x0000000100000000)
  region size 1024K, 69 young (70656K), 8 survivors (8192K)
 Metaspace       used 56611K, committed 57216K, reserved 1114112K
  class space    used 7966K, committed 8256K, reserved 1048576K
}
Event: 18.344 GC heap after
{Heap after GC invocations=13 (full 0):
 garbage-first heap   total 131072K, used 45472K [0x00000000f0000000, 0x0000000100000000)
  region size 1024K, 8 young (8192K), 8 survivors (8192K)
 Metaspace       used 56611K, committed 57216K, reserved 1114112K
  class space    used 7966K, committed 8256K, reserved 1048576K
}
Event: 19.529 GC heap before
{Heap before GC invocations=13 (full 0):
 garbage-first heap   total 131072K, used 103840K [0x00000000f0000000, 0x0000000100000000)
  region size 1024K, 65 young (66560K), 8 survivors (8192K)
 Metaspace       used 58933K, committed 59648K, reserved 1114112K
  class space    used 8310K, committed 8640K, reserved 1048576K
}
Event: 19.544 GC heap after
{Heap after GC invocations=14 (full 0):
 garbage-first heap   total 131072K, used 46756K [0x00000000f0000000, 0x0000000100000000)
  region size 1024K, 6 young (6144K), 6 survivors (6144K)
 Metaspace       used 58933K, committed 59648K, reserved 1114112K
  class space    used 8310K, committed 8640K, reserved 1048576K
}
Event: 19.754 GC heap before
{Heap before GC invocations=14 (full 0):
 garbage-first heap   total 131072K, used 54948K [0x00000000f0000000, 0x0000000100000000)
  region size 1024K, 15 young (15360K), 6 survivors (6144K)
 Metaspace       used 59482K, committed 60096K, reserved 1114112K
  class space    used 8414K, committed 8704K, reserved 1048576K
}
Event: 19.760 GC heap after
{Heap after GC invocations=15 (full 0):
 garbage-first heap   total 131072K, used 47016K [0x00000000f0000000, 0x0000000100000000)
  region size 1024K, 3 young (3072K), 3 survivors (3072K)
 Metaspace       used 59482K, committed 60096K, reserved 1114112K
  class space    used 8414K, committed 8704K, reserved 1048576K
}
Event: 20.179 GC heap before
{Heap before GC invocations=16 (full 0):
 garbage-first heap   total 131072K, used 104360K [0x00000000f0000000, 0x0000000100000000)
  region size 1024K, 60 young (61440K), 3 survivors (3072K)
 Metaspace       used 59819K, committed 60480K, reserved 1114112K
  class space    used 8483K, committed 8768K, reserved 1048576K
}
Event: 20.194 GC heap after
{Heap after GC invocations=17 (full 0):
 garbage-first heap   total 131072K, used 57926K [0x00000000f0000000, 0x0000000100000000)
  region size 1024K, 8 young (8192K), 8 survivors (8192K)
 Metaspace       used 59819K, committed 60480K, reserved 1114112K
  class space    used 8483K, committed 8768K, reserved 1048576K
}
Event: 21.791 GC heap before
{Heap before GC invocations=17 (full 0):
 garbage-first heap   total 131072K, used 104006K [0x00000000f0000000, 0x0000000100000000)
  region size 1024K, 51 young (52224K), 8 survivors (8192K)
 Metaspace       used 67286K, committed 68032K, reserved 1114112K
  class space    used 9389K, committed 9728K, reserved 1048576K
}
Event: 21.808 GC heap after
{Heap after GC invocations=18 (full 0):
 garbage-first heap   total 131072K, used 71452K [0x00000000f0000000, 0x0000000100000000)
  region size 1024K, 7 young (7168K), 7 survivors (7168K)
 Metaspace       used 67286K, committed 68032K, reserved 1114112K
  class space    used 9389K, committed 9728K, reserved 1048576K
}
Event: 22.363 GC heap before
{Heap before GC invocations=18 (full 0):
 garbage-first heap   total 131072K, used 100124K [0x00000000f0000000, 0x0000000100000000)
  region size 1024K, 35 young (35840K), 7 survivors (7168K)
 Metaspace       used 68310K, committed 68928K, reserved 1114112K
  class space    used 9497K, committed 9792K, reserved 1048576K
}
Event: 22.371 GC heap after
{Heap after GC invocations=19 (full 0):
 garbage-first heap   total 131072K, used 77259K [0x00000000f0000000, 0x0000000100000000)
  region size 1024K, 5 young (5120K), 5 survivors (5120K)
 Metaspace       used 68310K, committed 68928K, reserved 1114112K
  class space    used 9497K, committed 9792K, reserved 1048576K
}
Event: 24.024 GC heap before
{Heap before GC invocations=20 (full 0):
 garbage-first heap   total 133120K, used 100811K [0x00000000f0000000, 0x0000000100000000)
  region size 1024K, 29 young (29696K), 5 survivors (5120K)
 Metaspace       used 70320K, committed 71040K, reserved 1114112K
  class space    used 9761K, committed 10112K, reserved 1048576K
}
Event: 24.032 GC heap after
{Heap after GC invocations=21 (full 0):
 garbage-first heap   total 133120K, used 79023K [0x00000000f0000000, 0x0000000100000000)
  region size 1024K, 3 young (3072K), 3 survivors (3072K)
 Metaspace       used 70320K, committed 71040K, reserved 1114112K
  class space    used 9761K, committed 10112K, reserved 1048576K
}
Event: 24.125 GC heap before
{Heap before GC invocations=21 (full 0):
 garbage-first heap   total 133120K, used 82095K [0x00000000f0000000, 0x0000000100000000)
  region size 1024K, 6 young (6144K), 3 survivors (3072K)
 Metaspace       used 70487K, committed 71232K, reserved 1114112K
  class space    used 9766K, committed 10112K, reserved 1048576K
}
Event: 24.130 GC heap after
{Heap after GC invocations=22 (full 0):
 garbage-first heap   total 133120K, used 78909K [0x00000000f0000000, 0x0000000100000000)
  region size 1024K, 1 young (1024K), 1 survivors (1024K)
 Metaspace       used 70487K, committed 71232K, reserved 1114112K
  class space    used 9766K, committed 10112K, reserved 1048576K
}
Event: 24.162 GC heap before
{Heap before GC invocations=22 (full 0):
 garbage-first heap   total 133120K, used 80957K [0x00000000f0000000, 0x0000000100000000)
  region size 1024K, 4 young (4096K), 1 survivors (1024K)
 Metaspace       used 70492K, committed 71232K, reserved 1114112K
  class space    used 9766K, committed 10112K, reserved 1048576K
}
Event: 24.164 GC heap after
{Heap after GC invocations=23 (full 0):
 garbage-first heap   total 133120K, used 78468K [0x00000000f0000000, 0x0000000100000000)
  region size 1024K, 1 young (1024K), 1 survivors (1024K)
 Metaspace       used 70492K, committed 71232K, reserved 1114112K
  class space    used 9766K, committed 10112K, reserved 1048576K
}

