# JRE version: OpenJDK Runtime Environment Temurin-21.0.10+7 (21.0.10+7) (build 21.0.10+7-LTS)
# Java VM: OpenJDK 64-Bit Server VM Temurin-21.0.10+7 (21.0.10+7-LTS, mixed mode, sharing, tiered, compressed oops, compressed class ptrs, parallel gc, windows-amd64)
GC Precious Log:
 CardTable entry size: 512
 CPUs: 8 total, 8 available
 Memory: 7976M
 Large Page Support: Disabled
 NUMA Support: Disabled
 Compressed Oops: Enabled (32-bit)
 Alignments: Space 512K, Generation 512K, Heap 2M
 Heap Min Capacity: 100M
 Heap Initial Capacity: 100M
 Heap Max Capacity: 2G
 Pre-touch: Disabled
 Parallel Workers: 8
Heap:
 PSYoungGen      total 5120K, used 2935K [0x00000000d5580000, 0x00000000d5b00000, 0x0000000100000000)
  eden space 4096K, 65% used [0x00000000d5580000,0x00000000d581dc80,0x00000000d5980000)
  from space 1024K, 25% used [0x00000000d5980000,0x00000000d59c0000,0x00000000d5a80000)
  to   space 512K, 0% used [0x00000000d5a80000,0x00000000d5a80000,0x00000000d5b00000)
 ParOldGen       total 599040K, used 598848K [0x0000000080000000, 0x00000000a4900000, 0x00000000d5580000)
  object space 599040K, 99% used [0x0000000080000000,0x00000000a48d01e0,0x00000000a4900000)
 Metaspace       used 82905K, committed 84608K, reserved 1179648K
  class space    used 9924K, committed 10624K, reserved 1048576K
GC Heap History (20 events):
Event: 85.894 GC heap before
{Heap before GC invocations=816 (full 4):
 PSYoungGen      total 4608K, used 3318K [0x00000000d5580000, 0x00000000d5b00000, 0x0000000100000000)
  eden space 4096K, 77% used [0x00000000d5580000,0x00000000d589db40,0x00000000d5980000)
  from space 512K, 25% used [0x00000000d5a00000,0x00000000d5a20000,0x00000000d5a80000)
  to   space 512K, 0% used [0x00000000d5a80000,0x00000000d5a80000,0x00000000d5b00000)
 ParOldGen       total 598016K, used 597648K [0x0000000080000000, 0x00000000a4800000, 0x00000000d5580000)
  object space 598016K, 99% used [0x0000000080000000,0x00000000a47a4180,0x00000000a4800000)
 Metaspace       used 82461K, committed 84160K, reserved 1179648K
  class space    used 9856K, committed 10560K, reserved 1048576K
}
Event: 85.896 GC heap after
{Heap after GC invocations=816 (full 4):
 PSYoungGen      total 4608K, used 192K [0x00000000d5580000, 0x00000000d5b00000, 0x0000000100000000)
  eden space 4096K, 0% used [0x00000000d5580000,0x00000000d5580000,0x00000000d5980000)
  from space 512K, 37% used [0x00000000d5a80000,0x00000000d5ab0000,0x00000000d5b00000)
  to   space 512K, 0% used [0x00000000d5a00000,0x00000000d5a00000,0x00000000d5a80000)
 ParOldGen       total 598016K, used 597672K [0x0000000080000000, 0x00000000a4800000, 0x00000000d5580000)
  object space 598016K, 99% used [0x0000000080000000,0x00000000a47aa180,0x00000000a4800000)
 Metaspace       used 82461K, committed 84160K, reserved 1179648K
  class space    used 9856K, committed 10560K, reserved 1048576K
}
Event: 85.927 GC heap before
{Heap before GC invocations=817 (full 4):
 PSYoungGen      total 4608K, used 3276K [0x00000000d5580000, 0x00000000d5b00000, 0x0000000100000000)
  eden space 4096K, 75% used [0x00000000d5580000,0x00000000d5883130,0x00000000d5980000)
  from space 512K, 37% used [0x00000000d5a80000,0x00000000d5ab0000,0x00000000d5b00000)
  to   space 512K, 0% used [0x00000000d5a00000,0x00000000d5a00000,0x00000000d5a80000)
 ParOldGen       total 598016K, used 597672K [0x0000000080000000, 0x00000000a4800000, 0x00000000d5580000)
  object space 598016K, 99% used [0x0000000080000000,0x00000000a47aa180,0x00000000a4800000)
 Metaspace       used 82461K, committed 84160K, reserved 1179648K
  class space    used 9856K, committed 10560K, reserved 1048576K
}
Event: 85.930 GC heap after
{Heap after GC invocations=817 (full 4):
 PSYoungGen      total 4608K, used 192K [0x00000000d5580000, 0x00000000d5b00000, 0x0000000100000000)
  eden space 4096K, 0% used [0x00000000d5580000,0x00000000d5580000,0x00000000d5980000)
  from space 512K, 37% used [0x00000000d5a00000,0x00000000d5a30000,0x00000000d5a80000)
  to   space 512K, 0% used [0x00000000d5a80000,0x00000000d5a80000,0x00000000d5b00000)
 ParOldGen       total 598016K, used 597712K [0x0000000080000000, 0x00000000a4800000, 0x00000000d5580000)
  object space 598016K, 99% used [0x0000000080000000,0x00000000a47b4180,0x00000000a4800000)
 Metaspace       used 82461K, committed 84160K, reserved 1179648K
  class space    used 9856K, committed 10560K, reserved 1048576K
}
Event: 85.944 GC heap before
{Heap before GC invocations=818 (full 4):
 PSYoungGen      total 4608K, used 3906K [0x00000000d5580000, 0x00000000d5b00000, 0x0000000100000000)
  eden space 4096K, 90% used [0x00000000d5580000,0x00000000d5920880,0x00000000d5980000)
  from space 512K, 37% used [0x00000000d5a00000,0x00000000d5a30000,0x00000000d5a80000)
  to   space 512K, 0% used [0x00000000d5a80000,0x00000000d5a80000,0x00000000d5b00000)
 ParOldGen       total 598016K, used 597712K [0x0000000080000000, 0x00000000a4800000, 0x00000000d5580000)
  object space 598016K, 99% used [0x0000000080000000,0x00000000a47b4180,0x00000000a4800000)
 Metaspace       used 82464K, committed 84160K, reserved 1179648K
  class space    used 9856K, committed 10560K, reserved 1048576K
}
Event: 85.947 GC heap after
{Heap after GC invocations=818 (full 4):
 PSYoungGen      total 4608K, used 192K [0x00000000d5580000, 0x00000000d5b00000, 0x0000000100000000)
  eden space 4096K, 0% used [0x00000000d5580000,0x00000000d5580000,0x00000000d5980000)
  from space 512K, 37% used [0x00000000d5a80000,0x00000000d5ab0000,0x00000000d5b00000)
  to   space 512K, 0% used [0x00000000d5a00000,0x00000000d5a00000,0x00000000d5a80000)
 ParOldGen       total 598016K, used 597776K [0x0000000080000000, 0x00000000a4800000, 0x00000000d5580000)
  object space 598016K, 99% used [0x0000000080000000,0x00000000a47c4180,0x00000000a4800000)
 Metaspace       used 82464K, committed 84160K, reserved 1179648K
  class space    used 9856K, committed 10560K, reserved 1048576K
}
Event: 85.964 GC heap before
{Heap before GC invocations=819 (full 4):
 PSYoungGen      total 4608K, used 3116K [0x00000000d5580000, 0x00000000d5b00000, 0x0000000100000000)
  eden space 4096K, 71% used [0x00000000d5580000,0x00000000d585b218,0x00000000d5980000)
  from space 512K, 37% used [0x00000000d5a80000,0x00000000d5ab0000,0x00000000d5b00000)
  to   space 512K, 0% used [0x00000000d5a00000,0x00000000d5a00000,0x00000000d5a80000)
 ParOldGen       total 598016K, used 597776K [0x0000000080000000, 0x00000000a4800000, 0x00000000d5580000)
  object space 598016K, 99% used [0x0000000080000000,0x00000000a47c4180,0x00000000a4800000)
 Metaspace       used 82467K, committed 84160K, reserved 1179648K
  class space    used 9856K, committed 10560K, reserved 1048576K
}
Event: 85.968 GC heap after
{Heap after GC invocations=819 (full 4):
 PSYoungGen      total 4608K, used 384K [0x00000000d5580000, 0x00000000d5b00000, 0x0000000100000000)
  eden space 4096K, 0% used [0x00000000d5580000,0x00000000d5580000,0x00000000d5980000)
  from space 512K, 75% used [0x00000000d5a00000,0x00000000d5a60000,0x00000000d5a80000)
  to   space 512K, 0% used [0x00000000d5a80000,0x00000000d5a80000,0x00000000d5b00000)
 ParOldGen       total 598016K, used 597824K [0x0000000080000000, 0x00000000a4800000, 0x00000000d5580000)
  object space 598016K, 99% used [0x0000000080000000,0x00000000a47d0180,0x00000000a4800000)
 Metaspace       used 82467K, committed 84160K, reserved 1179648K
  class space    used 9856K, committed 10560K, reserved 1048576K
}
Event: 85.979 GC heap before
{Heap before GC invocations=820 (full 4):
 PSYoungGen      total 4608K, used 4018K [0x00000000d5580000, 0x00000000d5b00000, 0x0000000100000000)
  eden space 4096K, 88% used [0x00000000d5580000,0x00000000d590c8e0,0x00000000d5980000)
  from space 512K, 75% used [0x00000000d5a00000,0x00000000d5a60000,0x00000000d5a80000)
  to   space 512K, 0% used [0x00000000d5a80000,0x00000000d5a80000,0x00000000d5b00000)
 ParOldGen       total 598016K, used 597824K [0x0000000080000000, 0x00000000a4800000, 0x00000000d5580000)
  object space 598016K, 99% used [0x0000000080000000,0x00000000a47d0180,0x00000000a4800000)
 Metaspace       used 82467K, committed 84160K, reserved 1179648K
  class space    used 9856K, committed 10560K, reserved 1048576K
}
Event: 85.987 GC heap after
{Heap after GC invocations=820 (full 4):
 PSYoungGen      total 5120K, used 128K [0x00000000d5580000, 0x00000000d5b80000, 0x0000000100000000)
  eden space 4608K, 0% used [0x00000000d5580000,0x00000000d5580000,0x00000000d5a00000)
  from space 512K, 25% used [0x00000000d5a80000,0x00000000d5aa0000,0x00000000d5b00000)
  to   space 512K, 0% used [0x00000000d5a00000,0x00000000d5a00000,0x00000000d5a80000)
 ParOldGen       total 598528K, used 598144K [0x0000000080000000, 0x00000000a4880000, 0x00000000d5580000)
  object space 598528K, 99% used [0x0000000080000000,0x00000000a4820190,0x00000000a4880000)
 Metaspace       used 82467K, committed 84160K, reserved 1179648K
  class space    used 9856K, committed 10560K, reserved 1048576K
}
Event: 86.011 GC heap before
{Heap before GC invocations=821 (full 4):
 PSYoungGen      total 5120K, used 4430K [0x00000000d5580000, 0x00000000d5b80000, 0x0000000100000000)
  eden space 4608K, 93% used [0x00000000d5580000,0x00000000d59b3980,0x00000000d5a00000)
  from space 512K, 25% used [0x00000000d5a80000,0x00000000d5aa0000,0x00000000d5b00000)
  to   space 512K, 0% used [0x00000000d5a00000,0x00000000d5a00000,0x00000000d5a80000)
 ParOldGen       total 598528K, used 598144K [0x0000000080000000, 0x00000000a4880000, 0x00000000d5580000)
  object space 598528K, 99% used [0x0000000080000000,0x00000000a4820190,0x00000000a4880000)
 Metaspace       used 82468K, committed 84160K, reserved 1179648K
  class space    used 9856K, committed 10560K, reserved 1048576K
}
Event: 86.014 GC heap after
{Heap after GC invocations=821 (full 4):
 PSYoungGen      total 5120K, used 224K [0x00000000d5580000, 0x00000000d5b00000, 0x0000000100000000)
  eden space 4608K, 0% used [0x00000000d5580000,0x00000000d5580000,0x00000000d5a00000)
  from space 512K, 43% used [0x00000000d5a00000,0x00000000d5a38000,0x00000000d5a80000)
  to   space 512K, 0% used [0x00000000d5a80000,0x00000000d5a80000,0x00000000d5b00000)
 ParOldGen       total 598528K, used 598152K [0x0000000080000000, 0x00000000a4880000, 0x00000000d5580000)
  object space 598528K, 99% used [0x0000000080000000,0x00000000a4822190,0x00000000a4880000)
 Metaspace       used 82468K, committed 84160K, reserved 1179648K
  class space    used 9856K, committed 10560K, reserved 1048576K
}
Event: 86.038 GC heap before
{Heap before GC invocations=822 (full 4):
 PSYoungGen      total 5120K, used 3551K [0x00000000d5580000, 0x00000000d5b00000, 0x0000000100000000)
  eden space 4608K, 72% used [0x00000000d5580000,0x00000000d58bfe08,0x00000000d5a00000)
  from space 512K, 43% used [0x00000000d5a00000,0x00000000d5a38000,0x00000000d5a80000)
  to   space 512K, 0% used [0x00000000d5a80000,0x00000000d5a80000,0x00000000d5b00000)
 ParOldGen       total 598528K, used 598152K [0x0000000080000000, 0x00000000a4880000, 0x00000000d5580000)
  object space 598528K, 99% used [0x0000000080000000,0x00000000a4822190,0x00000000a4880000)
 Metaspace       used 82471K, committed 84160K, reserved 1179648K
  class space    used 9856K, committed 10560K, reserved 1048576K
}
Event: 86.041 GC heap after
{Heap after GC invocations=822 (full 4):
 PSYoungGen      total 5120K, used 192K [0x00000000d5580000, 0x00000000d5b00000, 0x0000000100000000)
  eden space 4608K, 0% used [0x00000000d5580000,0x00000000d5580000,0x00000000d5a00000)
  from space 512K, 37% used [0x00000000d5a80000,0x00000000d5ab0000,0x00000000d5b00000)
  to   space 512K, 0% used [0x00000000d5a00000,0x00000000d5a00000,0x00000000d5a80000)
 ParOldGen       total 598528K, used 598192K [0x0000000080000000, 0x00000000a4880000, 0x00000000d5580000)
  object space 598528K, 99% used [0x0000000080000000,0x00000000a482c190,0x00000000a4880000)
 Metaspace       used 82471K, committed 84160K, reserved 1179648K
  class space    used 9856K, committed 10560K, reserved 1048576K
}
Event: 95.076 GC heap before
{Heap before GC invocations=823 (full 4):
 PSYoungGen      total 5120K, used 4800K [0x00000000d5580000, 0x00000000d5b00000, 0x0000000100000000)
  eden space 4608K, 100% used [0x00000000d5580000,0x00000000d5a00000,0x00000000d5a00000)
  from space 512K, 37% used [0x00000000d5a80000,0x00000000d5ab0000,0x00000000d5b00000)
  to   space 512K, 0% used [0x00000000d5a00000,0x00000000d5a00000,0x00000000d5a80000)
 ParOldGen       total 598528K, used 598192K [0x0000000080000000, 0x00000000a4880000, 0x00000000d5580000)
  object space 598528K, 99% used [0x0000000080000000,0x00000000a482c190,0x00000000a4880000)
 Metaspace       used 82553K, committed 84160K, reserved 1179648K
  class space    used 9873K, committed 10560K, reserved 1048576K
}
Event: 95.080 GC heap after
{Heap after GC invocations=823 (full 4):
 PSYoungGen      total 5120K, used 224K [0x00000000d5580000, 0x00000000d5b00000, 0x0000000100000000)
  eden space 4608K, 0% used [0x00000000d5580000,0x00000000d5580000,0x00000000d5a00000)
  from space 512K, 43% used [0x00000000d5a00000,0x00000000d5a38000,0x00000000d5a80000)
  to   space 512K, 0% used [0x00000000d5a80000,0x00000000d5a80000,0x00000000d5b00000)
 ParOldGen       total 598528K, used 598240K [0x0000000080000000, 0x00000000a4880000, 0x00000000d5580000)
  object space 598528K, 99% used [0x0000000080000000,0x00000000a4838190,0x00000000a4880000)
 Metaspace       used 82553K, committed 84160K, reserved 1179648K
  class space    used 9873K, committed 10560K, reserved 1048576K
}
Event: 110.387 GC heap before
{Heap before GC invocations=824 (full 4):
 PSYoungGen      total 5120K, used 4817K [0x00000000d5580000, 0x00000000d5b00000, 0x0000000100000000)
  eden space 4608K, 99% used [0x00000000d5580000,0x00000000d59fc790,0x00000000d5a00000)
  from space 512K, 43% used [0x00000000d5a00000,0x00000000d5a38000,0x00000000d5a80000)
  to   space 512K, 0% used [0x00000000d5a80000,0x00000000d5a80000,0x00000000d5b00000)
 ParOldGen       total 598528K, used 598240K [0x0000000080000000, 0x00000000a4880000, 0x00000000d5580000)
  object space 598528K, 99% used [0x0000000080000000,0x00000000a4838190,0x00000000a4880000)
 Metaspace       used 82575K, committed 84224K, reserved 1179648K
  class space    used 9877K, committed 10560K, reserved 1048576K
}
Event: 110.388 GC heap after
{Heap after GC invocations=824 (full 4):
 PSYoungGen      total 4608K, used 512K [0x00000000d5580000, 0x00000000d5c00000, 0x0000000100000000)
  eden space 4096K, 0% used [0x00000000d5580000,0x00000000d5580000,0x00000000d5980000)
  from space 512K, 100% used [0x00000000d5a80000,0x00000000d5b00000,0x00000000d5b00000)
  to   space 1024K, 0% used [0x00000000d5980000,0x00000000d5980000,0x00000000d5a80000)
 ParOldGen       total 598528K, used 598400K [0x0000000080000000, 0x00000000a4880000, 0x00000000d5580000)
  object space 598528K, 99% used [0x0000000080000000,0x00000000a48601c0,0x00000000a4880000)
 Metaspace       used 82575K, committed 84224K, reserved 1179648K
  class space    used 9877K, committed 10560K, reserved 1048576K
}
Event: 110.461 GC heap before
{Heap before GC invocations=825 (full 4):
 PSYoungGen      total 4608K, used 4607K [0x00000000d5580000, 0x00000000d5c00000, 0x0000000100000000)
  eden space 4096K, 99% used [0x00000000d5580000,0x00000000d597fff8,0x00000000d5980000)
  from space 512K, 100% used [0x00000000d5a80000,0x00000000d5b00000,0x00000000d5b00000)
  to   space 1024K, 0% used [0x00000000d5980000,0x00000000d5980000,0x00000000d5a80000)
 ParOldGen       total 598528K, used 598400K [0x0000000080000000, 0x00000000a4880000, 0x00000000d5580000)
  object space 598528K, 99% used [0x0000000080000000,0x00000000a48601c0,0x00000000a4880000)
 Metaspace       used 82663K, committed 84416K, reserved 1179648K
  class space    used 9893K, committed 10624K, reserved 1048576K
}
Event: 110.464 GC heap after
{Heap after GC invocations=825 (full 4):
 PSYoungGen      total 5120K, used 256K [0x00000000d5580000, 0x00000000d5b00000, 0x0000000100000000)
  eden space 4096K, 0% used [0x00000000d5580000,0x00000000d5580000,0x00000000d5980000)
  from space 1024K, 25% used [0x00000000d5980000,0x00000000d59c0000,0x00000000d5a80000)
  to   space 512K, 0% used [0x00000000d5a80000,0x00000000d5a80000,0x00000000d5b00000)
 ParOldGen       total 599040K, used 598848K [0x0000000080000000, 0x00000000a4900000, 0x00000000d5580000)
  object space 599040K, 99% used [0x0000000080000000,0x00000000a48d01e0,0x00000000a4900000)
 Metaspace       used 82663K, committed 84416K, reserved 1179648K
  class space    used 9893K, committed 10624K, reserved 1048576K
}

