# JRE version: OpenJDK Runtime Environment Temurin-21.0.10+7 (21.0.10+7) (build 21.0.10+7-LTS)
# Java VM: OpenJDK 64-Bit Server VM Temurin-21.0.10+7 (21.0.10+7-LTS, mixed mode, sharing, tiered, compressed oops, compressed class ptrs, g1 gc, windows-amd64)
GC Precious Log:
 CardTable entry size: 512
 Card Set container configuration: InlinePtr #cards 5 size 8 Array Of Cards #cards 12 size 40 Howl #buckets 4 coarsen threshold 1843 Howl Bitmap #cards 512 size 80 coarsen threshold 460 Card regions per heap region 1 cards per card region 2048
 CPUs: 8 total, 8 available
 Memory: 7976M
 Large Page Support: Disabled
 NUMA Support: Disabled
 Compressed Oops: Enabled (32-bit)
 Heap Region Size: 1M
 Heap Min Capacity: 512M
 Heap Initial Capacity: 512M
 Heap Max Capacity: 1G
 Pre-touch: Disabled
 Parallel Workers: 8
 Concurrent Workers: 2
 Concurrent Refinement Workers: 8
 Periodic GC: Disabled
Heap:
 garbage-first heap   total 524288K, used 143142K [0x00000000c0000000, 0x0000000100000000)
  region size 1024K, 117 young (119808K), 8 survivors (8192K)
 Metaspace       used 47555K, committed 49408K, reserved 1114112K
  class space    used 7101K, committed 8000K, reserved 1048576K
GC Heap History (12 events):
Event: 1.128 GC heap before
{Heap before GC invocations=0 (full 0):
 garbage-first heap   total 524288K, used 28672K [0x00000000c0000000, 0x0000000100000000)
  region size 1024K, 25 young (25600K), 0 survivors (0K)
 Metaspace       used 3227K, committed 3392K, reserved 1114112K
  class space    used 399K, committed 448K, reserved 1048576K
}
Event: 1.135 GC heap after
{Heap after GC invocations=1 (full 0):
 garbage-first heap   total 524288K, used 11376K [0x00000000c0000000, 0x0000000100000000)
  region size 1024K, 4 young (4096K), 4 survivors (4096K)
 Metaspace       used 3227K, committed 3392K, reserved 1114112K
  class space    used 399K, committed 448K, reserved 1048576K
}
Event: 17.466 GC heap before
{Heap before GC invocations=1 (full 0):
 garbage-first heap   total 524288K, used 42096K [0x00000000c0000000, 0x0000000100000000)
  region size 1024K, 33 young (33792K), 4 survivors (4096K)
 Metaspace       used 4665K, committed 4864K, reserved 1114112K
  class space    used 592K, committed 704K, reserved 1048576K
}
Event: 17.469 GC heap after
{Heap after GC invocations=2 (full 0):
 garbage-first heap   total 524288K, used 16603K [0x00000000c0000000, 0x0000000100000000)
  region size 1024K, 5 young (5120K), 5 survivors (5120K)
 Metaspace       used 4665K, committed 4864K, reserved 1114112K
  class space    used 592K, committed 704K, reserved 1048576K
}
Event: 21.485 GC heap before
{Heap before GC invocations=2 (full 0):
 garbage-first heap   total 524288K, used 125147K [0x00000000c0000000, 0x0000000100000000)
  region size 1024K, 112 young (114688K), 5 survivors (5120K)
 Metaspace       used 20883K, committed 21504K, reserved 1114112K
  class space    used 3007K, committed 3328K, reserved 1048576K
}
Event: 21.498 GC heap after
{Heap after GC invocations=3 (full 0):
 garbage-first heap   total 524288K, used 24906K [0x00000000c0000000, 0x0000000100000000)
  region size 1024K, 13 young (13312K), 13 survivors (13312K)
 Metaspace       used 20883K, committed 21504K, reserved 1114112K
  class space    used 3007K, committed 3328K, reserved 1048576K
}
Event: 24.583 GC heap before
{Heap before GC invocations=4 (full 0):
 garbage-first heap   total 524288K, used 123210K [0x00000000c0000000, 0x0000000100000000)
  region size 1024K, 111 young (113664K), 13 survivors (13312K)
 Metaspace       used 34711K, committed 36096K, reserved 1114112K
  class space    used 5137K, committed 5824K, reserved 1048576K
}
Event: 24.600 GC heap after
{Heap after GC invocations=5 (full 0):
 garbage-first heap   total 524288K, used 31585K [0x00000000c0000000, 0x0000000100000000)
  region size 1024K, 15 young (15360K), 15 survivors (15360K)
 Metaspace       used 34711K, committed 36096K, reserved 1114112K
  class space    used 5137K, committed 5824K, reserved 1048576K
}
Event: 24.695 GC heap before
{Heap before GC invocations=5 (full 0):
 garbage-first heap   total 524288K, used 32609K [0x00000000c0000000, 0x0000000100000000)
  region size 1024K, 17 young (17408K), 15 survivors (15360K)
 Metaspace       used 34999K, committed 36416K, reserved 1114112K
  class space    used 5177K, committed 5888K, reserved 1048576K
}
Event: 24.712 GC heap after
{Heap after GC invocations=6 (full 0):
 garbage-first heap   total 524288K, used 31636K [0x00000000c0000000, 0x0000000100000000)
  region size 1024K, 8 young (8192K), 8 survivors (8192K)
 Metaspace       used 34999K, committed 36416K, reserved 1114112K
  class space    used 5177K, committed 5888K, reserved 1048576K
}
Event: 24.934 GC heap before
{Heap before GC invocations=6 (full 0):
 garbage-first heap   total 524288K, used 34708K [0x00000000c0000000, 0x0000000100000000)
  region size 1024K, 12 young (12288K), 8 survivors (8192K)
 Metaspace       used 35377K, committed 36736K, reserved 1114112K
  class space    used 5229K, committed 5888K, reserved 1048576K
}
Event: 24.942 GC heap after
{Heap after GC invocations=7 (full 0):
 garbage-first heap   total 524288K, used 31526K [0x00000000c0000000, 0x0000000100000000)
  region size 1024K, 8 young (8192K), 8 survivors (8192K)
 Metaspace       used 35377K, committed 36736K, reserved 1114112K
  class space    used 5229K, committed 5888K, reserved 1048576K
}

